2023-07-10 16:17:33.632 [info] Log level: Info
2023-07-10 16:17:33.632 [info] Validating found git in: "git"
2023-07-10 16:17:33.632 [info] Using git "2.41.0" from "git"
2023-07-10 16:17:33.632 [info] > git rev-parse --show-toplevel [23ms]
2023-07-10 16:17:33.632 [info] fatal: not a git repository (or any parent up to mount point /)
Stopping at filesystem boundary (GIT_DISCOVERY_ACROSS_FILESYSTEM not set).
2023-07-10 16:17:33.645 [info] > git rev-parse --show-toplevel [18ms]
2023-07-10 16:17:33.645 [info] fatal: not a git repository (or any parent up to mount point /)
Stopping at filesystem boundary (GIT_DISCOVERY_ACROSS_FILESYSTEM not set).
2023-07-10 16:17:33.658 [info] > git rev-parse --show-toplevel [4ms]
2023-07-10 16:17:33.658 [info] fatal: not a git repository (or any parent up to mount point /)
Stopping at filesystem boundary (GIT_DISCOVERY_ACROSS_FILESYSTEM not set).
2023-07-10 16:17:33.801 [info] > git rev-parse --show-toplevel [121ms]
2023-07-10 16:17:33.801 [info] fatal: not a git repository (or any parent up to mount point /)
Stopping at filesystem boundary (GIT_DISCOVERY_ACROSS_FILESYSTEM not set).
2023-07-10 16:17:33.929 [info] > git rev-parse --show-toplevel [96ms]
2023-07-10 16:17:33.929 [info] fatal: not a git repository (or any parent up to mount point /)
Stopping at filesystem boundary (GIT_DISCOVERY_ACROSS_FILESYSTEM not set).
2023-07-10 16:17:33.946 [info] > git rev-parse --show-toplevel [3ms]
2023-07-10 16:17:33.946 [info] fatal: not a git repository (or any parent up to mount point /)
Stopping at filesystem boundary (GIT_DISCOVERY_ACROSS_FILESYSTEM not set).
2023-07-10 16:17:33.958 [info] > git rev-parse --show-toplevel [2ms]
2023-07-10 16:17:33.958 [info] fatal: not a git repository (or any parent up to mount point /)
Stopping at filesystem boundary (GIT_DISCOVERY_ACROSS_FILESYSTEM not set).
2023-07-10 16:17:33.967 [info] > git rev-parse --show-toplevel [4ms]
2023-07-10 16:17:33.967 [info] fatal: not a git repository (or any parent up to mount point /)
Stopping at filesystem boundary (GIT_DISCOVERY_ACROSS_FILESYSTEM not set).
2023-07-10 16:17:33.985 [info] > git rev-parse --show-toplevel [6ms]
2023-07-10 16:17:33.985 [info] fatal: not a git repository (or any parent up to mount point /)
Stopping at filesystem boundary (GIT_DISCOVERY_ACROSS_FILESYSTEM not set).
2023-07-10 16:17:33.995 [info] > git rev-parse --show-toplevel [1ms]
2023-07-10 16:17:33.995 [info] fatal: not a git repository (or any parent up to mount point /)
Stopping at filesystem boundary (GIT_DISCOVERY_ACROSS_FILESYSTEM not set).
2023-07-10 16:17:34.083 [info] > git rev-parse --show-toplevel [73ms]
2023-07-10 16:17:34.083 [info] fatal: not a git repository (or any parent up to mount point /)
Stopping at filesystem boundary (GIT_DISCOVERY_ACROSS_FILESYSTEM not set).
2023-07-10 16:17:34.108 [info] > git rev-parse --show-toplevel [15ms]
2023-07-10 16:17:34.108 [info] fatal: not a git repository (or any parent up to mount point /)
Stopping at filesystem boundary (GIT_DISCOVERY_ACROSS_FILESYSTEM not set).
2023-07-10 16:17:34.122 [info] > git rev-parse --show-toplevel [6ms]
2023-07-10 16:17:34.122 [info] fatal: not a git repository (or any parent up to mount point /)
Stopping at filesystem boundary (GIT_DISCOVERY_ACROSS_FILESYSTEM not set).
2023-07-10 16:17:34.140 [info] > git rev-parse --show-toplevel [8ms]
2023-07-10 16:17:34.156 [info] > git rev-parse --git-dir --git-common-dir [3ms]
2023-07-10 16:17:34.181 [info] Open repository: /home/ludvary-Fomalhaut/.oh-my-zsh
2023-07-10 16:17:34.210 [info] > git rev-parse --show-toplevel [15ms]
2023-07-10 16:17:34.210 [info] fatal: not a git repository (or any parent up to mount point /)
Stopping at filesystem boundary (GIT_DISCOVERY_ACROSS_FILESYSTEM not set).
2023-07-10 16:17:34.223 [info] > git config --get commit.template [14ms]
2023-07-10 16:17:34.233 [info] > git rev-parse --show-toplevel [14ms]
2023-07-10 16:17:34.233 [info] fatal: not a git repository (or any parent up to mount point /)
Stopping at filesystem boundary (GIT_DISCOVERY_ACROSS_FILESYSTEM not set).
2023-07-10 16:17:34.255 [info] > git for-each-ref --format=%(refname)%00%(upstream:short)%00%(objectname)%00%(upstream:track)%00%(upstream:remotename)%00%(upstream:remoteref) refs/heads/master refs/remotes/master [24ms]
2023-07-10 16:17:34.302 [info] > git rev-parse --show-toplevel [52ms]
2023-07-10 16:17:34.302 [info] fatal: not a git repository (or any parent up to mount point /)
Stopping at filesystem boundary (GIT_DISCOVERY_ACROSS_FILESYSTEM not set).
2023-07-10 16:17:34.314 [info] > git rev-parse --show-toplevel [1ms]
2023-07-10 16:17:34.314 [info] fatal: not a git repository (or any parent up to mount point /)
Stopping at filesystem boundary (GIT_DISCOVERY_ACROSS_FILESYSTEM not set).
2023-07-10 16:17:34.328 [info] > git rev-parse --show-toplevel [6ms]
2023-07-10 16:17:34.328 [info] fatal: not a git repository (or any parent up to mount point /)
Stopping at filesystem boundary (GIT_DISCOVERY_ACROSS_FILESYSTEM not set).
2023-07-10 16:17:34.345 [info] > git status -z -uall [80ms]
2023-07-10 16:17:34.381 [info] > git rev-parse --show-toplevel [38ms]
2023-07-10 16:17:34.381 [info] fatal: not a git repository (or any parent up to mount point /)
Stopping at filesystem boundary (GIT_DISCOVERY_ACROSS_FILESYSTEM not set).
2023-07-10 16:17:34.405 [info] > git rev-parse --show-toplevel [12ms]
2023-07-10 16:17:34.406 [info] fatal: not a git repository (or any parent up to mount point /)
Stopping at filesystem boundary (GIT_DISCOVERY_ACROSS_FILESYSTEM not set).
2023-07-10 16:17:34.420 [info] > git config --get commit.template [39ms]
2023-07-10 16:17:34.422 [info] > git rev-parse --show-toplevel [4ms]
2023-07-10 16:17:34.422 [info] fatal: not a git repository (or any parent up to mount point /)
Stopping at filesystem boundary (GIT_DISCOVERY_ACROSS_FILESYSTEM not set).
2023-07-10 16:17:34.449 [info] > git rev-parse --show-toplevel [23ms]
2023-07-10 16:17:34.449 [info] fatal: not a git repository (or any parent up to mount point /)
Stopping at filesystem boundary (GIT_DISCOVERY_ACROSS_FILESYSTEM not set).
2023-07-10 16:17:34.461 [info] > git rev-parse --show-toplevel [5ms]
2023-07-10 16:17:34.461 [info] fatal: not a git repository (or any parent up to mount point /)
Stopping at filesystem boundary (GIT_DISCOVERY_ACROSS_FILESYSTEM not set).
2023-07-10 16:17:34.467 [info] > git for-each-ref --format=%(refname)%00%(upstream:short)%00%(objectname)%00%(upstream:track)%00%(upstream:remotename)%00%(upstream:remoteref) refs/heads/master refs/remotes/master [19ms]
2023-07-10 16:17:34.480 [info] > git rev-parse --show-toplevel [14ms]
2023-07-10 16:17:34.480 [info] fatal: not a git repository (or any parent up to mount point /)
Stopping at filesystem boundary (GIT_DISCOVERY_ACROSS_FILESYSTEM not set).
2023-07-10 16:17:34.499 [info] > git rev-parse --show-toplevel [2ms]
2023-07-10 16:17:34.499 [info] fatal: not a git repository (or any parent up to mount point /)
Stopping at filesystem boundary (GIT_DISCOVERY_ACROSS_FILESYSTEM not set).
2023-07-10 16:17:34.521 [info] > git rev-parse --show-toplevel [9ms]
2023-07-10 16:17:34.521 [info] fatal: not a git repository (or any parent up to mount point /)
Stopping at filesystem boundary (GIT_DISCOVERY_ACROSS_FILESYSTEM not set).
2023-07-10 16:17:34.554 [info] > git rev-parse --show-toplevel [8ms]
2023-07-10 16:17:34.579 [info] > git status -z -uall [100ms]
2023-07-10 16:17:34.598 [info] > git rev-parse --git-dir --git-common-dir [19ms]
2023-07-10 16:17:34.604 [info] Open repository: /home/ludvary-Fomalhaut/everforest-kitty
2023-07-10 16:17:34.661 [info] > git config --get commit.template [1ms]
2023-07-10 16:17:34.661 [info] > git rev-parse --show-toplevel [16ms]
2023-07-10 16:17:34.680 [info] > git rev-parse --git-dir --git-common-dir [4ms]
2023-07-10 16:17:34.700 [info] Open repository: /home/ludvary-Fomalhaut/i3lock-fancy
2023-07-10 16:17:34.792 [info] > git rev-parse --show-toplevel [64ms]
2023-07-10 16:17:34.810 [info] > git config --get commit.template [22ms]
2023-07-10 16:17:34.811 [info] > git for-each-ref --format=%(refname)%00%(upstream:short)%00%(objectname)%00%(upstream:track)%00%(upstream:remotename)%00%(upstream:remoteref) refs/heads/main refs/remotes/main [36ms]
2023-07-10 16:17:34.826 [info] > git rev-parse --git-dir --git-common-dir [27ms]
2023-07-10 16:17:34.833 [info] Open repository: /home/ludvary-Fomalhaut/mygit
2023-07-10 16:17:34.898 [info] > git status -z -uall [74ms]
2023-07-10 16:17:34.944 [info] > git config --get commit.template [46ms]
2023-07-10 16:17:34.945 [info] > git for-each-ref --format=%(refname)%00%(upstream:short)%00%(objectname)%00%(upstream:track)%00%(upstream:remotename)%00%(upstream:remoteref) refs/heads/master refs/remotes/master [80ms]
2023-07-10 16:17:34.960 [info] > git rev-parse --show-toplevel [104ms]
2023-07-10 16:17:34.960 [info] fatal: not a git repository (or any parent up to mount point /)
Stopping at filesystem boundary (GIT_DISCOVERY_ACROSS_FILESYSTEM not set).
2023-07-10 16:17:34.980 [info] > git config --get commit.template [37ms]
2023-07-10 16:17:35.018 [info] > git status -z -uall [57ms]
2023-07-10 16:17:35.028 [info] > git rev-parse --show-toplevel [50ms]
2023-07-10 16:17:35.028 [info] fatal: not a git repository (or any parent up to mount point /)
Stopping at filesystem boundary (GIT_DISCOVERY_ACROSS_FILESYSTEM not set).
2023-07-10 16:17:35.061 [info] > git for-each-ref --format=%(refname)%00%(upstream:short)%00%(objectname)%00%(upstream:track)%00%(upstream:remotename)%00%(upstream:remoteref) refs/heads/main refs/remotes/main [44ms]
2023-07-10 16:17:35.079 [info] > git for-each-ref --format=%(refname)%00%(upstream:short)%00%(objectname)%00%(upstream:track)%00%(upstream:remotename)%00%(upstream:remoteref) refs/heads/main refs/remotes/main [78ms]
2023-07-10 16:17:35.113 [info] > git status -z -uall [36ms]
2023-07-10 16:17:35.116 [info] > git config --get commit.template [56ms]
2023-07-10 16:17:35.117 [info] > git rev-parse --show-toplevel [68ms]
2023-07-10 16:17:35.129 [info] > git status -z -uall [18ms]
2023-07-10 16:17:35.164 [info] > git for-each-ref --format=%(refname)%00%(upstream:short)%00%(objectname)%00%(upstream:track)%00%(upstream:remotename)%00%(upstream:remoteref) refs/heads/master refs/remotes/master [15ms]
2023-07-10 16:17:35.184 [info] > git rev-parse --git-dir --git-common-dir [56ms]
2023-07-10 16:17:35.190 [info] Open repository: /home/ludvary-Fomalhaut/zsh-syntax-highlighting
2023-07-10 16:17:35.226 [info] > git status -z -uall [46ms]
2023-07-10 16:17:35.226 [info] > git config --get commit.template [66ms]
2023-07-10 16:17:35.254 [info] > git config --get commit.template [28ms]
2023-07-10 16:17:35.267 [info] > git for-each-ref --format=%(refname)%00%(upstream:short)%00%(objectname)%00%(upstream:track)%00%(upstream:remotename)%00%(upstream:remoteref) refs/heads/main refs/remotes/main [23ms]
2023-07-10 16:17:35.320 [info] > git for-each-ref --format=%(refname)%00%(upstream:short)%00%(objectname)%00%(upstream:track)%00%(upstream:remotename)%00%(upstream:remoteref) refs/heads/master refs/remotes/master [54ms]
2023-07-10 16:17:35.350 [info] > git status -z -uall [35ms]
2023-07-10 16:17:35.390 [info] > git status -z -uall [41ms]
2023-07-10 16:17:35.417 [info] > git config --get commit.template [10ms]
2023-07-10 16:17:35.419 [info] > git for-each-ref --format=%(refname)%00%(upstream:short)%00%(objectname)%00%(upstream:track)%00%(upstream:remotename)%00%(upstream:remoteref) refs/heads/master refs/remotes/master [3ms]
2023-07-10 16:17:35.450 [info] > git status -z -uall [20ms]
2023-07-10 16:17:36.029 [info] > git check-ignore -v -z --stdin [40ms]
2023-07-10 16:17:36.031 [info] > git check-ignore -v -z --stdin [33ms]
2023-07-10 16:17:36.031 [info] > git check-ignore -v -z --stdin [22ms]
2023-07-10 16:17:36.031 [info] > git check-ignore -v -z --stdin [14ms]
2023-07-10 16:17:36.032 [info] > git check-ignore -v -z --stdin [7ms]
