2023-07-10 16:14:13.945 [info] Log level: Info
2023-07-10 16:14:13.945 [info] Validating found git in: "git"
2023-07-10 16:14:13.945 [info] Using git "2.41.0" from "git"
2023-07-10 16:14:13.945 [info] > git rev-parse --show-toplevel [95ms]
2023-07-10 16:14:13.945 [info] fatal: not a git repository (or any parent up to mount point /)
Stopping at filesystem boundary (GIT_DISCOVERY_ACROSS_FILESYSTEM not set).
2023-07-10 16:14:13.945 [info] > git rev-parse --show-toplevel [77ms]
2023-07-10 16:14:13.945 [info] fatal: not a git repository (or any parent up to mount point /)
Stopping at filesystem boundary (GIT_DISCOVERY_ACROSS_FILESYSTEM not set).
2023-07-10 16:14:13.945 [info] > git rev-parse --show-toplevel [11ms]
2023-07-10 16:14:13.945 [info] fatal: not a git repository (or any parent up to mount point /)
Stopping at filesystem boundary (GIT_DISCOVERY_ACROSS_FILESYSTEM not set).
2023-07-10 16:14:13.945 [info] > git rev-parse --show-toplevel [2ms]
2023-07-10 16:14:13.945 [info] fatal: not a git repository (or any parent up to mount point /)
Stopping at filesystem boundary (GIT_DISCOVERY_ACROSS_FILESYSTEM not set).
2023-07-10 16:14:13.957 [info] > git rev-parse --show-toplevel [13ms]
2023-07-10 16:14:13.957 [info] fatal: not a git repository (or any parent up to mount point /)
Stopping at filesystem boundary (GIT_DISCOVERY_ACROSS_FILESYSTEM not set).
2023-07-10 16:14:13.975 [info] > git rev-parse --show-toplevel [13ms]
2023-07-10 16:14:13.975 [info] fatal: not a git repository (or any parent up to mount point /)
Stopping at filesystem boundary (GIT_DISCOVERY_ACROSS_FILESYSTEM not set).
2023-07-10 16:14:13.982 [info] > git rev-parse --show-toplevel [2ms]
2023-07-10 16:14:13.982 [info] fatal: not a git repository (or any parent up to mount point /)
Stopping at filesystem boundary (GIT_DISCOVERY_ACROSS_FILESYSTEM not set).
2023-07-10 16:14:13.993 [info] > git rev-parse --show-toplevel [3ms]
2023-07-10 16:14:13.993 [info] fatal: not a git repository (or any parent up to mount point /)
Stopping at filesystem boundary (GIT_DISCOVERY_ACROSS_FILESYSTEM not set).
2023-07-10 16:14:14.000 [info] > git rev-parse --show-toplevel [2ms]
2023-07-10 16:14:14.000 [info] fatal: not a git repository (or any parent up to mount point /)
Stopping at filesystem boundary (GIT_DISCOVERY_ACROSS_FILESYSTEM not set).
2023-07-10 16:14:14.022 [info] > git rev-parse --show-toplevel [3ms]
2023-07-10 16:14:14.022 [info] fatal: not a git repository (or any parent up to mount point /)
Stopping at filesystem boundary (GIT_DISCOVERY_ACROSS_FILESYSTEM not set).
2023-07-10 16:14:14.042 [info] > git rev-parse --show-toplevel [4ms]
2023-07-10 16:14:14.042 [info] fatal: not a git repository (or any parent up to mount point /)
Stopping at filesystem boundary (GIT_DISCOVERY_ACROSS_FILESYSTEM not set).
2023-07-10 16:14:14.054 [info] > git rev-parse --show-toplevel [4ms]
2023-07-10 16:14:14.054 [info] fatal: not a git repository (or any parent up to mount point /)
Stopping at filesystem boundary (GIT_DISCOVERY_ACROSS_FILESYSTEM not set).
2023-07-10 16:14:14.062 [info] > git rev-parse --show-toplevel [1ms]
2023-07-10 16:14:14.062 [info] fatal: not a git repository (or any parent up to mount point /)
Stopping at filesystem boundary (GIT_DISCOVERY_ACROSS_FILESYSTEM not set).
2023-07-10 16:14:14.078 [info] > git rev-parse --show-toplevel [2ms]
2023-07-10 16:14:14.094 [info] > git rev-parse --git-dir --git-common-dir [1ms]
2023-07-10 16:14:14.120 [info] Open repository: /home/ludvary-Fomalhaut/.oh-my-zsh
2023-07-10 16:14:14.155 [info] > git config --get commit.template [11ms]
2023-07-10 16:14:14.155 [info] > git rev-parse --show-toplevel [25ms]
2023-07-10 16:14:14.155 [info] fatal: not a git repository (or any parent up to mount point /)
Stopping at filesystem boundary (GIT_DISCOVERY_ACROSS_FILESYSTEM not set).
2023-07-10 16:14:14.163 [info] > git rev-parse --show-toplevel [2ms]
2023-07-10 16:14:14.163 [info] fatal: not a git repository (or any parent up to mount point /)
Stopping at filesystem boundary (GIT_DISCOVERY_ACROSS_FILESYSTEM not set).
2023-07-10 16:14:14.193 [info] > git rev-parse --show-toplevel [17ms]
2023-07-10 16:14:14.193 [info] fatal: not a git repository (or any parent up to mount point /)
Stopping at filesystem boundary (GIT_DISCOVERY_ACROSS_FILESYSTEM not set).
2023-07-10 16:14:14.209 [info] > git rev-parse --show-toplevel [8ms]
2023-07-10 16:14:14.209 [info] fatal: not a git repository (or any parent up to mount point /)
Stopping at filesystem boundary (GIT_DISCOVERY_ACROSS_FILESYSTEM not set).
2023-07-10 16:14:14.222 [info] > git for-each-ref --format=%(refname)%00%(upstream:short)%00%(objectname)%00%(upstream:track)%00%(upstream:remotename)%00%(upstream:remoteref) refs/heads/master refs/remotes/master [31ms]
2023-07-10 16:14:14.239 [info] > git rev-parse --show-toplevel [19ms]
2023-07-10 16:14:14.239 [info] fatal: not a git repository (or any parent up to mount point /)
Stopping at filesystem boundary (GIT_DISCOVERY_ACROSS_FILESYSTEM not set).
2023-07-10 16:14:14.259 [info] > git rev-parse --show-toplevel [2ms]
2023-07-10 16:14:14.259 [info] fatal: not a git repository (or any parent up to mount point /)
Stopping at filesystem boundary (GIT_DISCOVERY_ACROSS_FILESYSTEM not set).
2023-07-10 16:14:14.271 [info] > git rev-parse --show-toplevel [4ms]
2023-07-10 16:14:14.271 [info] fatal: not a git repository (or any parent up to mount point /)
Stopping at filesystem boundary (GIT_DISCOVERY_ACROSS_FILESYSTEM not set).
2023-07-10 16:14:14.282 [info] > git rev-parse --show-toplevel [1ms]
2023-07-10 16:14:14.282 [info] fatal: not a git repository (or any parent up to mount point /)
Stopping at filesystem boundary (GIT_DISCOVERY_ACROSS_FILESYSTEM not set).
2023-07-10 16:14:14.300 [info] > git rev-parse --show-toplevel [2ms]
2023-07-10 16:14:14.300 [info] fatal: not a git repository (or any parent up to mount point /)
Stopping at filesystem boundary (GIT_DISCOVERY_ACROSS_FILESYSTEM not set).
2023-07-10 16:14:14.315 [info] > git rev-parse --show-toplevel [3ms]
2023-07-10 16:14:14.315 [info] fatal: not a git repository (or any parent up to mount point /)
Stopping at filesystem boundary (GIT_DISCOVERY_ACROSS_FILESYSTEM not set).
2023-07-10 16:14:14.328 [info] > git rev-parse --show-toplevel [2ms]
2023-07-10 16:14:14.328 [info] fatal: not a git repository (or any parent up to mount point /)
Stopping at filesystem boundary (GIT_DISCOVERY_ACROSS_FILESYSTEM not set).
2023-07-10 16:14:14.359 [info] > git rev-parse --show-toplevel [18ms]
2023-07-10 16:14:14.359 [info] fatal: not a git repository (or any parent up to mount point /)
Stopping at filesystem boundary (GIT_DISCOVERY_ACROSS_FILESYSTEM not set).
2023-07-10 16:14:14.374 [info] > git rev-parse --show-toplevel [7ms]
2023-07-10 16:14:14.374 [info] fatal: not a git repository (or any parent up to mount point /)
Stopping at filesystem boundary (GIT_DISCOVERY_ACROSS_FILESYSTEM not set).
2023-07-10 16:14:14.383 [info] > git rev-parse --show-toplevel [2ms]
2023-07-10 16:14:14.393 [info] > git rev-parse --git-dir --git-common-dir [1ms]
2023-07-10 16:14:14.398 [info] Open repository: /home/ludvary-Fomalhaut/everforest-kitty
2023-07-10 16:14:14.433 [info] > git rev-parse --show-toplevel [11ms]
2023-07-10 16:14:14.449 [info] > git config --get commit.template [19ms]
2023-07-10 16:14:14.463 [info] > git rev-parse --git-dir --git-common-dir [14ms]
2023-07-10 16:14:14.487 [info] Open repository: /home/ludvary-Fomalhaut/i3lock-fancy
2023-07-10 16:14:14.512 [info] > git status -z -uall [280ms]
2023-07-10 16:14:14.513 [info] > git rev-parse --show-toplevel [16ms]
2023-07-10 16:14:14.522 [info] > git for-each-ref --format=%(refname)%00%(upstream:short)%00%(objectname)%00%(upstream:track)%00%(upstream:remotename)%00%(upstream:remoteref) refs/heads/main refs/remotes/main [60ms]
2023-07-10 16:14:14.567 [info] > git status -z -uall [40ms]
2023-07-10 16:14:14.578 [info] > git rev-parse --git-dir --git-common-dir [57ms]
2023-07-10 16:14:14.584 [info] Open repository: /home/ludvary-Fomalhaut/mygit
2023-07-10 16:14:14.596 [info] > git config --get commit.template [86ms]
2023-07-10 16:14:14.621 [info] > git rev-parse --show-toplevel [26ms]
2023-07-10 16:14:14.621 [info] fatal: not a git repository (or any parent up to mount point /)
Stopping at filesystem boundary (GIT_DISCOVERY_ACROSS_FILESYSTEM not set).
2023-07-10 16:14:14.627 [info] > git config --get commit.template [60ms]
2023-07-10 16:14:14.647 [info] > git rev-parse --show-toplevel [21ms]
2023-07-10 16:14:14.647 [info] fatal: not a git repository (or any parent up to mount point /)
Stopping at filesystem boundary (GIT_DISCOVERY_ACROSS_FILESYSTEM not set).
2023-07-10 16:14:14.655 [info] > git config --get commit.template [35ms]
2023-07-10 16:14:14.655 [info] > git config --get commit.template [45ms]
2023-07-10 16:14:14.661 [info] > git for-each-ref --format=%(refname)%00%(upstream:short)%00%(objectname)%00%(upstream:track)%00%(upstream:remotename)%00%(upstream:remoteref) refs/heads/master refs/remotes/master [18ms]
2023-07-10 16:14:14.691 [info] > git status -z -uall [21ms]
2023-07-10 16:14:14.691 [info] > git for-each-ref --format=%(refname)%00%(upstream:short)%00%(objectname)%00%(upstream:track)%00%(upstream:remotename)%00%(upstream:remoteref) refs/heads/master refs/remotes/master [31ms]
2023-07-10 16:14:14.697 [info] > git rev-parse --show-toplevel [42ms]
2023-07-10 16:14:14.711 [info] > git rev-parse --git-dir --git-common-dir [2ms]
2023-07-10 16:14:14.724 [info] Open repository: /home/ludvary-Fomalhaut/zsh-syntax-highlighting
2023-07-10 16:14:14.727 [info] > git for-each-ref --format=%(refname)%00%(upstream:short)%00%(objectname)%00%(upstream:track)%00%(upstream:remotename)%00%(upstream:remoteref) refs/heads/main refs/remotes/main [36ms]
2023-07-10 16:14:14.737 [info] > git for-each-ref --format=%(refname)%00%(upstream:short)%00%(objectname)%00%(upstream:track)%00%(upstream:remotename)%00%(upstream:remoteref) refs/heads/main refs/remotes/main [55ms]
2023-07-10 16:14:14.776 [info] > git status -z -uall [79ms]
2023-07-10 16:14:14.776 [info] > git status -z -uall [42ms]
2023-07-10 16:14:14.776 [info] > git status -z -uall [30ms]
2023-07-10 16:14:14.812 [info] > git config --get commit.template [36ms]
2023-07-10 16:14:14.812 [info] > git config --get commit.template [48ms]
2023-07-10 16:14:14.816 [info] > git config --get commit.template [7ms]
2023-07-10 16:14:14.876 [info] > git for-each-ref --format=%(refname)%00%(upstream:short)%00%(objectname)%00%(upstream:track)%00%(upstream:remotename)%00%(upstream:remoteref) refs/heads/master refs/remotes/master [46ms]
2023-07-10 16:14:14.888 [info] > git for-each-ref --format=%(refname)%00%(upstream:short)%00%(objectname)%00%(upstream:track)%00%(upstream:remotename)%00%(upstream:remoteref) refs/heads/main refs/remotes/main [33ms]
2023-07-10 16:14:14.894 [info] > git for-each-ref --format=%(refname)%00%(upstream:short)%00%(objectname)%00%(upstream:track)%00%(upstream:remotename)%00%(upstream:remoteref) refs/heads/master refs/remotes/master [48ms]
2023-07-10 16:14:14.917 [info] > git status -z -uall [24ms]
2023-07-10 16:14:14.917 [info] > git status -z -uall [18ms]
2023-07-10 16:14:14.941 [info] > git status -z -uall [55ms]
2023-07-10 16:14:14.956 [info] > git config --get commit.template [1ms]
2023-07-10 16:14:14.962 [info] > git for-each-ref --format=%(refname)%00%(upstream:short)%00%(objectname)%00%(upstream:track)%00%(upstream:remotename)%00%(upstream:remoteref) refs/heads/master refs/remotes/master [1ms]
2023-07-10 16:14:14.977 [info] > git status -z -uall [9ms]
2023-07-10 16:14:15.334 [info] > git check-ignore -v -z --stdin [34ms]
2023-07-10 16:14:15.338 [info] > git check-ignore -v -z --stdin [27ms]
2023-07-10 16:14:15.339 [info] > git check-ignore -v -z --stdin [20ms]
2023-07-10 16:14:15.340 [info] > git check-ignore -v -z --stdin [15ms]
2023-07-10 16:14:15.341 [info] > git check-ignore -v -z --stdin [10ms]
