2023-07-15T10:14:39.798Z [Modules] Modules initializing
2023-07-15T10:14:39.800Z [Modules] Distribution: remote
2023-07-15T10:14:39.800Z [Modules] Host updates: enabled
2023-07-15T10:14:39.800Z [Modules] Module updates: enabled
2023-07-15T10:14:39.800Z [Modules] Module install path: /home/ludvary-Fomalhaut/.config/discord/0.0.27/modules
2023-07-15T10:14:39.800Z [Modules] Module installed file path: /home/ludvary-Fomalhaut/.config/discord/0.0.27/modules/installed.json
2023-07-15T10:14:39.800Z [Modules] Module download path: /home/ludvary-Fomalhaut/.config/discord/0.0.27/modules/pending
2023-07-15T10:14:40.016Z [Modules] Bootstrapping...
2023-07-15T10:14:40.017Z [Modules] Installing discord_desktop_core@0 from /usr/lib64/discord/resources/bootstrap/discord_desktop_core.zip
2023-07-15T10:14:40.020Z [Modules] Failed installing discord_desktop_core@0: Error: ENOENT: no such file or directory, open '/usr/lib64/discord/resources/bootstrap/discord_desktop_core.zip'
2023-07-15T10:14:40.022Z [Modules] Installing discord_erlpack@0 from /usr/lib64/discord/resources/bootstrap/discord_erlpack.zip
2023-07-15T10:14:40.024Z [Modules] Failed installing discord_erlpack@0: Error: ENOENT: no such file or directory, open '/usr/lib64/discord/resources/bootstrap/discord_erlpack.zip'
2023-07-15T10:14:40.024Z [Modules] Installing discord_spellcheck@0 from /usr/lib64/discord/resources/bootstrap/discord_spellcheck.zip
2023-07-15T10:14:40.025Z [Modules] Failed installing discord_spellcheck@0: Error: ENOENT: no such file or directory, open '/usr/lib64/discord/resources/bootstrap/discord_spellcheck.zip'
2023-07-15T10:14:40.026Z [Modules] Installing discord_utils@0 from /usr/lib64/discord/resources/bootstrap/discord_utils.zip
2023-07-15T10:14:40.027Z [Modules] Failed installing discord_utils@0: Error: ENOENT: no such file or directory, open '/usr/lib64/discord/resources/bootstrap/discord_utils.zip'
2023-07-15T10:14:40.028Z [Modules] Installing discord_voice@0 from /usr/lib64/discord/resources/bootstrap/discord_voice.zip
2023-07-15T10:14:40.035Z [Modules] Failed installing discord_voice@0: Error: ENOENT: no such file or directory, open '/usr/lib64/discord/resources/bootstrap/discord_voice.zip'
2023-07-15T10:14:40.037Z [Modules] Finished module installations. [success: 0] [failure: 5]
2023-07-15T10:14:40.037Z [Modules] Checking for host updates.
2023-07-15T10:14:40.680Z [Modules] Host update is available. Manual update required!
