2023-07-10 16:17:31.805 [info] Using settings sync service https://vscode-sync.trafficmanager.net/
2023-07-10 16:17:31.805 [info] Auto Sync is enabled.
2023-07-10 16:17:31.805 [info] Auto Sync: Suspended until auth token is available.
2023-07-10 16:17:33.986 [info] Deleting non existing profile from backup /home/ludvary-Fomalhaut/.config/Code/User/sync/extensions
2023-07-10 16:17:34.020 [info] Deleting non existing profile from backup /home/ludvary-Fomalhaut/.config/Code/User/sync/globalState
2023-07-10 16:17:34.059 [info] Auto Sync: Triggered by Interval
2023-07-10 16:17:34.059 [info] Sync started.
2023-07-10 16:17:34.064 [info] Deleting non existing profile from backup /home/ludvary-Fomalhaut/.config/Code/User/sync/keybindings
2023-07-10 16:17:34.094 [info] Deleting non existing profile from backup /home/ludvary-Fomalhaut/.config/Code/User/sync/profiles
2023-07-10 16:17:34.146 [info] Deleting non existing profile from backup /home/ludvary-Fomalhaut/.config/Code/User/sync/settings
2023-07-10 16:17:34.159 [info] Deleting non existing profile from backup /home/ludvary-Fomalhaut/.config/Code/User/sync/snippets
2023-07-10 16:17:34.169 [info] Deleting non existing profile from backup /home/ludvary-Fomalhaut/.config/Code/User/sync/tasks
2023-07-10 16:17:34.752 [info] Settings: Last sync resource does not exist locally.
2023-07-10 16:17:35.757 [info] Settings: No changes found during synchronizing settings.
2023-07-10 16:17:35.767 [info] Keybindings: Last sync resource does not exist locally.
2023-07-10 16:17:35.947 [info] Keybindings: No changes found during synchronizing keybindings.
2023-07-10 16:17:35.953 [info] Snippets: Last sync resource does not exist locally.
2023-07-10 16:17:36.152 [info] Snippets: No changes found during synchronizing snippets.
2023-07-10 16:17:36.159 [info] Tasks: Last sync resource does not exist locally.
2023-07-10 16:17:36.350 [info] Tasks: No changes found during synchronizing tasks.
2023-07-10 16:17:36.356 [info] GlobalState: Last sync resource does not exist locally.
2023-07-10 16:17:36.734 [info] GlobalState: No changes found during synchronizing ui state.
2023-07-10 16:17:36.742 [info] Extensions: Last sync resource does not exist locally.
2023-07-10 16:17:37.023 [info] Extensions: No changes found during synchronizing extensions.
2023-07-10 16:17:37.026 [info] Profiles: Last sync resource does not exist locally.
2023-07-10 16:17:37.349 [info] Profiles: No changes found during synchronizing profiles.
2023-07-10 16:17:37.359 [info] Sync done. Took 3297ms
