2023-07-10 17:33:56.806 [info] Log level: Info
2023-07-10 17:33:56.806 [info] Validating found git in: "git"
2023-07-10 17:33:56.806 [info] Using git "2.41.0" from "git"
2023-07-10 17:33:56.806 [info] > git rev-parse --show-toplevel [8ms]
2023-07-10 17:33:56.806 [info] fatal: not a git repository (or any parent up to mount point /)
Stopping at filesystem boundary (GIT_DISCOVERY_ACROSS_FILESYSTEM not set).
2023-07-10 17:33:56.806 [info] > git rev-parse --show-toplevel [7ms]
2023-07-10 17:33:56.806 [info] fatal: not a git repository (or any parent up to mount point /)
Stopping at filesystem boundary (GIT_DISCOVERY_ACROSS_FILESYSTEM not set).
2023-07-10 17:33:56.806 [info] > git rev-parse --show-toplevel [39ms]
2023-07-10 17:33:56.806 [info] fatal: not a git repository (or any parent up to mount point /)
Stopping at filesystem boundary (GIT_DISCOVERY_ACROSS_FILESYSTEM not set).
2023-07-10 17:33:56.806 [info] > git rev-parse --show-toplevel [43ms]
2023-07-10 17:33:56.806 [info] fatal: not a git repository (or any parent up to mount point /)
Stopping at filesystem boundary (GIT_DISCOVERY_ACROSS_FILESYSTEM not set).
2023-07-10 17:33:56.812 [info] > git rev-parse --show-toplevel [7ms]
2023-07-10 17:33:56.812 [info] fatal: not a git repository (or any parent up to mount point /)
Stopping at filesystem boundary (GIT_DISCOVERY_ACROSS_FILESYSTEM not set).
2023-07-10 17:33:56.822 [info] > git rev-parse --show-toplevel [3ms]
2023-07-10 17:33:56.822 [info] fatal: not a git repository (or any parent up to mount point /)
Stopping at filesystem boundary (GIT_DISCOVERY_ACROSS_FILESYSTEM not set).
2023-07-10 17:33:56.849 [info] > git rev-parse --show-toplevel [1ms]
2023-07-10 17:33:56.849 [info] fatal: not a git repository (or any parent up to mount point /)
Stopping at filesystem boundary (GIT_DISCOVERY_ACROSS_FILESYSTEM not set).
2023-07-10 17:33:56.860 [info] > git rev-parse --show-toplevel [3ms]
2023-07-10 17:33:56.860 [info] fatal: not a git repository (or any parent up to mount point /)
Stopping at filesystem boundary (GIT_DISCOVERY_ACROSS_FILESYSTEM not set).
2023-07-10 17:33:56.887 [info] > git rev-parse --show-toplevel [21ms]
2023-07-10 17:33:56.887 [info] fatal: not a git repository (or any parent up to mount point /)
Stopping at filesystem boundary (GIT_DISCOVERY_ACROSS_FILESYSTEM not set).
2023-07-10 17:33:56.894 [info] > git rev-parse --show-toplevel [2ms]
2023-07-10 17:33:56.894 [info] fatal: not a git repository (or any parent up to mount point /)
Stopping at filesystem boundary (GIT_DISCOVERY_ACROSS_FILESYSTEM not set).
2023-07-10 17:33:56.900 [info] > git rev-parse --show-toplevel [1ms]
2023-07-10 17:33:56.900 [info] fatal: not a git repository (or any parent up to mount point /)
Stopping at filesystem boundary (GIT_DISCOVERY_ACROSS_FILESYSTEM not set).
2023-07-10 17:33:56.907 [info] > git rev-parse --show-toplevel [1ms]
2023-07-10 17:33:56.907 [info] fatal: not a git repository (or any parent up to mount point /)
Stopping at filesystem boundary (GIT_DISCOVERY_ACROSS_FILESYSTEM not set).
2023-07-10 17:33:56.912 [info] > git rev-parse --show-toplevel [1ms]
2023-07-10 17:33:56.912 [info] fatal: not a git repository (or any parent up to mount point /)
Stopping at filesystem boundary (GIT_DISCOVERY_ACROSS_FILESYSTEM not set).
2023-07-10 17:33:56.918 [info] > git rev-parse --show-toplevel [1ms]
2023-07-10 17:33:56.918 [info] fatal: not a git repository (or any parent up to mount point /)
Stopping at filesystem boundary (GIT_DISCOVERY_ACROSS_FILESYSTEM not set).
2023-07-10 17:33:56.925 [info] > git rev-parse --show-toplevel [1ms]
2023-07-10 17:33:56.926 [info] fatal: not a git repository (or any parent up to mount point /)
Stopping at filesystem boundary (GIT_DISCOVERY_ACROSS_FILESYSTEM not set).
