2023-07-08 18:59:41.987 [info] Using settings sync service https://vscode-sync.trafficmanager.net/
2023-07-08 18:59:41.987 [info] Auto Sync is disabled.
2023-07-08 19:00:26.824 [info] Sync started.
2023-07-08 19:00:28.433 [info] Did reset the local sync state.
2023-07-08 19:00:28.452 [info] Settings: Migrating last sync user data. Resource does not exist.
2023-07-08 19:00:28.452 [info] Settings: Last sync data state does not exist.
2023-07-08 19:00:28.690 [info] GlobalState: Migrating last sync user data. Resource does not exist.
2023-07-08 19:00:28.691 [info] GlobalState: Last sync data state does not exist.
2023-07-08 19:00:28.739 [info] Settings: Migrating last sync user data. Resource does not exist.
2023-07-08 19:00:28.740 [info] Settings: Last sync data state does not exist.
2023-07-08 19:00:29.045 [info] Keybindings: Migrating last sync user data. Resource does not exist.
2023-07-08 19:00:29.045 [info] Keybindings: Last sync data state does not exist.
2023-07-08 19:00:29.348 [info] Snippets: Migrating last sync user data. Resource does not exist.
2023-07-08 19:00:29.348 [info] Snippets: Last sync data state does not exist.
2023-07-08 19:00:29.747 [info] Tasks: Migrating last sync user data. Resource does not exist.
2023-07-08 19:00:29.747 [info] Tasks: Last sync data state does not exist.
2023-07-08 19:00:29.968 [info] GlobalState: Migrating last sync user data. Resource does not exist.
2023-07-08 19:00:29.968 [info] GlobalState: Last sync data state does not exist.
2023-07-08 19:00:30.828 [info] Extensions: Migrating last sync user data. Resource does not exist.
2023-07-08 19:00:30.828 [info] Extensions: Last sync data state does not exist.
2023-07-08 19:00:31.270 [info] Profiles: Migrating last sync user data. Resource does not exist.
2023-07-08 19:00:31.270 [info] Profiles: Last sync data state does not exist.
2023-07-08 19:00:31.645 [info] Profiles: Migrating last sync user data. Resource does not exist.
2023-07-08 19:00:31.645 [info] Profiles: Last sync data state does not exist.
2023-07-08 19:00:41.537 [info] Settings: Updated local settings
2023-07-08 19:00:41.546 [info] Settings: Updated last synchronized settings
2023-07-08 19:00:41.550 [info] Keybindings: No changes found during synchronizing keybindings.
2023-07-08 19:00:41.560 [info] Keybindings: Updated last synchronized keybindings
2023-07-08 19:00:41.561 [info] Snippets: No changes found during synchronizing snippets.
2023-07-08 19:00:41.567 [info] Snippets: Updated last synchronized snippets
2023-07-08 19:00:41.568 [info] Tasks: No changes found during synchronizing tasks.
2023-07-08 19:00:41.575 [info] Tasks: Updated last synchronized tasks
2023-07-08 19:00:41.587 [info] GlobalState: Updated global state ["workbench.welcomePage.hiddenCategories","workbench.view.extensions.state.hidden","fileBasedRecommendations/promptedRecommendations","workbench.view.extension.jupyter-variables.state.hidden","workbench.welcomePage.walkthroughMetadata","workbench.view.extension.test.state.hidden","terminal.integrated.showTerminalConfigPrompt","workbench.panel.alignment","ces/skipSurvey","expandSuggestionDocs","commandPalette.mru.cache","commandPalette.mru.counter","nps/isCandidate","nps/skipVersion","workbench.view.extension.gitlens.state.hidden","workbench.view.extension.gitlensPanel.state.hidden","github-ludvary","workbench.view.extension.onlyThemes.state.hidden","workbench.view.extension.jupyter.state.hidden","menu.hiddenCommands","workbench.view.extension.latex-workshop-activitybar.state.hidden","snippets.usageTimestamps","workbench.view.extension.julia-explorer.state.hidden","extensionTips/promptedExecutableTips","workbench.view.remote.state.hidden","remote.explorerType","workbench.view.extension.learn-vim-container.state.hidden","memento/notebookGettingStarted2","workbench.view.extension.juliahub-container.state.hidden","editor.contrib.largeFileOptimizationsWarner","workbench.explorer.views.state.hidden","workbench.scm.views.state.hidden","workbench.activity.pinnedViewlets2","workbench.view.debug.state.hidden","nps/lastSessionDate","nps/sessionCount","workbench.statusbar.hidden","workbench.panel.pinnedPanels","cpp.1.lastSessionDate","cpp.1.sessionCount","java.2.lastSessionDate","java.2.sessionCount","javascript.1.lastSessionDate","javascript.1.sessionCount","typescript.1.lastSessionDate","typescript.1.sessionCount","colorThemeData","memento/gettingStartedService","csharp.1.lastSessionDate","csharp.1.sessionCount"]
2023-07-08 19:00:41.587 [info] GlobalState: Updated local ui state
2023-07-08 19:00:41.594 [info] GlobalState: Updated last synchronized ui state
2023-07-08 19:00:44.165 [info] Extensions: Disabled extension torn4dom4n.latex-support 4.0.0
2023-07-08 19:00:44.422 [info] Extensions: Migrating last sync user data. Resource does not exist.
2023-07-08 19:00:44.422 [info] Extensions: Last sync data state does not exist.
2023-07-08 19:00:44.875 [error] Error: net::ERR_CONNECTION_RESET
    at SimpleURLLoaderWrapper.<anonymous> (node:electron/js2c/browser_init:2:49312)
    at SimpleURLLoaderWrapper.emit (node:events:513:28)
2023-07-08 19:00:44.875 [error] extensions: net::ERR_CONNECTION_RESET
2023-07-08 19:00:44.875 [info] Profiles: No changes found during synchronizing profiles.
2023-07-08 19:00:44.881 [info] Profiles: Updated last synchronized profiles.
2023-07-08 19:00:44.883 [info] Sync done. Took 18059ms
2023-07-08 19:00:44.885 [info] Auto Sync: Triggered by Interval
2023-07-08 19:00:44.885 [info] Sync started.
2023-07-08 19:00:45.167 [info] Settings: No changes found during synchronizing settings.
2023-07-08 19:00:45.178 [info] Keybindings: No changes found during synchronizing keybindings.
2023-07-08 19:00:45.183 [info] Snippets: No changes found during synchronizing snippets.
2023-07-08 19:00:45.195 [info] Tasks: No changes found during synchronizing tasks.
2023-07-08 19:00:45.579 [info] GlobalState: Updated remote ui state. Updated: workbench.activity.pinnedViewlets2,memento/gettingStartedService.
2023-07-08 19:00:45.585 [info] GlobalState: Updated last synchronized ui state
2023-07-08 19:00:45.589 [info] Extensions: Skipped synchronizing extensions as it is running already.
2023-07-08 19:00:45.591 [info] Profiles: No changes found during synchronizing profiles.
2023-07-08 19:00:45.596 [info] Sync done. Took 710ms
2023-07-08 19:00:47.857 [info] Auto Sync: Triggered by Activity
2023-07-08 19:00:47.858 [info] Sync started.
2023-07-08 19:00:48.013 [info] Settings: No changes found during synchronizing settings.
2023-07-08 19:00:48.019 [info] Keybindings: No changes found during synchronizing keybindings.
2023-07-08 19:00:48.025 [info] Snippets: No changes found during synchronizing snippets.
2023-07-08 19:00:48.029 [info] Tasks: No changes found during synchronizing tasks.
2023-07-08 19:00:48.393 [info] GlobalState: Updated remote ui state. Updated: memento/gettingStartedService.
2023-07-08 19:00:48.399 [info] GlobalState: Updated last synchronized ui state
2023-07-08 19:00:48.401 [info] Extensions: Skipped synchronizing extensions as it is running already.
2023-07-08 19:00:48.402 [info] Profiles: No changes found during synchronizing profiles.
2023-07-08 19:00:48.405 [info] Sync done. Took 548ms
2023-07-08 19:01:02.954 [info] Auto Sync: Triggered by Activity
2023-07-08 19:01:02.955 [info] Sync started.
2023-07-08 19:01:03.823 [info] Settings: Updated remote settings
2023-07-08 19:01:03.835 [info] Settings: Updated last synchronized settings
2023-07-08 19:01:03.842 [info] Keybindings: No changes found during synchronizing keybindings.
2023-07-08 19:01:03.846 [info] Snippets: No changes found during synchronizing snippets.
2023-07-08 19:01:03.850 [info] Tasks: No changes found during synchronizing tasks.
2023-07-08 19:01:03.854 [info] GlobalState: No changes found during synchronizing ui state.
2023-07-08 19:01:03.855 [info] Extensions: Skipped synchronizing extensions as it is running already.
2023-07-08 19:01:03.856 [info] Profiles: No changes found during synchronizing profiles.
2023-07-08 19:01:03.858 [info] Sync done. Took 905ms
2023-07-08 19:01:10.177 [info] Auto Sync: Triggered by Activity
2023-07-08 19:01:10.178 [info] Sync started.
2023-07-08 19:01:10.700 [info] Settings: Updated remote settings
2023-07-08 19:01:10.708 [info] Settings: Updated last synchronized settings
2023-07-08 19:01:10.711 [info] Keybindings: No changes found during synchronizing keybindings.
2023-07-08 19:01:10.717 [info] Snippets: No changes found during synchronizing snippets.
2023-07-08 19:01:10.720 [info] Tasks: No changes found during synchronizing tasks.
2023-07-08 19:01:10.725 [info] GlobalState: No changes found during synchronizing ui state.
2023-07-08 19:01:10.725 [info] Extensions: Skipped synchronizing extensions as it is running already.
2023-07-08 19:01:10.726 [info] Profiles: No changes found during synchronizing profiles.
2023-07-08 19:01:10.728 [info] Sync done. Took 552ms
2023-07-08 19:01:25.751 [info] Auto Sync: Triggered by Activity
2023-07-08 19:01:25.751 [info] Sync started.
2023-07-08 19:01:26.174 [info] Settings: Updated remote settings
2023-07-08 19:01:26.188 [info] Settings: Updated last synchronized settings
2023-07-08 19:01:26.199 [info] Keybindings: No changes found during synchronizing keybindings.
2023-07-08 19:01:26.207 [info] Snippets: No changes found during synchronizing snippets.
2023-07-08 19:01:26.213 [info] Tasks: No changes found during synchronizing tasks.
2023-07-08 19:01:26.223 [info] GlobalState: No changes found during synchronizing ui state.
2023-07-08 19:01:26.224 [info] Extensions: Skipped synchronizing extensions as it is running already.
2023-07-08 19:01:26.227 [info] Profiles: No changes found during synchronizing profiles.
2023-07-08 19:01:26.232 [info] Sync done. Took 482ms
2023-07-08 19:04:32.254 [info] Auto Sync: Triggered by Activity
2023-07-08 19:04:32.257 [info] Sync started.
2023-07-08 19:04:34.284 [info] Settings: No changes found during synchronizing settings.
2023-07-08 19:04:34.300 [info] Keybindings: No changes found during synchronizing keybindings.
2023-07-08 19:04:34.305 [info] Snippets: No changes found during synchronizing snippets.
2023-07-08 19:04:34.308 [info] Tasks: No changes found during synchronizing tasks.
2023-07-08 19:04:34.318 [info] GlobalState: No changes found during synchronizing ui state.
2023-07-08 19:04:34.323 [info] Extensions: Skipped synchronizing extensions as it is running already.
2023-07-08 19:04:34.325 [info] Profiles: No changes found during synchronizing profiles.
2023-07-08 19:04:34.329 [info] Sync done. Took 2075ms
2023-07-08 19:08:00.399 [info] Auto Sync: Triggered by Activity
2023-07-08 19:08:00.399 [info] Sync started.
2023-07-08 19:08:01.569 [info] Settings: No changes found during synchronizing settings.
2023-07-08 19:08:01.601 [info] Keybindings: No changes found during synchronizing keybindings.
2023-07-08 19:08:01.605 [info] Snippets: No changes found during synchronizing snippets.
2023-07-08 19:08:01.608 [info] Tasks: No changes found during synchronizing tasks.
2023-07-08 19:08:01.613 [info] GlobalState: No changes found during synchronizing ui state.
2023-07-08 19:08:01.613 [info] Extensions: Skipped synchronizing extensions as it is running already.
2023-07-08 19:08:01.614 [info] Profiles: No changes found during synchronizing profiles.
2023-07-08 19:08:01.616 [info] Sync done. Took 1219ms
