2023-07-08 19:10:59.681 [error] electron #303: https://pontus.gallerycdn.vsassets.io/extensions/pontus/black-on-white/0.0.2/1567604166854/Microsoft.VisualStudio.Services.VsixSignature - error GET net::ERR_NETWORK_CHANGED
2023-07-08 19:10:59.682 [error] electron #304: https://iqrathemes.gallerycdn.vsassets.io/extensions/iqrathemes/iqra-themes/0.1.4/1664706912601/Microsoft.VisualStudio.Services.VsixSignature - error GET net::ERR_NETWORK_CHANGED
2023-07-08 19:10:59.682 [error] electron #305: https://ignaprados.gallerycdn.vsassets.io/extensions/ignaprados/blackdot/1.6.0/1660911790381/Microsoft.VisualStudio.Services.VsixSignature - error GET net::ERR_NETWORK_CHANGED
2023-07-08 19:10:59.683 [error] electron #306: https://wesbos.gallerycdn.vsassets.io/extensions/wesbos/theme-cobalt2/2.4.2/1685023390425/Microsoft.VisualStudio.Services.VsixSignature - error GET net::ERR_NETWORK_CHANGED
2023-07-08 19:10:59.780 [error] electron #310: https://wesbos.gallery.vsassets.io/_apis/public/gallery/publisher/wesbos/extension/theme-cobalt2/2.4.2/assetbyname/Microsoft.VisualStudio.Services.VsixSignature - error GET net::ERR_NAME_NOT_RESOLVED
2023-07-08 19:10:59.789 [error] electron #311: https://vaporizer.gallery.vsassets.io/_apis/public/gallery/publisher/Vaporizer/extension/vaporizer-dark/2.1.9/assetbyname/Microsoft.VisualStudio.Services.VSIXPackage?install=true - error GET net::ERR_NAME_NOT_RESOLVED
2023-07-08 19:10:59.796 [error] electron #312: https://ms-python.gallery.vsassets.io/_apis/public/gallery/publisher/ms-python/extension/vscode-pylance/2023.7.10/assetbyname/Microsoft.VisualStudio.Services.VSIXPackage?install=true - error GET net::ERR_NAME_NOT_RESOLVED
2023-07-08 19:10:59.826 [error] electron #313: https://ms-python.gallery.vsassets.io/_apis/public/gallery/publisher/ms-python/extension/python/2023.12.0/assetbyname/Microsoft.VisualStudio.Services.VSIXPackage?install=true - error GET net::ERR_NAME_NOT_RESOLVED
2023-07-08 19:10:59.827 [error] electron #315: https://ms-toolsai.gallery.vsassets.io/_apis/public/gallery/publisher/ms-toolsai/extension/jupyter/2023.6.1001861915/assetbyname/Microsoft.VisualStudio.Services.VSIXPackage?targetPlatform=linux-x64&install=true - error GET net::ERR_NAME_NOT_RESOLVED
2023-07-08 19:10:59.828 [error] electron #314: https://sldobri.gallery.vsassets.io/_apis/public/gallery/publisher/sldobri/extension/bunker/1.1.6/assetbyname/Microsoft.VisualStudio.Services.VSIXPackage?install=true - error GET net::ERR_NAME_NOT_RESOLVED
2023-07-08 19:10:59.829 [error] electron #321: https://cameronbieganek.gallery.vsassets.io/_apis/public/gallery/publisher/cameronbieganek/extension/julia-color-themes/0.1.1/assetbyname/Microsoft.VisualStudio.Services.VSIXPackage?install=true - error GET net::ERR_NAME_NOT_RESOLVED
2023-07-08 19:10:59.830 [error] electron #319: https://tinkertrain.gallery.vsassets.io/_apis/public/gallery/publisher/tinkertrain/extension/theme-panda/1.3.0/assetbyname/Microsoft.VisualStudio.Services.VSIXPackage?install=true - error GET net::ERR_NAME_NOT_RESOLVED
2023-07-08 19:10:59.830 [error] electron #325: https://charliegerard.gallery.vsassets.io/_apis/public/gallery/publisher/CharlieGerard/extension/pride-vscode-themes/0.0.4/assetbyname/Microsoft.VisualStudio.Services.VSIXPackage?install=true - error GET net::ERR_NAME_NOT_RESOLVED
2023-07-08 19:11:01.549 [error] electron #341: https://aaron-bond.gallery.vsassets.io/_apis/public/gallery/publisher/aaron-bond/extension/better-comments/3.0.2/assetbyname/Microsoft.VisualStudio.Services.VSIXPackage?install=true - error GET net::ERR_NETWORK_CHANGED
2023-07-08 19:11:01.554 [error] electron #327: https://adpyke.gallery.vsassets.io/_apis/public/gallery/publisher/adpyke/extension/codesnap/1.3.4/assetbyname/Microsoft.VisualStudio.Services.VSIXPackage?install=true - error GET net::ERR_NETWORK_CHANGED
2023-07-08 19:11:01.555 [error] electron #342: https://akamud.gallery.vsassets.io/_apis/public/gallery/publisher/akamud/extension/vscode-theme-onedark/2.3.0/assetbyname/Microsoft.VisualStudio.Services.VSIXPackage?install=true - error GET net::ERR_NETWORK_CHANGED
2023-07-08 19:11:01.556 [error] electron #332: https://alefragnani.gallery.vsassets.io/_apis/public/gallery/publisher/alefragnani/extension/delphi-themes/1.4.2/assetbyname/Microsoft.VisualStudio.Services.VSIXPackage?install=true - error GET net::ERR_NETWORK_CHANGED
2023-07-08 19:11:01.559 [error] electron #347: https://amodio.gallery.vsassets.io/_apis/public/gallery/publisher/amodio/extension/amethyst-theme/4.7.2/assetbyname/Microsoft.VisualStudio.Services.VSIXPackage?install=true - error GET net::ERR_NETWORK_CHANGED
2023-07-08 19:11:01.559 [error] electron #363: https://ankitcode.gallery.vsassets.io/_apis/public/gallery/publisher/ankitcode/extension/firefly/4.0.0/assetbyname/Microsoft.VisualStudio.Services.VSIXPackage?install=true - error GET net::ERR_NETWORK_CHANGED
2023-07-08 19:11:01.560 [error] electron #368: https://arcticicestudio.gallery.vsassets.io/_apis/public/gallery/publisher/arcticicestudio/extension/nord-visual-studio-code/0.19.0/assetbyname/Microsoft.VisualStudio.Services.VSIXPackage?install=true - error GET net::ERR_NETWORK_CHANGED
2023-07-08 19:11:01.560 [error] electron #361: https://artlaman.gallery.vsassets.io/_apis/public/gallery/publisher/artlaman/extension/chalice-color-theme/1.0.2/assetbyname/Microsoft.VisualStudio.Services.VSIXPackage?install=true - error GET net::ERR_NETWORK_CHANGED
2023-07-08 19:11:01.560 [error] electron #375: https://arzg.gallery.vsassets.io/_apis/public/gallery/publisher/arzg/extension/slate/1.3.0/assetbyname/Microsoft.VisualStudio.Services.VSIXPackage?install=true - error GET net::ERR_NETWORK_CHANGED
2023-07-08 19:11:01.561 [error] electron #339: https://avetis.gallery.vsassets.io/_apis/public/gallery/publisher/Avetis/extension/lunaria/0.0.3/assetbyname/Microsoft.VisualStudio.Services.VSIXPackage?install=true - error GET net::ERR_NETWORK_CHANGED
2023-07-08 19:11:01.562 [error] electron #354: https://azemoh.gallery.vsassets.io/_apis/public/gallery/publisher/azemoh/extension/one-monokai/0.5.0/assetbyname/Microsoft.VisualStudio.Services.VSIXPackage?install=true - error GET net::ERR_NETWORK_CHANGED
2023-07-08 19:11:01.562 [error] electron #351: https://beamlnwza.gallery.vsassets.io/_apis/public/gallery/publisher/beamlnwza/extension/oxocarbon-port/0.0.2/assetbyname/Microsoft.VisualStudio.Services.VSIXPackage?install=true - error GET net::ERR_NETWORK_CHANGED
2023-07-08 19:11:01.562 [error] electron #333: https://beastdestroyer.gallery.vsassets.io/_apis/public/gallery/publisher/beastdestroyer/extension/firefox-quantum-themes/1.2.0/assetbyname/Microsoft.VisualStudio.Services.VSIXPackage?install=true - error GET net::ERR_NETWORK_CHANGED
2023-07-08 19:11:01.563 [error] electron #322: https://cdonohue.gallery.vsassets.io/_apis/public/gallery/publisher/cdonohue/extension/polychrome-vscode-themes/1.0.0/assetbyname/Microsoft.VisualStudio.Services.VSIXPackage?install=true - error GET net::ERR_NETWORK_CHANGED
2023-07-08 19:11:01.563 [error] electron #334: https://cklimas.gallery.vsassets.io/_apis/public/gallery/publisher/cklimas/extension/prismatic/1.17.0/assetbyname/Microsoft.VisualStudio.Services.VSIXPackage?install=true - error GET net::ERR_NETWORK_CHANGED
2023-07-08 19:11:01.564 [error] electron #360: https://colinfang.gallery.vsassets.io/_apis/public/gallery/publisher/colinfang/extension/markdown-julia/0.0.1/assetbyname/Microsoft.VisualStudio.Services.VSIXPackage?install=true - error GET net::ERR_NETWORK_CHANGED
2023-07-08 19:11:01.564 [error] electron #369: https://divyamrit.gallery.vsassets.io/_apis/public/gallery/publisher/divyamrit/extension/slate-theme/1.6.0/assetbyname/Microsoft.VisualStudio.Services.VSIXPackage?install=true - error GET net::ERR_NETWORK_CHANGED
2023-07-08 19:11:01.567 [error] electron #330: https://dp-faces.gallery.vsassets.io/_apis/public/gallery/publisher/dP-faces/extension/dpico-theme/2.0.13/assetbyname/Microsoft.VisualStudio.Services.VSIXPackage?install=true - error GET net::ERR_NETWORK_CHANGED
2023-07-08 19:11:01.568 [error] electron #336: https://dp-faces.gallery.vsassets.io/_apis/public/gallery/publisher/dP-faces/extension/dplanets-theme/2.0.5/assetbyname/Microsoft.VisualStudio.Services.VSIXPackage?install=true - error GET net::ERR_NETWORK_CHANGED
2023-07-08 19:11:01.569 [error] electron #371: https://elanandkumar.gallery.vsassets.io/_apis/public/gallery/publisher/ElAnandKumar/extension/el-vsc-product-icon-theme/0.1.8/assetbyname/Microsoft.VisualStudio.Services.VSIXPackage?install=true - error GET net::ERR_NETWORK_CHANGED
2023-07-08 19:11:01.569 [error] electron #358: https://eliverlara.gallery.vsassets.io/_apis/public/gallery/publisher/EliverLara/extension/andromeda/1.8.1/assetbyname/Microsoft.VisualStudio.Services.VSIXPackage?install=true - error GET net::ERR_NETWORK_CHANGED
2023-07-08 19:11:01.569 [error] electron #357: https://esbenp.gallery.vsassets.io/_apis/public/gallery/publisher/esbenp/extension/prettier-vscode/9.19.0/assetbyname/Microsoft.VisualStudio.Services.VSIXPackage?install=true - error GET net::ERR_NETWORK_CHANGED
2023-07-08 19:11:01.570 [error] electron #324: https://fluffyfen.gallery.vsassets.io/_apis/public/gallery/publisher/fluffyfen/extension/owokai-theme/0.9.12/assetbyname/Microsoft.VisualStudio.Services.VSIXPackage?install=true - error GET net::ERR_NETWORK_CHANGED
2023-07-08 19:11:01.570 [error] electron #348: https://fnando.gallery.vsassets.io/_apis/public/gallery/publisher/fnando/extension/linter/0.0.19/assetbyname/Microsoft.VisualStudio.Services.VSIXPackage?install=true - error GET net::ERR_NETWORK_CHANGED
2023-07-08 19:11:01.570 [error] electron #326: https://gerane.gallery.vsassets.io/_apis/public/gallery/publisher/gerane/extension/Theme-slate/0.0.5/assetbyname/Microsoft.VisualStudio.Services.VSIXPackage?install=true - error GET net::ERR_NETWORK_CHANGED
2023-07-08 19:11:01.570 [error] electron #328: https://gerane.gallery.vsassets.io/_apis/public/gallery/publisher/gerane/extension/Theme-BrillianceBlack/0.0.8/assetbyname/Microsoft.VisualStudio.Services.VSIXPackage?install=true - error GET net::ERR_NETWORK_CHANGED
2023-07-08 19:11:01.571 [error] electron #377: https://ibm.gallery.vsassets.io/_apis/public/gallery/publisher/IBM/extension/output-colorizer/0.1.2/assetbyname/Microsoft.VisualStudio.Services.VsixSignature - error GET net::ERR_NETWORK_CHANGED
2023-07-08 19:11:01.571 [error] electron #309: https://ignaprados.gallery.vsassets.io/_apis/public/gallery/publisher/ignaprados/extension/blackdot/1.6.0/assetbyname/Microsoft.VisualStudio.Services.VsixSignature - error GET net::ERR_NETWORK_CHANGED
2023-07-08 19:11:01.571 [error] electron #353: https://inksea.gallery.vsassets.io/_apis/public/gallery/publisher/inksea/extension/dank-themes/0.1.0/assetbyname/Microsoft.VisualStudio.Services.VSIXPackage?install=true - error GET net::ERR_NETWORK_CHANGED
2023-07-08 19:11:01.571 [error] electron #308: https://iqrathemes.gallery.vsassets.io/_apis/public/gallery/publisher/Iqrathemes/extension/iqra-themes/0.1.4/assetbyname/Microsoft.VisualStudio.Services.VsixSignature - error GET net::ERR_NETWORK_CHANGED
2023-07-08 19:11:01.571 [error] electron #362: https://james-yu.gallery.vsassets.io/_apis/public/gallery/publisher/James-Yu/extension/latex-workshop/9.12.3/assetbyname/Microsoft.VisualStudio.Services.VSIXPackage?install=true - error GET net::ERR_NETWORK_CHANGED
2023-07-08 19:11:01.571 [error] electron #346: https://jorgy.gallery.vsassets.io/_apis/public/gallery/publisher/jorgy/extension/jorgythemes/0.0.3/assetbyname/Microsoft.VisualStudio.Services.VSIXPackage?install=true - error GET net::ERR_NETWORK_CHANGED
2023-07-08 19:11:01.572 [error] electron #355: https://juliacomputing.gallery.vsassets.io/_apis/public/gallery/publisher/JuliaComputing/extension/juliahub/0.6.9/assetbyname/Microsoft.VisualStudio.Services.VSIXPackage?install=true - error GET net::ERR_NETWORK_CHANGED
2023-07-08 19:11:01.572 [error] electron #345: https://julialang.gallery.vsassets.io/_apis/public/gallery/publisher/julialang/extension/language-julia/1.47.2/assetbyname/Microsoft.VisualStudio.Services.VSIXPackage?install=true - error GET net::ERR_NETWORK_CHANGED
2023-07-08 19:11:01.572 [error] electron #367: https://marcbruederlin.gallery.vsassets.io/_apis/public/gallery/publisher/marcbruederlin/extension/mint-theme/0.1.1/assetbyname/Microsoft.VisualStudio.Services.VSIXPackage?install=true - error GET net::ERR_NETWORK_CHANGED
2023-07-08 19:11:01.572 [error] electron #356: https://mathematic.gallery.vsassets.io/_apis/public/gallery/publisher/mathematic/extension/vscode-latex/1.2.0/assetbyname/Microsoft.VisualStudio.Services.VSIXPackage?install=true - error GET net::ERR_NETWORK_CHANGED
2023-07-08 19:11:01.572 [error] electron #335: https://mathstylish.gallery.vsassets.io/_apis/public/gallery/publisher/mathstylish/extension/tokyo-dark-themes/0.0.1/assetbyname/Microsoft.VisualStudio.Services.VSIXPackage?install=true - error GET net::ERR_NETWORK_CHANGED
2023-07-08 19:11:01.572 [error] electron #373: https://micjohansson.gallery.vsassets.io/_apis/public/gallery/publisher/MicJohansson/extension/greyboard/0.1.1/assetbyname/Microsoft.VisualStudio.Services.VSIXPackage?install=true - error GET net::ERR_NETWORK_CHANGED
2023-07-08 19:11:01.573 [error] electron #329: https://mikegleasonjr.gallery.vsassets.io/_apis/public/gallery/publisher/mikegleasonjr/extension/theme-go/0.0.3/assetbyname/Microsoft.VisualStudio.Services.VSIXPackage?install=true - error GET net::ERR_NETWORK_CHANGED
2023-07-08 19:11:01.573 [error] electron #316: https://ms-toolsai.gallery.vsassets.io/_apis/public/gallery/publisher/ms-toolsai/extension/jupyter-renderers/1.0.17/assetbyname/Microsoft.VisualStudio.Services.VSIXPackage?install=true - error GET net::ERR_NETWORK_CHANGED
2023-07-08 19:11:01.573 [error] electron #364: https://olifink.gallery.vsassets.io/_apis/public/gallery/publisher/olifink/extension/fedora-gnome-light-dark/0.0.4/assetbyname/Microsoft.VisualStudio.Services.VSIXPackage?install=true - error GET net::ERR_NETWORK_CHANGED
2023-07-08 19:11:01.573 [error] electron #378: https://particle.gallery.vsassets.io/_apis/public/gallery/publisher/particle/extension/particle-vscode-theme/1.16.5/assetbyname/Microsoft.VisualStudio.Services.VsixSignature - error GET net::ERR_NETWORK_CHANGED
2023-07-08 19:11:01.573 [error] electron #323: https://pkief.gallery.vsassets.io/_apis/public/gallery/publisher/PKief/extension/material-icon-theme/4.28.0/assetbyname/Microsoft.VisualStudio.Services.VSIXPackage?install=true - error GET net::ERR_NETWORK_CHANGED
2023-07-08 19:11:01.573 [error] electron #307: https://pontus.gallery.vsassets.io/_apis/public/gallery/publisher/pontus/extension/black-on-white/0.0.2/assetbyname/Microsoft.VisualStudio.Services.VsixSignature - error GET net::ERR_NETWORK_CHANGED
2023-07-08 19:11:01.575 [error] electron #376: https://robertrossmann.gallery.vsassets.io/_apis/public/gallery/publisher/robertrossmann/extension/remedy/5.17.0/assetbyname/Microsoft.VisualStudio.Services.VSIXPackage?install=true - error GET net::ERR_NETWORK_CHANGED
2023-07-08 19:11:01.575 [error] electron #352: https://rokoroku.gallery.vsassets.io/_apis/public/gallery/publisher/rokoroku/extension/vscode-theme-darcula/1.2.3/assetbyname/Microsoft.VisualStudio.Services.VSIXPackage?install=true - error GET net::ERR_NETWORK_CHANGED
2023-07-08 19:11:01.575 [error] electron #344: https://romanrei.gallery.vsassets.io/_apis/public/gallery/publisher/romanrei/extension/material-dark/1.1.0/assetbyname/Microsoft.VisualStudio.Services.VSIXPackage?install=true - error GET net::ERR_NETWORK_CHANGED
2023-07-08 19:11:01.575 [error] electron #374: https://seyyedkhandon.gallery.vsassets.io/_apis/public/gallery/publisher/SeyyedKhandon/extension/firacode/2.2.1/assetbyname/Microsoft.VisualStudio.Services.VSIXPackage?install=true - error GET net::ERR_NETWORK_CHANGED
2023-07-08 19:11:01.576 [error] electron #349: https://snndmnsz.gallery.vsassets.io/_apis/public/gallery/publisher/snndmnsz/extension/dark-side-theme/1.3.0/assetbyname/Microsoft.VisualStudio.Services.VSIXPackage?install=true - error GET net::ERR_NETWORK_CHANGED
2023-07-08 19:11:01.576 [error] electron #331: https://spaceinvadev.gallery.vsassets.io/_apis/public/gallery/publisher/spaceinvadev/extension/bianconero/0.2.1/assetbyname/Microsoft.VisualStudio.Services.VSIXPackage?install=true - error GET net::ERR_NETWORK_CHANGED
2023-07-08 19:11:01.576 [error] electron #372: https://tangming.gallery.vsassets.io/_apis/public/gallery/publisher/Tangming/extension/theme-tangming/1.2.3/assetbyname/Microsoft.VisualStudio.Services.VSIXPackage?install=true - error GET net::ERR_NETWORK_CHANGED
2023-07-08 19:11:01.576 [error] electron #365: https://thegeoffstevens.gallery.vsassets.io/_apis/public/gallery/publisher/thegeoffstevens/extension/best-dark-themes-pack/1.0.2/assetbyname/Microsoft.VisualStudio.Services.VSIXPackage?install=true - error GET net::ERR_NETWORK_CHANGED
2023-07-08 19:11:01.576 [error] electron #350: https://thomaz.gallery.vsassets.io/_apis/public/gallery/publisher/Thomaz/extension/preparing/1.7.0/assetbyname/Microsoft.VisualStudio.Services.VSIXPackage?install=true - error GET net::ERR_NETWORK_CHANGED
2023-07-08 19:11:01.576 [error] electron #359: https://torn4dom4n.gallery.vsassets.io/_apis/public/gallery/publisher/torn4dom4n/extension/latex-support/3.10.0/assetbyname/Microsoft.VisualStudio.Services.VSIXPackage?install=true - error GET net::ERR_NETWORK_CHANGED
2023-07-08 19:11:01.577 [error] electron #343: https://uguraktas.gallery.vsassets.io/_apis/public/gallery/publisher/uguraktas/extension/NanoThemes/1.3.0/assetbyname/Microsoft.VisualStudio.Services.VSIXPackage?install=true - error GET net::ERR_NETWORK_CHANGED
2023-07-08 19:11:01.577 [error] electron #338: https://veccy-vec.gallery.vsassets.io/_apis/public/gallery/publisher/Veccy-vec/extension/cleardarktheme/1.1.2/assetbyname/Microsoft.VisualStudio.Services.VSIXPackage?install=true - error GET net::ERR_NETWORK_CHANGED
2023-07-08 19:11:01.577 [error] electron #340: https://vintharas.gallery.vsassets.io/_apis/public/gallery/publisher/vintharas/extension/learn-vim/0.0.28/assetbyname/Microsoft.VisualStudio.Services.VSIXPackage?install=true - error GET net::ERR_NETWORK_CHANGED
2023-07-08 19:11:01.577 [error] electron #320: https://vscodevim.gallery.vsassets.io/_apis/public/gallery/publisher/vscodevim/extension/vim/1.25.2/assetbyname/Microsoft.VisualStudio.Services.VSIXPackage?install=true - error GET net::ERR_NETWORK_CHANGED
2023-07-08 19:11:01.577 [error] electron #317: https://wheredoesyourmindgo.gallery.vsassets.io/_apis/public/gallery/publisher/wheredoesyourmindgo/extension/gruvbox-concoctis/10.30.27/assetbyname/Microsoft.VisualStudio.Services.VSIXPackage?install=true - error GET net::ERR_NETWORK_CHANGED
2023-07-08 19:11:01.577 [error] electron #318: https://wheredoesyourmindgo.gallery.vsassets.io/_apis/public/gallery/publisher/wheredoesyourmindgo/extension/nushu-vscode-theme/0.4.12/assetbyname/Microsoft.VisualStudio.Services.VsixSignature - error GET net::ERR_NETWORK_CHANGED
2023-07-08 19:11:01.577 [error] electron #366: https://whizkydee.gallery.vsassets.io/_apis/public/gallery/publisher/whizkydee/extension/material-palenight-theme/2.0.3/assetbyname/Microsoft.VisualStudio.Services.VSIXPackage?install=true - error GET net::ERR_NETWORK_CHANGED
2023-07-08 19:11:01.578 [error] electron #370: https://youssef.gallery.vsassets.io/_apis/public/gallery/publisher/Youssef/extension/viow/0.3.3/assetbyname/Microsoft.VisualStudio.Services.VSIXPackage?install=true - error GET net::ERR_NETWORK_CHANGED
2023-07-08 19:11:01.578 [error] electron #337: https://zhuangtongfa.gallery.vsassets.io/_apis/public/gallery/publisher/zhuangtongfa/extension/Material-theme/3.15.18/assetbyname/Microsoft.VisualStudio.Services.VSIXPackage?install=true - error GET net::ERR_NETWORK_CHANGED
