2023-07-08 18:59:43.169 [info] Reading sessions from keychain...
2023-07-08 18:59:43.169 [info] Getting sessions for all scopes...
2023-07-08 18:59:43.169 [info] Got 0 sessions for ...
2023-07-08 18:59:43.169 [info] Getting sessions for user:email...
2023-07-08 18:59:43.169 [info] Got 0 sessions for user:email...
2023-07-08 18:59:43.318 [info] Getting sessions for all scopes...
2023-07-08 18:59:43.318 [info] Got 0 sessions for ...
2023-07-08 19:00:03.192 [info] Getting sessions for user:email...
2023-07-08 19:00:03.192 [info] Got 0 sessions for user:email...
2023-07-08 19:00:04.769 [info] Logging in for the following scopes: user:email
2023-07-08 19:00:04.778 [info] Trying without local server... (user:email)
2023-07-08 19:00:16.316 [info] Exchanging code for token...
2023-07-08 19:00:17.549 [info] Token exchange success!
2023-07-08 19:00:17.552 [info] Getting user info...
2023-07-08 19:00:18.451 [info] Got account info!
2023-07-08 19:00:18.452 [info] Storing 1 sessions...
2023-07-08 19:00:26.817 [info] Stored 1 sessions!
2023-07-08 19:00:26.817 [info] Login success!
2023-07-08 19:00:26.818 [info] Getting sessions for user:email...
2023-07-08 19:00:26.818 [info] Got 1 sessions for user:email...
2023-07-08 19:00:26.819 [info] Getting sessions for user:email...
2023-07-08 19:00:26.819 [info] Got 1 sessions for user:email...
