2023-07-10 16:14:35.277 [info] Log level: Info
2023-07-10 16:14:35.277 [info] Validating found git in: "git"
2023-07-10 16:14:35.277 [info] Using git "2.41.0" from "git"
2023-07-10 16:14:35.277 [info] > git rev-parse --show-toplevel [8ms]
2023-07-10 16:14:35.278 [info] fatal: not a git repository (or any parent up to mount point /)
Stopping at filesystem boundary (GIT_DISCOVERY_ACROSS_FILESYSTEM not set).
2023-07-10 16:14:35.278 [info] > git rev-parse --show-toplevel [3ms]
2023-07-10 16:14:35.278 [info] fatal: not a git repository (or any parent up to mount point /)
Stopping at filesystem boundary (GIT_DISCOVERY_ACROSS_FILESYSTEM not set).
2023-07-10 16:14:35.278 [info] > git rev-parse --show-toplevel [4ms]
2023-07-10 16:14:35.278 [info] fatal: not a git repository (or any parent up to mount point /)
Stopping at filesystem boundary (GIT_DISCOVERY_ACROSS_FILESYSTEM not set).
2023-07-10 16:14:35.278 [info] > git rev-parse --show-toplevel [8ms]
2023-07-10 16:14:35.278 [info] fatal: not a git repository (or any parent up to mount point /)
Stopping at filesystem boundary (GIT_DISCOVERY_ACROSS_FILESYSTEM not set).
2023-07-10 16:14:35.281 [info] > git rev-parse --show-toplevel [10ms]
2023-07-10 16:14:35.281 [info] fatal: not a git repository (or any parent up to mount point /)
Stopping at filesystem boundary (GIT_DISCOVERY_ACROSS_FILESYSTEM not set).
2023-07-10 16:14:35.298 [info] > git rev-parse --show-toplevel [8ms]
2023-07-10 16:14:35.298 [info] fatal: not a git repository (or any parent up to mount point /)
Stopping at filesystem boundary (GIT_DISCOVERY_ACROSS_FILESYSTEM not set).
2023-07-10 16:14:35.320 [info] > git rev-parse --show-toplevel [8ms]
2023-07-10 16:14:35.320 [info] fatal: not a git repository (or any parent up to mount point /)
Stopping at filesystem boundary (GIT_DISCOVERY_ACROSS_FILESYSTEM not set).
2023-07-10 16:14:35.465 [info] > git rev-parse --show-toplevel [104ms]
2023-07-10 16:14:35.465 [info] fatal: not a git repository (or any parent up to mount point /)
Stopping at filesystem boundary (GIT_DISCOVERY_ACROSS_FILESYSTEM not set).
2023-07-10 16:14:35.555 [info] > git rev-parse --show-toplevel [81ms]
2023-07-10 16:14:35.555 [info] fatal: not a git repository (or any parent up to mount point /)
Stopping at filesystem boundary (GIT_DISCOVERY_ACROSS_FILESYSTEM not set).
2023-07-10 16:14:35.573 [info] > git rev-parse --show-toplevel [10ms]
2023-07-10 16:14:35.573 [info] fatal: not a git repository (or any parent up to mount point /)
Stopping at filesystem boundary (GIT_DISCOVERY_ACROSS_FILESYSTEM not set).
2023-07-10 16:14:35.587 [info] > git rev-parse --show-toplevel [7ms]
2023-07-10 16:14:35.588 [info] fatal: not a git repository (or any parent up to mount point /)
Stopping at filesystem boundary (GIT_DISCOVERY_ACROSS_FILESYSTEM not set).
2023-07-10 16:14:35.640 [info] > git rev-parse --show-toplevel [40ms]
2023-07-10 16:14:35.640 [info] fatal: not a git repository (or any parent up to mount point /)
Stopping at filesystem boundary (GIT_DISCOVERY_ACROSS_FILESYSTEM not set).
2023-07-10 16:14:35.652 [info] > git rev-parse --show-toplevel [3ms]
2023-07-10 16:14:35.652 [info] fatal: not a git repository (or any parent up to mount point /)
Stopping at filesystem boundary (GIT_DISCOVERY_ACROSS_FILESYSTEM not set).
2023-07-10 16:14:35.665 [info] > git rev-parse --show-toplevel [3ms]
2023-07-10 16:14:35.680 [info] > git rev-parse --git-dir --git-common-dir [3ms]
2023-07-10 16:14:35.725 [info] Open repository: /home/ludvary-Fomalhaut/.oh-my-zsh
2023-07-10 16:14:35.774 [info] > git rev-parse --show-toplevel [21ms]
2023-07-10 16:14:35.774 [info] fatal: not a git repository (or any parent up to mount point /)
Stopping at filesystem boundary (GIT_DISCOVERY_ACROSS_FILESYSTEM not set).
2023-07-10 16:14:35.810 [info] > git config --get commit.template [41ms]
2023-07-10 16:14:35.832 [info] > git rev-parse --show-toplevel [33ms]
2023-07-10 16:14:35.837 [info] fatal: not a git repository (or any parent up to mount point /)
Stopping at filesystem boundary (GIT_DISCOVERY_ACROSS_FILESYSTEM not set).
2023-07-10 16:14:35.887 [info] > git for-each-ref --format=%(refname)%00%(upstream:short)%00%(objectname)%00%(upstream:track)%00%(upstream:remotename)%00%(upstream:remoteref) refs/heads/master refs/remotes/master [9ms]
2023-07-10 16:14:35.896 [info] > git rev-parse --show-toplevel [43ms]
2023-07-10 16:14:35.896 [info] fatal: not a git repository (or any parent up to mount point /)
Stopping at filesystem boundary (GIT_DISCOVERY_ACROSS_FILESYSTEM not set).
2023-07-10 16:14:35.952 [info] > git rev-parse --show-toplevel [20ms]
2023-07-10 16:14:35.953 [info] fatal: not a git repository (or any parent up to mount point /)
Stopping at filesystem boundary (GIT_DISCOVERY_ACROSS_FILESYSTEM not set).
2023-07-10 16:14:35.990 [info] > git rev-parse --show-toplevel [10ms]
2023-07-10 16:14:35.990 [info] fatal: not a git repository (or any parent up to mount point /)
Stopping at filesystem boundary (GIT_DISCOVERY_ACROSS_FILESYSTEM not set).
2023-07-10 16:14:36.020 [info] > git rev-parse --show-toplevel [6ms]
2023-07-10 16:14:36.020 [info] fatal: not a git repository (or any parent up to mount point /)
Stopping at filesystem boundary (GIT_DISCOVERY_ACROSS_FILESYSTEM not set).
2023-07-10 16:14:36.079 [info] > git rev-parse --show-toplevel [41ms]
2023-07-10 16:14:36.079 [info] fatal: not a git repository (or any parent up to mount point /)
Stopping at filesystem boundary (GIT_DISCOVERY_ACROSS_FILESYSTEM not set).
2023-07-10 16:14:36.095 [info] > git rev-parse --show-toplevel [4ms]
2023-07-10 16:14:36.095 [info] fatal: not a git repository (or any parent up to mount point /)
Stopping at filesystem boundary (GIT_DISCOVERY_ACROSS_FILESYSTEM not set).
2023-07-10 16:14:36.108 [info] > git rev-parse --show-toplevel [4ms]
2023-07-10 16:14:36.109 [info] fatal: not a git repository (or any parent up to mount point /)
Stopping at filesystem boundary (GIT_DISCOVERY_ACROSS_FILESYSTEM not set).
2023-07-10 16:14:36.122 [info] > git status -z -uall [227ms]
2023-07-10 16:14:36.183 [info] > git rev-parse --show-toplevel [62ms]
2023-07-10 16:14:36.183 [info] fatal: not a git repository (or any parent up to mount point /)
Stopping at filesystem boundary (GIT_DISCOVERY_ACROSS_FILESYSTEM not set).
2023-07-10 16:14:36.211 [info] > git config --get commit.template [38ms]
2023-07-10 16:14:36.234 [info] > git rev-parse --show-toplevel [24ms]
2023-07-10 16:14:36.234 [info] fatal: not a git repository (or any parent up to mount point /)
Stopping at filesystem boundary (GIT_DISCOVERY_ACROSS_FILESYSTEM not set).
2023-07-10 16:14:36.257 [info] > git for-each-ref --format=%(refname)%00%(upstream:short)%00%(objectname)%00%(upstream:track)%00%(upstream:remotename)%00%(upstream:remoteref) refs/heads/master refs/remotes/master [27ms]
2023-07-10 16:14:36.301 [info] > git rev-parse --show-toplevel [45ms]
2023-07-10 16:14:36.301 [info] fatal: not a git repository (or any parent up to mount point /)
Stopping at filesystem boundary (GIT_DISCOVERY_ACROSS_FILESYSTEM not set).
2023-07-10 16:14:36.329 [info] > git check-ignore -v -z --stdin [29ms]
2023-07-10 16:14:36.342 [info] > git rev-parse --show-toplevel [14ms]
2023-07-10 16:14:36.342 [info] fatal: not a git repository (or any parent up to mount point /)
Stopping at filesystem boundary (GIT_DISCOVERY_ACROSS_FILESYSTEM not set).
2023-07-10 16:14:36.371 [info] > git status -z -uall [100ms]
2023-07-10 16:14:36.383 [info] > git rev-parse --show-toplevel [16ms]
2023-07-10 16:14:36.431 [info] > git rev-parse --git-dir --git-common-dir [4ms]
2023-07-10 16:14:36.444 [info] Open repository: /home/ludvary-Fomalhaut/everforest-kitty
2023-07-10 16:14:36.475 [info] > git rev-parse --show-toplevel [17ms]
2023-07-10 16:14:36.508 [info] > git rev-parse --git-dir --git-common-dir [26ms]
2023-07-10 16:14:36.527 [info] Open repository: /home/ludvary-Fomalhaut/i3lock-fancy
2023-07-10 16:14:36.543 [info] > git config --get commit.template [77ms]
2023-07-10 16:14:36.567 [info] > git for-each-ref --format=%(refname)%00%(upstream:short)%00%(objectname)%00%(upstream:track)%00%(upstream:remotename)%00%(upstream:remoteref) refs/heads/main refs/remotes/main [10ms]
2023-07-10 16:14:36.578 [info] > git rev-parse --show-toplevel [35ms]
2023-07-10 16:14:36.594 [info] > git config --get commit.template [29ms]
2023-07-10 16:14:36.611 [info] > git status -z -uall [33ms]
2023-07-10 16:14:36.626 [info] > git rev-parse --git-dir --git-common-dir [34ms]
2023-07-10 16:14:36.632 [info] Open repository: /home/ludvary-Fomalhaut/mygit
2023-07-10 16:14:36.679 [info] > git for-each-ref --format=%(refname)%00%(upstream:short)%00%(objectname)%00%(upstream:track)%00%(upstream:remotename)%00%(upstream:remoteref) refs/heads/master refs/remotes/master [69ms]
2023-07-10 16:14:36.707 [info] > git config --get commit.template [29ms]
2023-07-10 16:14:36.707 [info] > git config --get commit.template [42ms]
2023-07-10 16:14:36.707 [info] > git rev-parse --show-toplevel [60ms]
2023-07-10 16:14:36.707 [info] fatal: not a git repository (or any parent up to mount point /)
Stopping at filesystem boundary (GIT_DISCOVERY_ACROSS_FILESYSTEM not set).
2023-07-10 16:14:36.757 [info] > git status -z -uall [57ms]
2023-07-10 16:14:36.758 [info] > git for-each-ref --format=%(refname)%00%(upstream:short)%00%(objectname)%00%(upstream:track)%00%(upstream:remotename)%00%(upstream:remoteref) refs/heads/main refs/remotes/main [29ms]
2023-07-10 16:14:36.795 [info] > git rev-parse --show-toplevel [79ms]
2023-07-10 16:14:36.795 [info] fatal: not a git repository (or any parent up to mount point /)
Stopping at filesystem boundary (GIT_DISCOVERY_ACROSS_FILESYSTEM not set).
2023-07-10 16:14:36.821 [info] > git status -z -uall [36ms]
2023-07-10 16:14:36.822 [info] > git rev-parse --show-toplevel [13ms]
2023-07-10 16:14:36.833 [info] > git for-each-ref --format=%(refname)%00%(upstream:short)%00%(objectname)%00%(upstream:track)%00%(upstream:remotename)%00%(upstream:remoteref) refs/heads/main refs/remotes/main [79ms]
2023-07-10 16:14:36.847 [info] > git rev-parse --git-dir --git-common-dir [16ms]
2023-07-10 16:14:36.861 [info] Open repository: /home/ludvary-Fomalhaut/zsh-syntax-highlighting
2023-07-10 16:14:36.864 [info] > git config --get commit.template [44ms]
2023-07-10 16:14:36.876 [info] > git status -z -uall [31ms]
2023-07-10 16:14:36.918 [info] > git for-each-ref --format=%(refname)%00%(upstream:short)%00%(objectname)%00%(upstream:track)%00%(upstream:remotename)%00%(upstream:remoteref) refs/heads/master refs/remotes/master [22ms]
2023-07-10 16:14:36.925 [info] > git config --get commit.template [50ms]
2023-07-10 16:14:36.949 [info] > git config --get commit.template [36ms]
2023-07-10 16:14:36.976 [info] > git status -z -uall [51ms]
2023-07-10 16:14:36.976 [info] > git for-each-ref --format=%(refname)%00%(upstream:short)%00%(objectname)%00%(upstream:track)%00%(upstream:remotename)%00%(upstream:remoteref) refs/heads/main refs/remotes/main [9ms]
2023-07-10 16:14:36.990 [info] > git for-each-ref --format=%(refname)%00%(upstream:short)%00%(objectname)%00%(upstream:track)%00%(upstream:remotename)%00%(upstream:remoteref) refs/heads/master refs/remotes/master [42ms]
2023-07-10 16:14:37.009 [info] > git status -z -uall [18ms]
2023-07-10 16:14:37.040 [info] > git status -z -uall [43ms]
2023-07-10 16:14:37.079 [info] > git config --get commit.template [13ms]
2023-07-10 16:14:37.082 [info] > git for-each-ref --format=%(refname)%00%(upstream:short)%00%(objectname)%00%(upstream:track)%00%(upstream:remotename)%00%(upstream:remoteref) refs/heads/master refs/remotes/master [4ms]
2023-07-10 16:14:37.108 [info] > git status -z -uall [18ms]
2023-07-10 16:14:37.608 [info] > git check-ignore -v -z --stdin [82ms]
2023-07-10 16:14:37.609 [info] > git check-ignore -v -z --stdin [61ms]
2023-07-10 16:14:37.610 [info] > git check-ignore -v -z --stdin [47ms]
2023-07-10 16:14:37.610 [info] > git check-ignore -v -z --stdin [25ms]
2023-07-10 16:14:37.614 [info] > git check-ignore -v -z --stdin [15ms]
