2023-07-10 17:54:11.230 [info] Extension host with pid 6870 started
2023-07-10 17:54:11.230 [info] Skipping acquiring lock for /home/ludvary-Fomalhaut/.config/Code/User/workspaceStorage/738211ac200b04b6329e481209b25dc1.
2023-07-10 17:54:11.291 [info] ExtensionService#_doActivateExtension vscode.github-authentication, startup: false, activationEvent: 'onAuthenticationRequest:github'
2023-07-10 17:54:11.331 [info] ExtensionService#_doActivateExtension vscode.git-base, startup: true, activationEvent: '*', root cause: vscode.git
2023-07-10 17:54:11.370 [info] ExtensionService#_doActivateExtension vscode.microsoft-authentication, startup: false, activationEvent: 'onAuthenticationRequest:microsoft'
2023-07-10 17:54:11.386 [info] ExtensionService#_doActivateExtension vscode.git, startup: true, activationEvent: '*'
2023-07-10 17:54:11.423 [info] ExtensionService#_doActivateExtension vscode.github, startup: true, activationEvent: '*'
2023-07-10 17:54:11.501 [info] Eager extensions activated
2023-07-10 17:54:11.546 [info] ExtensionService#_doActivateExtension vscode.debug-auto-launch, startup: false, activationEvent: 'onStartupFinished'
2023-07-10 17:54:11.557 [info] ExtensionService#_doActivateExtension vscode.merge-conflict, startup: false, activationEvent: 'onStartupFinished'
2023-07-10 17:54:11.570 [info] ExtensionService#_doActivateExtension ms-vscode-remote.remote-wsl, startup: false, activationEvent: 'onStartupFinished'
2023-07-10 17:54:12.836 [info] ExtensionService#_doActivateExtension vscode.json-language-features, startup: false, activationEvent: 'onLanguage:jsonc'
2023-07-10 17:54:12.865 [info] ExtensionService#_doActivateExtension vscode.typescript-language-features, startup: false, activationEvent: 'onLanguage:jsonc'
2023-07-10 17:54:12.910 [info] ExtensionService#_doActivateExtension vscode.emmet, startup: false, activationEvent: 'onLanguage'
2023-07-10 17:54:13.779 [info] Extension host terminating: renderer closed the MessagePort
2023-07-10 17:54:13.818 [error] ProxyResolver#resolveProxy DIRECT Canceled: Canceled
	at new h (/usr/share/code/resources/app/out/vs/workbench/api/node/extensionHostProcess.js:99:42413)
	at t.O (/usr/share/code/resources/app/out/vs/workbench/api/node/extensionHostProcess.js:111:11236)
	at U.<computed>.q.charCodeAt.U.<computed> (/usr/share/code/resources/app/out/vs/workbench/api/node/extensionHostProcess.js:111:8675)
	at e.$30b.resolveProxy (/usr/share/code/resources/app/out/vs/workbench/api/node/extensionHostProcess.js:112:20407)
	at Object.resolveProxy (/usr/share/code/resources/app/out/vs/workbench/api/node/extensionHostProcess.js:91:19862)
	at useProxySettings (/usr/share/code/resources/app/node_modules.asar/@vscode/proxy-agent/out/index.js:161:16)
	at /usr/share/code/resources/app/node_modules.asar/@vscode/proxy-agent/out/index.js:109:13
	at /usr/share/code/resources/app/node_modules.asar/@vscode/proxy-agent/out/index.js:439:13
	at runNextTicks (node:internal/process/task_queues:61:5)
	at listOnTimeout (node:internal/timers:528:9)
	at process.processTimers (node:internal/timers:502:7) 
2023-07-10 17:54:13.831 [info] Extension host with pid 6870 exiting with code 0
