{"logTime": "0711/044203", "correlationVector":"kHiavlp5eBggHOHZNgSl7X","action":"Commit Request", "result":"", "context":Item count: 6
Contributing types: Typed URLs, Sessions}
{"logTime": "0711/044205", "correlationVector":"kHiavlp5eBggHOHZNgSl7X.1","action":"SyncServerConnectionManagerRequest", "result":"SYNC_SERVER_OK", "context":{"environment":"Prod_SoutheastAsia_000j", "migrationStage":"NotStarted", "server":"GENERAL0100001E"}}
{"logTime": "0711/044205", "correlationVector":"kHiavlp5eBggHOHZNgSl7X.2","action":"Commit Response", "result":"SYNCER_OK", "context":Result: SYNCER_OK. cV=kHiavlp5eBggHOHZNgSl7X.0;server=GENERAL0100001E;cloudType=Consumer;environment=Prod_SoutheastAsia_000j;migrationStage=NotStarted}
{"logTime": "0711/044235", "correlationVector":"C0b+AFkRc1oDpTFlDYpPYK","action":"Commit Request", "result":"", "context":Item count: 2
Contributing types: Sessions}
{"logTime": "0711/044236", "correlationVector":"C0b+AFkRc1oDpTFlDYpPYK.1","action":"SyncServerConnectionManagerRequest", "result":"SYNC_SERVER_OK", "context":{"environment":"Prod_SoutheastAsia_000j", "migrationStage":"NotStarted", "server":"GENERAL0100000P"}}
{"logTime": "0711/044236", "correlationVector":"C0b+AFkRc1oDpTFlDYpPYK.2","action":"Commit Response", "result":"SYNCER_OK", "context":Result: SYNCER_OK. cV=C0b+AFkRc1oDpTFlDYpPYK.0;server=GENERAL0100000P;cloudType=Consumer;environment=Prod_SoutheastAsia_000j;migrationStage=NotStarted}
{"logTime": "0711/044425", "correlationVector":"WCRpSoNsRX2NtS/pEyl7xA","action":"Commit Request", "result":"", "context":Item count: 3
Contributing types: Sessions}
{"logTime": "0711/044426", "correlationVector":"WCRpSoNsRX2NtS/pEyl7xA.1","action":"SyncServerConnectionManagerRequest", "result":"SYNC_SERVER_OK", "context":{"environment":"Prod_SoutheastAsia_000j", "migrationStage":"NotStarted", "server":"GENERAL0100000V"}}
{"logTime": "0711/044426", "correlationVector":"WCRpSoNsRX2NtS/pEyl7xA.2","action":"Commit Response", "result":"SYNCER_OK", "context":Result: SYNCER_OK. cV=WCRpSoNsRX2NtS/pEyl7xA.0;server=GENERAL0100000V;cloudType=Consumer;environment=Prod_SoutheastAsia_000j;migrationStage=NotStarted}
{"logTime": "0711/044538", "correlationVector":"2l2D8Q1g+tM0LOWYyCKQ3f","action":"Commit Request", "result":"", "context":Item count: 2
Contributing types: Sessions}
{"logTime": "0711/044539", "correlationVector":"2l2D8Q1g+tM0LOWYyCKQ3f.1","action":"SyncServerConnectionManagerRequest", "result":"SYNC_SERVER_OK", "context":{"environment":"Prod_SoutheastAsia_000j", "migrationStage":"NotStarted", "server":"GENERAL0100001C"}}
{"logTime": "0711/044539", "correlationVector":"2l2D8Q1g+tM0LOWYyCKQ3f.3","action":"Commit.Sessions", "result":"Success", "context":{"id":"916086d7-5fca-433a-b8ff-8dafdaac983b", "isDeleted":"true", "size":"0", "version":"1689050665818"}}
{"logTime": "0711/044539", "correlationVector":"2l2D8Q1g+tM0LOWYyCKQ3f.2","action":"Commit Response", "result":"SYNCER_OK", "context":Result: SYNCER_OK. cV=2l2D8Q1g+tM0LOWYyCKQ3f.0;server=GENERAL0100001C;cloudType=Consumer;environment=Prod_SoutheastAsia_000j;migrationStage=NotStarted}
{"logTime": "0711/044718", "correlationVector":"5yQ/yr11x52OVZp1XSfU4U","action":"Commit Request", "result":"", "context":Item count: 1
Contributing types: Sessions}
{"logTime": "0711/044719", "correlationVector":"5yQ/yr11x52OVZp1XSfU4U.1","action":"SyncServerConnectionManagerRequest", "result":"SYNC_SERVER_OK", "context":{"environment":"Prod_SoutheastAsia_000j", "migrationStage":"NotStarted", "server":"GENERAL01000004"}}
{"logTime": "0711/044719", "correlationVector":"5yQ/yr11x52OVZp1XSfU4U.2","action":"Commit Response", "result":"SYNCER_OK", "context":Result: SYNCER_OK. cV=5yQ/yr11x52OVZp1XSfU4U.0;server=GENERAL01000004;cloudType=Consumer;environment=Prod_SoutheastAsia_000j;migrationStage=NotStarted}
{"logTime": "0711/044920", "correlationVector":"WQ5HkCKIHJHV2TtDFRp2C2","action":"Commit Request", "result":"", "context":Item count: 1
Contributing types: Sessions}
{"logTime": "0711/044921", "correlationVector":"WQ5HkCKIHJHV2TtDFRp2C2.1","action":"SyncServerConnectionManagerRequest", "result":"SYNC_SERVER_OK", "context":{"environment":"Prod_SoutheastAsia_000j", "migrationStage":"NotStarted", "server":"general0100001F"}}
{"logTime": "0711/044921", "correlationVector":"WQ5HkCKIHJHV2TtDFRp2C2.2","action":"Commit Response", "result":"SYNCER_OK", "context":Result: SYNCER_OK. cV=WQ5HkCKIHJHV2TtDFRp2C2.0;server=general0100001F;cloudType=Consumer;environment=Prod_SoutheastAsia_000j;migrationStage=NotStarted}
{"logTime": "0711/045739", "correlationVector":"XBymE9PkoYmWEwcrQBRxFQ","action":"Commit Request", "result":"", "context":Item count: 2
Contributing types: Sessions}
{"logTime": "0711/045740", "correlationVector":"XBymE9PkoYmWEwcrQBRxFQ.1","action":"SyncServerConnectionManagerRequest", "result":"SYNC_SERVER_OK", "context":{"environment":"Prod_SoutheastAsia_000j", "migrationStage":"NotStarted", "server":"GENERAL0100000D"}}
{"logTime": "0711/045740", "correlationVector":"XBymE9PkoYmWEwcrQBRxFQ.3","action":"Commit.Sessions", "result":"Success", "context":{"id":"efb2efb7-fa78-4e9f-88bc-c5ad7725d060", "isDeleted":"true", "size":"0", "version":"1689050739038"}}
{"logTime": "0711/045740", "correlationVector":"XBymE9PkoYmWEwcrQBRxFQ.2","action":"Commit Response", "result":"SYNCER_OK", "context":Result: SYNCER_OK. cV=XBymE9PkoYmWEwcrQBRxFQ.0;server=GENERAL0100000D;cloudType=Consumer;environment=Prod_SoutheastAsia_000j;migrationStage=NotStarted}
{"logTime": "0711/045842", "correlationVector":"QM+dhUzZ1Nd4xOqSiVw3Ka","action":"Commit Request", "result":"", "context":Item count: 2
Contributing types: Sessions}
{"logTime": "0711/045842", "correlationVector":"QM+dhUzZ1Nd4xOqSiVw3Ka.1","action":"SyncServerConnectionManagerRequest", "result":"SYNC_SERVER_OK", "context":{"environment":"Prod_SoutheastAsia_000j", "migrationStage":"NotStarted", "server":"GENERAL0100000N"}}
{"logTime": "0711/045842", "correlationVector":"QM+dhUzZ1Nd4xOqSiVw3Ka.3","action":"Commit.Sessions", "result":"Success", "context":{"id":"1699c130-78e1-43ce-a4ee-7e6cbd4bcaa5", "isDeleted":"true", "size":"0", "version":"1689050960924"}}
{"logTime": "0711/045842", "correlationVector":"QM+dhUzZ1Nd4xOqSiVw3Ka.2","action":"Commit Response", "result":"SYNCER_OK", "context":Result: SYNCER_OK. cV=QM+dhUzZ1Nd4xOqSiVw3Ka.0;server=GENERAL0100000N;cloudType=Consumer;environment=Prod_SoutheastAsia_000j;migrationStage=NotStarted}
{"logTime": "0711/045936", "correlationVector":"Wv4KMpTnDD275qbTpA1I5C","action":"Commit Request", "result":"", "context":Item count: 3
Contributing types: Typed URLs, Sessions}
{"logTime": "0711/045937", "correlationVector":"Wv4KMpTnDD275qbTpA1I5C.1","action":"SyncServerConnectionManagerRequest", "result":"SYNC_SERVER_OK", "context":{"environment":"Prod_SoutheastAsia_000j", "migrationStage":"NotStarted", "server":"GENERAL0100000C"}}
{"logTime": "0711/045937", "correlationVector":"Wv4KMpTnDD275qbTpA1I5C.2","action":"Commit Response", "result":"SYNCER_OK", "context":Result: SYNCER_OK. cV=Wv4KMpTnDD275qbTpA1I5C.0;server=GENERAL0100000C;cloudType=Consumer;environment=Prod_SoutheastAsia_000j;migrationStage=NotStarted}
{"logTime": "0711/050702", "correlationVector":"NSjTVl1Jzs8ZsqOxZQO+KS","action":"Commit Request", "result":"", "context":Item count: 4
Contributing types: Typed URLs, Sessions}
{"logTime": "0711/050703", "correlationVector":"NSjTVl1Jzs8ZsqOxZQO+KS.1","action":"SyncServerConnectionManagerRequest", "result":"SYNC_SERVER_OK", "context":{"environment":"Prod_SoutheastAsia_000j", "migrationStage":"NotStarted", "server":"GENERAL01000014"}}
{"logTime": "0711/050703", "correlationVector":"NSjTVl1Jzs8ZsqOxZQO+KS.2","action":"Commit Response", "result":"SYNCER_OK", "context":Result: SYNCER_OK. cV=NSjTVl1Jzs8ZsqOxZQO+KS.0;server=GENERAL01000014;cloudType=Consumer;environment=Prod_SoutheastAsia_000j;migrationStage=NotStarted}
{"logTime": "0711/050905", "correlationVector":"zIBlmsQEOgJp7c388+sikY","action":"Commit Request", "result":"", "context":Item count: 1
Contributing types: Sessions}
{"logTime": "0711/050905", "correlationVector":"zIBlmsQEOgJp7c388+sikY.1","action":"SyncServerConnectionManagerRequest", "result":"SYNC_SERVER_OK", "context":{"environment":"Prod_SoutheastAsia_000j", "migrationStage":"NotStarted", "server":"general0100000B"}}
{"logTime": "0711/050905", "correlationVector":"zIBlmsQEOgJp7c388+sikY.2","action":"Commit Response", "result":"SYNCER_OK", "context":Result: SYNCER_OK. cV=zIBlmsQEOgJp7c388+sikY.0;server=general0100000B;cloudType=Consumer;environment=Prod_SoutheastAsia_000j;migrationStage=NotStarted}
{"logTime": "0711/051023", "correlationVector":"mOmVFWMyLphpnLfNI4ckD+","action":"Commit Request", "result":"", "context":Item count: 5
Contributing types: Typed URLs, Sessions}
{"logTime": "0711/051024", "correlationVector":"mOmVFWMyLphpnLfNI4ckD+.1","action":"SyncServerConnectionManagerRequest", "result":"SYNC_SERVER_OK", "context":{"environment":"Prod_SoutheastAsia_000j", "migrationStage":"NotStarted", "server":"GENERAL01000005"}}
{"logTime": "0711/051024", "correlationVector":"mOmVFWMyLphpnLfNI4ckD+.2","action":"Commit Response", "result":"SYNCER_OK", "context":Result: SYNCER_OK. cV=mOmVFWMyLphpnLfNI4ckD+.0;server=GENERAL01000005;cloudType=Consumer;environment=Prod_SoutheastAsia_000j;migrationStage=NotStarted}
{"logTime": "0711/051055", "correlationVector":"FnSz9TYGXnctQm+JfFB05c","action":"Commit Request", "result":"", "context":Item count: 1
Contributing types: Sessions}
{"logTime": "0711/051056", "correlationVector":"FnSz9TYGXnctQm+JfFB05c.1","action":"SyncServerConnectionManagerRequest", "result":"SYNC_SERVER_OK", "context":{"environment":"Prod_SoutheastAsia_000j", "migrationStage":"NotStarted", "server":"GENERAL0100000O"}}
{"logTime": "0711/051056", "correlationVector":"FnSz9TYGXnctQm+JfFB05c.2","action":"Commit Response", "result":"SYNCER_OK", "context":Result: SYNCER_OK. cV=FnSz9TYGXnctQm+JfFB05c.0;server=GENERAL0100000O;cloudType=Consumer;environment=Prod_SoutheastAsia_000j;migrationStage=NotStarted}
{"logTime": "0711/051126", "correlationVector":"djdwvIQdB4nAkeyKvLgUzN","action":"Commit Request", "result":"", "context":Item count: 1
Contributing types: Sessions}
{"logTime": "0711/051127", "correlationVector":"djdwvIQdB4nAkeyKvLgUzN.1","action":"SyncServerConnectionManagerRequest", "result":"SYNC_SERVER_OK", "context":{"environment":"Prod_SoutheastAsia_000j", "migrationStage":"NotStarted", "server":"GENERAL0100001D"}}
{"logTime": "0711/051127", "correlationVector":"djdwvIQdB4nAkeyKvLgUzN.2","action":"Commit Response", "result":"SYNCER_OK", "context":Result: SYNCER_OK. cV=djdwvIQdB4nAkeyKvLgUzN.0;server=GENERAL0100001D;cloudType=Consumer;environment=Prod_SoutheastAsia_000j;migrationStage=NotStarted}
{"logTime": "0711/051206", "correlationVector":"tzKxz+4+lQ7luPK+Yf63s/","action":"Commit Request", "result":"", "context":Item count: 2
Contributing types: Sessions}
{"logTime": "0711/051207", "correlationVector":"tzKxz+4+lQ7luPK+Yf63s/.1","action":"SyncServerConnectionManagerRequest", "result":"SYNC_SERVER_OK", "context":{"environment":"Prod_SoutheastAsia_000j", "migrationStage":"NotStarted", "server":"GENERAL01000000"}}
{"logTime": "0711/051207", "correlationVector":"tzKxz+4+lQ7luPK+Yf63s/.2","action":"Commit Response", "result":"SYNCER_OK", "context":Result: SYNCER_OK. cV=tzKxz+4+lQ7luPK+Yf63s/.0;server=GENERAL01000000;cloudType=Consumer;environment=Prod_SoutheastAsia_000j;migrationStage=NotStarted}
{"logTime": "0711/051348", "correlationVector":"hKdxAwmEqlpUnPsQ3T+9Qk","action":"Commit Request", "result":"", "context":Item count: 4
Contributing types: Sessions}
{"logTime": "0711/051349", "correlationVector":"hKdxAwmEqlpUnPsQ3T+9Qk.1","action":"SyncServerConnectionManagerRequest", "result":"SYNC_SERVER_OK", "context":{"environment":"Prod_SoutheastAsia_000j", "migrationStage":"NotStarted", "server":"GENERAL0100000S"}}
{"logTime": "0711/051349", "correlationVector":"hKdxAwmEqlpUnPsQ3T+9Qk.3","action":"Commit.Sessions", "result":"Success", "context":{"id":"c8184c13-ca69-4f94-9440-e0e2ee1c594f", "isDeleted":"true", "size":"0", "version":"1689052286858"}}
{"logTime": "0711/051349", "correlationVector":"hKdxAwmEqlpUnPsQ3T+9Qk.2","action":"Commit Response", "result":"SYNCER_OK", "context":Result: SYNCER_OK. cV=hKdxAwmEqlpUnPsQ3T+9Qk.0;server=GENERAL0100000S;cloudType=Consumer;environment=Prod_SoutheastAsia_000j;migrationStage=NotStarted}
{"logTime": "0711/051419", "correlationVector":"skqgTnooRMZ78L0ON1tcqi","action":"Commit Request", "result":"", "context":Item count: 5
Contributing types: Typed URLs, Sessions}
{"logTime": "0711/051420", "correlationVector":"skqgTnooRMZ78L0ON1tcqi.1","action":"SyncServerConnectionManagerRequest", "result":"SYNC_SERVER_OK", "context":{"environment":"Prod_SoutheastAsia_000j", "migrationStage":"NotStarted", "server":"general0100000F"}}
{"logTime": "0711/051420", "correlationVector":"skqgTnooRMZ78L0ON1tcqi.3","action":"Commit.Sessions", "result":"Success", "context":{"id":"208ecaad-95ab-4f58-9c35-973d1d899e2f", "isDeleted":"true", "size":"0", "version":"1689052428984"}}
{"logTime": "0711/051420", "correlationVector":"skqgTnooRMZ78L0ON1tcqi.2","action":"Commit Response", "result":"SYNCER_OK", "context":Result: SYNCER_OK. cV=skqgTnooRMZ78L0ON1tcqi.0;server=general0100000F;cloudType=Consumer;environment=Prod_SoutheastAsia_000j;migrationStage=NotStarted}
{"logTime": "0711/051503", "correlationVector":"UCQHmdkFqRN9vG7GazHx0J","action":"Commit Request", "result":"", "context":Item count: 4
Contributing types: Typed URLs, Sessions}
{"logTime": "0711/051504", "correlationVector":"UCQHmdkFqRN9vG7GazHx0J.1","action":"SyncServerConnectionManagerRequest", "result":"SYNC_SERVER_OK", "context":{"environment":"Prod_SoutheastAsia_000j", "migrationStage":"NotStarted", "server":"GENERAL01000019"}}
{"logTime": "0711/051504", "correlationVector":"UCQHmdkFqRN9vG7GazHx0J.3","action":"Commit.Sessions", "result":"Success", "context":{"id":"148d7b42-1054-4d3b-839f-5425e64c3f64", "isDeleted":"true", "size":"0", "version":"1689052428987"}}
{"logTime": "0711/051504", "correlationVector":"UCQHmdkFqRN9vG7GazHx0J.2","action":"Commit Response", "result":"SYNCER_OK", "context":Result: SYNCER_OK. cV=UCQHmdkFqRN9vG7GazHx0J.0;server=GENERAL01000019;cloudType=Consumer;environment=Prod_SoutheastAsia_000j;migrationStage=NotStarted}
{"logTime": "0711/052614", "correlationVector":"PtpBrZhdkA+/AVzHxOZG6L","action":"Commit Request", "result":"", "context":Item count: 2
Contributing types: Sessions}
{"logTime": "0711/052615", "correlationVector":"PtpBrZhdkA+/AVzHxOZG6L.1","action":"SyncServerConnectionManagerRequest", "result":"SYNC_SERVER_OK", "context":{"environment":"Prod_SoutheastAsia_000j", "migrationStage":"NotStarted", "server":"general01000012"}}
{"logTime": "0711/052615", "correlationVector":"PtpBrZhdkA+/AVzHxOZG6L.3","action":"Commit.Sessions", "result":"Success", "context":{"id":"ef68bf4c-a578-4a94-9d33-acd955993ae9", "isDeleted":"true", "size":"0", "version":"1689052504083"}}
{"logTime": "0711/052615", "correlationVector":"PtpBrZhdkA+/AVzHxOZG6L.2","action":"Commit Response", "result":"SYNCER_OK", "context":Result: SYNCER_OK. cV=PtpBrZhdkA+/AVzHxOZG6L.0;server=general01000012;cloudType=Consumer;environment=Prod_SoutheastAsia_000j;migrationStage=NotStarted}
{"logTime": "0711/053013", "correlationVector":"89NVFWcN43FS2a+angVz22","action":"Commit Request", "result":"", "context":Item count: 4
Contributing types: Sessions}
{"logTime": "0711/053014", "correlationVector":"89NVFWcN43FS2a+angVz22.1","action":"SyncServerConnectionManagerRequest", "result":"SYNC_SERVER_OK", "context":{"environment":"Prod_SoutheastAsia_000j", "migrationStage":"NotStarted", "server":"general0100001A"}}
{"logTime": "0711/053014", "correlationVector":"89NVFWcN43FS2a+angVz22.2","action":"Commit Response", "result":"SYNCER_OK", "context":Result: SYNCER_OK. cV=89NVFWcN43FS2a+angVz22.0;server=general0100001A;cloudType=Consumer;environment=Prod_SoutheastAsia_000j;migrationStage=NotStarted}
{"logTime": "0711/053044", "correlationVector":"5auA0uaPR0vNxCbPwGD/dk","action":"Commit Request", "result":"", "context":Item count: 2
Contributing types: Sessions}
{"logTime": "0711/053044", "correlationVector":"5auA0uaPR0vNxCbPwGD/dk.1","action":"SyncServerConnectionManagerRequest", "result":"SYNC_SERVER_OK", "context":{"environment":"Prod_SoutheastAsia_000j", "migrationStage":"NotStarted", "server":"general0100001A"}}
{"logTime": "0711/053044", "correlationVector":"5auA0uaPR0vNxCbPwGD/dk.2","action":"Commit Response", "result":"SYNCER_OK", "context":Result: SYNCER_OK. cV=5auA0uaPR0vNxCbPwGD/dk.0;server=general0100001A;cloudType=Consumer;environment=Prod_SoutheastAsia_000j;migrationStage=NotStarted}
{"logTime": "0711/053300", "correlationVector":"kWytRBN+LCSJqgHZ+djGrx","action":"Commit Request", "result":"", "context":Item count: 2
Contributing types: Sessions}
{"logTime": "0711/053300", "correlationVector":"kWytRBN+LCSJqgHZ+djGrx.1","action":"SyncServerConnectionManagerRequest", "result":"SYNC_SERVER_OK", "context":{"environment":"Prod_SoutheastAsia_000j", "migrationStage":"NotStarted", "server":"GENERAL0100001B"}}
{"logTime": "0711/053300", "correlationVector":"kWytRBN+LCSJqgHZ+djGrx.3","action":"Commit.Sessions", "result":"Success", "context":{"id":"70641d0f-438c-474f-87d1-e7fcd5ab8bfa", "isDeleted":"true", "size":"0", "version":"1689053444582"}}
{"logTime": "0711/053300", "correlationVector":"kWytRBN+LCSJqgHZ+djGrx.2","action":"Commit Response", "result":"SYNCER_OK", "context":Result: SYNCER_OK. cV=kWytRBN+LCSJqgHZ+djGrx.0;server=GENERAL0100001B;cloudType=Consumer;environment=Prod_SoutheastAsia_000j;migrationStage=NotStarted}
{"logTime": "0711/054105", "correlationVector":"UhKn76wvGyvLL3d2dtJPF5","action":"Commit Request", "result":"", "context":Item count: 2
Contributing types: Sessions}
{"logTime": "0711/054106", "correlationVector":"UhKn76wvGyvLL3d2dtJPF5.1","action":"SyncServerConnectionManagerRequest", "result":"SYNC_SERVER_OK", "context":{"environment":"Prod_SoutheastAsia_000j", "migrationStage":"NotStarted", "server":"GENERAL0100000Y"}}
{"logTime": "0711/054106", "correlationVector":"UhKn76wvGyvLL3d2dtJPF5.3","action":"Commit.Sessions", "result":"Success", "context":{"id":"ca48d0af-2190-45a4-80ac-7b658c8cf872", "isDeleted":"true", "size":"0", "version":"1689053444581"}}
{"logTime": "0711/054106", "correlationVector":"UhKn76wvGyvLL3d2dtJPF5.2","action":"Commit Response", "result":"SYNCER_OK", "context":Result: SYNCER_OK. cV=UhKn76wvGyvLL3d2dtJPF5.0;server=GENERAL0100000Y;cloudType=Consumer;environment=Prod_SoutheastAsia_000j;migrationStage=NotStarted}
{"logTime": "0711/054152", "correlationVector":"z7ZY4C8c34R4FqFMuxOkKd","action":"Commit Request", "result":"", "context":Item count: 1
Contributing types: Sessions}
{"logTime": "0711/054152", "correlationVector":"z7ZY4C8c34R4FqFMuxOkKd.1","action":"SyncServerConnectionManagerRequest", "result":"SYNC_SERVER_OK", "context":{"environment":"Prod_SoutheastAsia_000j", "migrationStage":"NotStarted", "server":"general0100001A"}}
{"logTime": "0711/054152", "correlationVector":"z7ZY4C8c34R4FqFMuxOkKd.2","action":"Commit Response", "result":"SYNCER_OK", "context":Result: SYNCER_OK. cV=z7ZY4C8c34R4FqFMuxOkKd.0;server=general0100001A;cloudType=Consumer;environment=Prod_SoutheastAsia_000j;migrationStage=NotStarted}
{"logTime": "0711/054302", "correlationVector":"HuClzIxPkDoh/v8zriV/E9","action":"Commit Request", "result":"", "context":Item count: 3
Contributing types: Typed URLs, Sessions}
{"logTime": "0711/054303", "correlationVector":"HuClzIxPkDoh/v8zriV/E9.1","action":"SyncServerConnectionManagerRequest", "result":"SYNC_SERVER_OK", "context":{"environment":"Prod_SoutheastAsia_000j", "migrationStage":"NotStarted", "server":"GENERAL01000016"}}
{"logTime": "0711/054303", "correlationVector":"HuClzIxPkDoh/v8zriV/E9.2","action":"Commit Response", "result":"SYNCER_OK", "context":Result: SYNCER_OK. cV=HuClzIxPkDoh/v8zriV/E9.0;server=GENERAL01000016;cloudType=Consumer;environment=Prod_SoutheastAsia_000j;migrationStage=NotStarted}
{"logTime": "0711/054344", "correlationVector":"EbIfHi17hfda+T0ZyOVdq0","action":"Commit Request", "result":"", "context":Item count: 2
Contributing types: Typed URLs, Sessions}
{"logTime": "0711/054345", "correlationVector":"EbIfHi17hfda+T0ZyOVdq0.1","action":"SyncServerConnectionManagerRequest", "result":"SYNC_SERVER_OK", "context":{"environment":"Prod_SoutheastAsia_000j", "migrationStage":"NotStarted", "server":"GENERAL01000000"}}
{"logTime": "0711/054345", "correlationVector":"EbIfHi17hfda+T0ZyOVdq0.2","action":"Commit Response", "result":"SYNCER_OK", "context":Result: SYNCER_OK. cV=EbIfHi17hfda+T0ZyOVdq0.0;server=GENERAL01000000;cloudType=Consumer;environment=Prod_SoutheastAsia_000j;migrationStage=NotStarted}
{"logTime": "0711/054443", "correlationVector":"hZHPs2GG9QUN59GtsMOXrh","action":"Commit Request", "result":"", "context":Item count: 1
Contributing types: Sessions}
{"logTime": "0711/054443", "correlationVector":"hZHPs2GG9QUN59GtsMOXrh.1","action":"SyncServerConnectionManagerRequest", "result":"SYNC_SERVER_OK", "context":{"environment":"Prod_SoutheastAsia_000j", "migrationStage":"NotStarted", "server":"GENERAL01000017"}}
{"logTime": "0711/054443", "correlationVector":"hZHPs2GG9QUN59GtsMOXrh.2","action":"Commit Response", "result":"SYNCER_OK", "context":Result: SYNCER_OK. cV=hZHPs2GG9QUN59GtsMOXrh.0;server=GENERAL01000017;cloudType=Consumer;environment=Prod_SoutheastAsia_000j;migrationStage=NotStarted}
{"logTime": "0711/054822", "correlationVector":"Ku5XU2IT0psawXPlwhwQAe","action":"Commit Request", "result":"", "context":Item count: 2
Contributing types: Typed URLs, Sessions}
{"logTime": "0711/054823", "correlationVector":"Ku5XU2IT0psawXPlwhwQAe.1","action":"SyncServerConnectionManagerRequest", "result":"SYNC_SERVER_OK", "context":{"environment":"Prod_SoutheastAsia_000j", "migrationStage":"NotStarted", "server":"GENERAL0100000Y"}}
{"logTime": "0711/054823", "correlationVector":"Ku5XU2IT0psawXPlwhwQAe.2","action":"Commit Response", "result":"SYNCER_OK", "context":Result: SYNCER_OK. cV=Ku5XU2IT0psawXPlwhwQAe.0;server=GENERAL0100000Y;cloudType=Consumer;environment=Prod_SoutheastAsia_000j;migrationStage=NotStarted}
{"logTime": "0711/054902", "correlationVector":"kGhh2LIb0MZZKT0GSmfwpx","action":"Commit Request", "result":"", "context":Item count: 2
Contributing types: Typed URLs, Sessions}
{"logTime": "0711/054902", "correlationVector":"kGhh2LIb0MZZKT0GSmfwpx.1","action":"SyncServerConnectionManagerRequest", "result":"SYNC_SERVER_OK", "context":{"environment":"Prod_SoutheastAsia_000j", "migrationStage":"NotStarted", "server":"GENERAL01000017"}}
{"logTime": "0711/054902", "correlationVector":"kGhh2LIb0MZZKT0GSmfwpx.2","action":"Commit Response", "result":"SYNCER_OK", "context":Result: SYNCER_OK. cV=kGhh2LIb0MZZKT0GSmfwpx.0;server=GENERAL01000017;cloudType=Consumer;environment=Prod_SoutheastAsia_000j;migrationStage=NotStarted}
{"logTime": "0711/055024", "correlationVector":"zcmlWpCXU7ZMGijly45bWP","action":"Commit Request", "result":"", "context":Item count: 2
Contributing types: Sessions}
{"logTime": "0711/055024", "correlationVector":"zcmlWpCXU7ZMGijly45bWP.1","action":"SyncServerConnectionManagerRequest", "result":"SYNC_SERVER_OK", "context":{"environment":"Prod_SoutheastAsia_000j", "migrationStage":"NotStarted", "server":"general0100000I"}}
{"logTime": "0711/055024", "correlationVector":"zcmlWpCXU7ZMGijly45bWP.2","action":"Commit Response", "result":"SYNCER_OK", "context":Result: SYNCER_OK. cV=zcmlWpCXU7ZMGijly45bWP.0;server=general0100000I;cloudType=Consumer;environment=Prod_SoutheastAsia_000j;migrationStage=NotStarted}
{"logTime": "0711/055129", "correlationVector":"2ppiLdl8bTGie3egkdi3Sm","action":"Commit Request", "result":"", "context":Item count: 3
Contributing types: Sessions}
{"logTime": "0711/055129", "correlationVector":"2ppiLdl8bTGie3egkdi3Sm.1","action":"SyncServerConnectionManagerRequest", "result":"SYNC_SERVER_OK", "context":{"environment":"Prod_SoutheastAsia_000j", "migrationStage":"NotStarted", "server":"GENERAL0100001B"}}
{"logTime": "0711/055129", "correlationVector":"2ppiLdl8bTGie3egkdi3Sm.3","action":"Commit.Sessions", "result":"Success", "context":{"id":"a916f7e4-8d68-4c74-8d61-818cb5d3b249", "isDeleted":"true", "size":"0", "version":"1689054624187"}}
{"logTime": "0711/055129", "correlationVector":"2ppiLdl8bTGie3egkdi3Sm.2","action":"Commit Response", "result":"SYNCER_OK", "context":Result: SYNCER_OK. cV=2ppiLdl8bTGie3egkdi3Sm.0;server=GENERAL0100001B;cloudType=Consumer;environment=Prod_SoutheastAsia_000j;migrationStage=NotStarted}
{"logTime": "0711/060931", "correlationVector":"Kp5fa3jthqcuG/t17OEaGq","action":"Commit Request", "result":"", "context":Item count: 4
Contributing types: Typed URLs, Sessions}
{"logTime": "0711/060931", "correlationVector":"Kp5fa3jthqcuG/t17OEaGq.1","action":"SyncServerConnectionManagerRequest", "result":"SYNC_SERVER_OK", "context":{"environment":"Prod_SoutheastAsia_000j", "migrationStage":"NotStarted", "server":"GENERAL0100000R"}}
{"logTime": "0711/060931", "correlationVector":"Kp5fa3jthqcuG/t17OEaGq.2","action":"Commit Response", "result":"SYNCER_OK", "context":Result: SYNCER_OK. cV=Kp5fa3jthqcuG/t17OEaGq.0;server=GENERAL0100000R;cloudType=Consumer;environment=Prod_SoutheastAsia_000j;migrationStage=NotStarted}
{"logTime": "0711/061028", "correlationVector":"yHp7IEvGY0rl8PLToD8Ejq","action":"Commit Request", "result":"", "context":Item count: 1
Contributing types: Sessions}
{"logTime": "0711/061028", "correlationVector":"yHp7IEvGY0rl8PLToD8Ejq.1","action":"SyncServerConnectionManagerRequest", "result":"SYNC_SERVER_OK", "context":{"environment":"Prod_SoutheastAsia_000j", "migrationStage":"NotStarted", "server":"GENERAL0100001I"}}
{"logTime": "0711/061028", "correlationVector":"yHp7IEvGY0rl8PLToD8Ejq.2","action":"Commit Response", "result":"SYNCER_OK", "context":Result: SYNCER_OK. cV=yHp7IEvGY0rl8PLToD8Ejq.0;server=GENERAL0100001I;cloudType=Consumer;environment=Prod_SoutheastAsia_000j;migrationStage=NotStarted}
{"logTime": "0711/061208", "correlationVector":"biVpf/P9+8nyvVMOcaxIYW","action":"Commit Request", "result":"", "context":Item count: 3
Contributing types: Sessions}
{"logTime": "0711/061208", "correlationVector":"biVpf/P9+8nyvVMOcaxIYW.1","action":"SyncServerConnectionManagerRequest", "result":"SYNC_SERVER_OK", "context":{"environment":"Prod_SoutheastAsia_000j", "migrationStage":"NotStarted", "server":"GENERAL0100000Z"}}
{"logTime": "0711/061208", "correlationVector":"biVpf/P9+8nyvVMOcaxIYW.3","action":"Commit.Sessions", "result":"Success", "context":{"id":"b7c909b8-d3ae-4d77-8f44-b707c86b4e73", "isDeleted":"true", "size":"0", "version":"1689051577151"}}
{"logTime": "0711/061208", "correlationVector":"biVpf/P9+8nyvVMOcaxIYW.4","action":"Commit.Sessions", "result":"Success", "context":{"id":"c325fc81-fc2c-4148-84cf-581cd4d4a950", "isDeleted":"true", "size":"0", "version":"1689054112229"}}
{"logTime": "0711/061208", "correlationVector":"biVpf/P9+8nyvVMOcaxIYW.2","action":"Commit Response", "result":"SYNCER_OK", "context":Result: SYNCER_OK. cV=biVpf/P9+8nyvVMOcaxIYW.0;server=GENERAL0100000Z;cloudType=Consumer;environment=Prod_SoutheastAsia_000j;migrationStage=NotStarted}
{"logTime": "0711/062345", "correlationVector":"Vb59lCydN2VZxIZ5SaqUL2","action":"Commit Request", "result":"", "context":Item count: 2
Contributing types: Sessions}
{"logTime": "0711/062346", "correlationVector":"Vb59lCydN2VZxIZ5SaqUL2.1","action":"SyncServerConnectionManagerRequest", "result":"SYNC_SERVER_OK", "context":{"environment":"Prod_SoutheastAsia_000j", "migrationStage":"NotStarted", "server":"GENERAL0100001I"}}
{"logTime": "0711/062346", "correlationVector":"Vb59lCydN2VZxIZ5SaqUL2.3","action":"Commit.Sessions", "result":"Success", "context":{"id":"a45459d0-4667-49cb-84cd-6e28ce253c1d", "isDeleted":"true", "size":"0", "version":"1689055828254"}}
{"logTime": "0711/062346", "correlationVector":"Vb59lCydN2VZxIZ5SaqUL2.2","action":"Commit Response", "result":"SYNCER_OK", "context":Result: SYNCER_OK. cV=Vb59lCydN2VZxIZ5SaqUL2.0;server=GENERAL0100001I;cloudType=Consumer;environment=Prod_SoutheastAsia_000j;migrationStage=NotStarted}
{"logTime": "0711/062710", "correlationVector":"mO4n8BOhNIrn/UOMymF0c5","action":"Commit Request", "result":"", "context":Item count: 1
Contributing types: Sessions}
{"logTime": "0711/062714", "correlationVector":"mO4n8BOhNIrn/UOMymF0c5.1","action":"SyncServerConnectionManagerRequest", "result":"SYNC_SERVER_OK", "context":{"environment":"Prod_SoutheastAsia_000j", "migrationStage":"NotStarted", "server":"GENERAL01000004"}}
{"logTime": "0711/062714", "correlationVector":"mO4n8BOhNIrn/UOMymF0c5.2","action":"Commit Response", "result":"SYNCER_OK", "context":Result: SYNCER_OK. cV=mO4n8BOhNIrn/UOMymF0c5.0;server=GENERAL01000004;cloudType=Consumer;environment=Prod_SoutheastAsia_000j;migrationStage=NotStarted}
{"logTime": "0711/071450", "correlationVector":"zYE8tUjSAzfiixT0ZRF4Em","action":"Commit Request", "result":"", "context":Item count: 1
Contributing types: Sessions}
{"logTime": "0711/071451", "correlationVector":"zYE8tUjSAzfiixT0ZRF4Em.1","action":"SyncServerConnectionManagerRequest", "result":"SYNC_SERVER_OK", "context":{"environment":"Prod_SoutheastAsia_000j", "migrationStage":"NotStarted", "server":"GENERAL0100000P"}}
{"logTime": "0711/071451", "correlationVector":"zYE8tUjSAzfiixT0ZRF4Em.2","action":"Commit Response", "result":"SYNCER_OK", "context":Result: SYNCER_OK. cV=zYE8tUjSAzfiixT0ZRF4Em.0;server=GENERAL0100000P;cloudType=Consumer;environment=Prod_SoutheastAsia_000j;migrationStage=NotStarted}
{"logTime": "0711/100325", "correlationVector":"p07t5U/Zogk8PiL35J7XNd","action":"Commit Request", "result":"", "context":Item count: 2
Contributing types: Sessions}
{"logTime": "0711/100325", "correlationVector":"p07t5U/Zogk8PiL35J7XNd","action":"SyncServerConnectionManagerRequest", "result":"CONNECTION_UNAVAILABLE", "context":{"error_type":"net_error_code", "error_value":"-106"}}
{"logTime": "0711/100325", "correlationVector":"qzTKytMg5SYNjfewGRVi6o.0","action":"Commit Response", "result":"NETWORK_ERROR_TRANSPORT (ERR_INTERNET_DISCONNECTED)", "context":Result: NETWORK_ERROR_TRANSPORT (ERR_INTERNET_DISCONNECTED). }
{"logTime": "0711/100410", "correlationVector":"WTRlQIIc3rJWSrQI5ASkNI","action":"Commit Request", "result":"", "context":Item count: 2
Contributing types: Sessions}
{"logTime": "0711/100410", "correlationVector":"WTRlQIIc3rJWSrQI5ASkNI","action":"SyncServerConnectionManagerRequest", "result":"CONNECTION_UNAVAILABLE", "context":{"error_type":"net_error_code", "error_value":"-106"}}
{"logTime": "0711/100410", "correlationVector":"VDgSFnlVx2Gn4qzT2Nmt4v.0","action":"Commit Response", "result":"NETWORK_ERROR_TRANSPORT (ERR_INTERNET_DISCONNECTED)", "context":Result: NETWORK_ERROR_TRANSPORT (ERR_INTERNET_DISCONNECTED). }
{"logTime": "0711/100540", "correlationVector":"EugZ8oFUEle80ecG6rShof","action":"Commit Request", "result":"", "context":Item count: 2
Contributing types: Sessions}
{"logTime": "0711/100541", "correlationVector":"EugZ8oFUEle80ecG6rShof.1","action":"SyncServerConnectionManagerRequest", "result":"SYNC_SERVER_OK", "context":{"environment":"Prod_SoutheastAsia_000j", "migrationStage":"NotStarted", "server":"GENERAL01000008"}}
{"logTime": "0711/100541", "correlationVector":"EugZ8oFUEle80ecG6rShof.2","action":"Commit Response", "result":"SYNCER_OK", "context":Result: SYNCER_OK. cV=EugZ8oFUEle80ecG6rShof.0;server=GENERAL01000008;cloudType=Consumer;environment=Prod_SoutheastAsia_000j;migrationStage=NotStarted}
{"logTime": "0711/100602", "correlationVector":"d+TwpsoURUi4TJsqQe2Hqn","action":"Commit Request", "result":"", "context":Item count: 2
Contributing types: Sessions}
{"logTime": "0711/100602", "correlationVector":"d+TwpsoURUi4TJsqQe2Hqn.1","action":"SyncServerConnectionManagerRequest", "result":"SYNC_SERVER_OK", "context":{"environment":"Prod_SoutheastAsia_000j", "migrationStage":"NotStarted", "server":"GENERAL0100000N"}}
{"logTime": "0711/100602", "correlationVector":"d+TwpsoURUi4TJsqQe2Hqn.2","action":"Commit Response", "result":"SYNCER_OK", "context":Result: SYNCER_OK. cV=d+TwpsoURUi4TJsqQe2Hqn.0;server=GENERAL0100000N;cloudType=Consumer;environment=Prod_SoutheastAsia_000j;migrationStage=NotStarted}
{"logTime": "0711/101321", "correlationVector":"ZM/qzQWDXrIE1KacIGH18D","action":"Commit Request", "result":"", "context":Item count: 3
Contributing types: Sessions}
{"logTime": "0711/101322", "correlationVector":"ZM/qzQWDXrIE1KacIGH18D.1","action":"SyncServerConnectionManagerRequest", "result":"SYNC_SERVER_OK", "context":{"environment":"Prod_SoutheastAsia_000j", "migrationStage":"NotStarted", "server":"GENERAL01000005"}}
{"logTime": "0711/101322", "correlationVector":"ZM/qzQWDXrIE1KacIGH18D.2","action":"Commit Response", "result":"SYNCER_OK", "context":Result: SYNCER_OK. cV=ZM/qzQWDXrIE1KacIGH18D.0;server=GENERAL01000005;cloudType=Consumer;environment=Prod_SoutheastAsia_000j;migrationStage=NotStarted}
{"logTime": "0711/101421", "correlationVector":"U4cpsPUJvwWYM66tUTgzE/","action":"Commit Request", "result":"", "context":Item count: 1
Contributing types: Sessions}
{"logTime": "0711/101421", "correlationVector":"U4cpsPUJvwWYM66tUTgzE/.1","action":"SyncServerConnectionManagerRequest", "result":"SYNC_SERVER_OK", "context":{"environment":"Prod_SoutheastAsia_000j", "migrationStage":"NotStarted", "server":"GENERAL01000010"}}
{"logTime": "0711/101421", "correlationVector":"U4cpsPUJvwWYM66tUTgzE/.2","action":"Commit Response", "result":"SYNCER_OK", "context":Result: SYNCER_OK. cV=U4cpsPUJvwWYM66tUTgzE/.0;server=GENERAL01000010;cloudType=Consumer;environment=Prod_SoutheastAsia_000j;migrationStage=NotStarted}
{"logTime": "0711/101800", "correlationVector":"OB/yzqeClyHYoCpgrQ+Nhp","action":"Commit Request", "result":"", "context":Item count: 3
Contributing types: Sessions}
{"logTime": "0711/101800", "correlationVector":"OB/yzqeClyHYoCpgrQ+Nhp.1","action":"SyncServerConnectionManagerRequest", "result":"SYNC_AUTH_ERROR", "context":{"environment":"Prod_SoutheastAsia_000j", "migrationStage":"NotStarted", "server":"GENERAL01000018"}}
{"logTime": "0711/101800", "correlationVector":"OB/yzqeClyHYoCpgrQ+Nhp.2","action":"Commit Response", "result":"SYNC_AUTH_ERROR (HTTP 401)", "context":Result: SYNC_AUTH_ERROR (HTTP 401). cV=OB/yzqeClyHYoCpgrQ+Nhp.0;server=GENERAL01000018;cloudType=Undetermined;environment=Prod_SoutheastAsia_000j;migrationStage=NotStarted}
{"logTime": "0711/101801", "correlationVector":"XDLtHcMg1Wc49txy+1fohB","action":"Commit Request", "result":"", "context":Item count: 3
Contributing types: Sessions}
{"logTime": "0711/101801", "correlationVector":"XDLtHcMg1Wc49txy+1fohB.1","action":"SyncServerConnectionManagerRequest", "result":"SYNC_SERVER_OK", "context":{"environment":"Prod_SoutheastAsia_000j", "migrationStage":"NotStarted", "server":"GENERAL0100000H"}}
{"logTime": "0711/101801", "correlationVector":"XDLtHcMg1Wc49txy+1fohB.3","action":"Commit.Sessions", "result":"Success", "context":{"id":"56e35798-f9bb-4aa1-b44f-399d319f5280", "isDeleted":"true", "size":"0", "version":"1689070461565"}}
{"logTime": "0711/101801", "correlationVector":"XDLtHcMg1Wc49txy+1fohB.2","action":"Commit Response", "result":"SYNCER_OK", "context":Result: SYNCER_OK. cV=XDLtHcMg1Wc49txy+1fohB.0;server=GENERAL0100000H;cloudType=Consumer;environment=Prod_SoutheastAsia_000j;migrationStage=NotStarted}
{"logTime": "0711/101835", "correlationVector":"3s0Xq7naMMnSp/tuSdhFsa","action":"Commit Request", "result":"", "context":Item count: 1
Contributing types: Sessions}
{"logTime": "0711/101835", "correlationVector":"3s0Xq7naMMnSp/tuSdhFsa.1","action":"SyncServerConnectionManagerRequest", "result":"SYNC_SERVER_OK", "context":{"environment":"Prod_SoutheastAsia_000j", "migrationStage":"NotStarted", "server":"GENERAL01000004"}}
{"logTime": "0711/101835", "correlationVector":"3s0Xq7naMMnSp/tuSdhFsa.3","action":"Commit.Sessions", "result":"Success", "context":{"id":"58991536-924e-4363-92c7-553e801ed4e0", "isDeleted":"true", "size":"0", "version":"1689070681474"}}
{"logTime": "0711/101835", "correlationVector":"3s0Xq7naMMnSp/tuSdhFsa.2","action":"Commit Response", "result":"SYNCER_OK", "context":Result: SYNCER_OK. cV=3s0Xq7naMMnSp/tuSdhFsa.0;server=GENERAL01000004;cloudType=Consumer;environment=Prod_SoutheastAsia_000j;migrationStage=NotStarted}
{"logTime": "0711/102114", "correlationVector":"NvyI0cUPVp3FO9pnQtNMIm","action":"Commit Request", "result":"", "context":Item count: 3
Contributing types: Typed URLs, Sessions}
{"logTime": "0711/102114", "correlationVector":"NvyI0cUPVp3FO9pnQtNMIm.1","action":"SyncServerConnectionManagerRequest", "result":"SYNC_SERVER_OK", "context":{"environment":"Prod_SoutheastAsia_000j", "migrationStage":"NotStarted", "server":"GENERAL0100001J"}}
{"logTime": "0711/102114", "correlationVector":"NvyI0cUPVp3FO9pnQtNMIm.2","action":"Commit Response", "result":"SYNCER_OK", "context":Result: SYNCER_OK. cV=NvyI0cUPVp3FO9pnQtNMIm.0;server=GENERAL0100001J;cloudType=Consumer;environment=Prod_SoutheastAsia_000j;migrationStage=NotStarted}
{"logTime": "0711/102201", "correlationVector":"yski+iaNHsMFbq8JkTgEZJ","action":"Commit Request", "result":"", "context":Item count: 3
Contributing types: Sessions}
{"logTime": "0711/102202", "correlationVector":"yski+iaNHsMFbq8JkTgEZJ.1","action":"SyncServerConnectionManagerRequest", "result":"SYNC_SERVER_OK", "context":{"environment":"Prod_SoutheastAsia_000j", "migrationStage":"NotStarted", "server":"GENERAL0100000C"}}
{"logTime": "0711/102202", "correlationVector":"yski+iaNHsMFbq8JkTgEZJ.3","action":"Commit.Sessions", "result":"Success", "context":{"id":"b129a146-62ce-4e3d-8c7f-15da0c1d8c83", "isDeleted":"true", "size":"0", "version":"1689070874493"}}
{"logTime": "0711/102202", "correlationVector":"yski+iaNHsMFbq8JkTgEZJ.2","action":"Commit Response", "result":"SYNCER_OK", "context":Result: SYNCER_OK. cV=yski+iaNHsMFbq8JkTgEZJ.0;server=GENERAL0100000C;cloudType=Consumer;environment=Prod_SoutheastAsia_000j;migrationStage=NotStarted}
{"logTime": "0711/103929", "correlationVector":"uFWiD3pMsyGtooCNOVy+PR","action":"Commit Request", "result":"", "context":Item count: 3
Contributing types: Sessions}
{"logTime": "0711/103929", "correlationVector":"uFWiD3pMsyGtooCNOVy+PR.1","action":"SyncServerConnectionManagerRequest", "result":"SYNC_SERVER_OK", "context":{"environment":"Prod_SoutheastAsia_000j", "migrationStage":"NotStarted", "server":"GENERAL0100000N"}}
{"logTime": "0711/103929", "correlationVector":"uFWiD3pMsyGtooCNOVy+PR.3","action":"Commit.Sessions", "result":"Success", "context":{"id":"9a2be80a-cb47-4e50-babc-b313dab4068f", "isDeleted":"true", "size":"0", "version":"1689070921907"}}
{"logTime": "0711/103929", "correlationVector":"uFWiD3pMsyGtooCNOVy+PR.2","action":"Commit Response", "result":"SYNCER_OK", "context":Result: SYNCER_OK. cV=uFWiD3pMsyGtooCNOVy+PR.0;server=GENERAL0100000N;cloudType=Consumer;environment=Prod_SoutheastAsia_000j;migrationStage=NotStarted}
{"logTime": "0711/104111", "correlationVector":"rH4MPLjeoUYR/Qwd31WNn1","action":"Commit Request", "result":"", "context":Item count: 1
Contributing types: Sessions}
{"logTime": "0711/104111", "correlationVector":"rH4MPLjeoUYR/Qwd31WNn1.1","action":"SyncServerConnectionManagerRequest", "result":"SYNC_SERVER_OK", "context":{"environment":"Prod_SoutheastAsia_000j", "migrationStage":"NotStarted", "server":"GENERAL01000010"}}
{"logTime": "0711/104111", "correlationVector":"rH4MPLjeoUYR/Qwd31WNn1.3","action":"Commit.Sessions", "result":"Success", "context":{"id":"5096c255-da0e-43bf-91f9-12002fe6857c", "isDeleted":"true", "size":"0", "version":"1689071969392"}}
{"logTime": "0711/104111", "correlationVector":"rH4MPLjeoUYR/Qwd31WNn1.2","action":"Commit Response", "result":"SYNCER_OK", "context":Result: SYNCER_OK. cV=rH4MPLjeoUYR/Qwd31WNn1.0;server=GENERAL01000010;cloudType=Consumer;environment=Prod_SoutheastAsia_000j;migrationStage=NotStarted}
{"logTime": "0711/111813", "correlationVector":"Deci5zQCZsWiJaJr5JOetp","action":"Commit Request", "result":"", "context":Item count: 1
Contributing types: Sessions}
{"logTime": "0711/111814", "correlationVector":"Deci5zQCZsWiJaJr5JOetp.1","action":"SyncServerConnectionManagerRequest", "result":"SYNC_SERVER_OK", "context":{"environment":"Prod_SoutheastAsia_000j", "migrationStage":"NotStarted", "server":"GENERAL0100000W"}}
{"logTime": "0711/111814", "correlationVector":"Deci5zQCZsWiJaJr5JOetp.2","action":"Commit Response", "result":"SYNCER_OK", "context":Result: SYNCER_OK. cV=Deci5zQCZsWiJaJr5JOetp.0;server=GENERAL0100000W;cloudType=Consumer;environment=Prod_SoutheastAsia_000j;migrationStage=NotStarted}
{"logTime": "0711/114758", "correlationVector":"jGd6MKFeunekNLdL/nL3Bn","action":"Commit Request", "result":"", "context":Item count: 5
Contributing types: Typed URLs, Sessions}
{"logTime": "0711/114758", "correlationVector":"jGd6MKFeunekNLdL/nL3Bn.1","action":"SyncServerConnectionManagerRequest", "result":"SYNC_SERVER_OK", "context":{"environment":"Prod_SoutheastAsia_000j", "migrationStage":"NotStarted", "server":"general0100000I"}}
{"logTime": "0711/114758", "correlationVector":"jGd6MKFeunekNLdL/nL3Bn.2","action":"Commit Response", "result":"SYNCER_OK", "context":Result: SYNCER_OK. cV=jGd6MKFeunekNLdL/nL3Bn.0;server=general0100000I;cloudType=Consumer;environment=Prod_SoutheastAsia_000j;migrationStage=NotStarted}
{"logTime": "0711/114933", "correlationVector":"UCmKQtxVtoOibUkWqBHpp1","action":"Commit Request", "result":"", "context":Item count: 2
Contributing types: Sessions}
{"logTime": "0711/114934", "correlationVector":"UCmKQtxVtoOibUkWqBHpp1.1","action":"SyncServerConnectionManagerRequest", "result":"SYNC_SERVER_OK", "context":{"environment":"Prod_SoutheastAsia_000j", "migrationStage":"NotStarted", "server":"GENERAL0100001E"}}
{"logTime": "0711/114934", "correlationVector":"UCmKQtxVtoOibUkWqBHpp1.2","action":"Commit Response", "result":"SYNCER_OK", "context":Result: SYNCER_OK. cV=UCmKQtxVtoOibUkWqBHpp1.0;server=GENERAL0100001E;cloudType=Consumer;environment=Prod_SoutheastAsia_000j;migrationStage=NotStarted}
{"logTime": "0711/115101", "correlationVector":"f3UU3IlLPWSwj9/3/tACo9","action":"Commit Request", "result":"", "context":Item count: 4
Contributing types: Sessions}
{"logTime": "0711/115101", "correlationVector":"f3UU3IlLPWSwj9/3/tACo9.1","action":"SyncServerConnectionManagerRequest", "result":"SYNC_SERVER_OK", "context":{"environment":"Prod_SoutheastAsia_000j", "migrationStage":"NotStarted", "server":"GENERAL0100000G"}}
{"logTime": "0711/115101", "correlationVector":"f3UU3IlLPWSwj9/3/tACo9.2","action":"Commit Response", "result":"SYNCER_OK", "context":Result: SYNCER_OK. cV=f3UU3IlLPWSwj9/3/tACo9.0;server=GENERAL0100000G;cloudType=Consumer;environment=Prod_SoutheastAsia_000j;migrationStage=NotStarted}
{"logTime": "0711/115354", "correlationVector":"BwibpBRTm2Fy5q96tlHOjt","action":"Commit Request", "result":"", "context":Item count: 2
Contributing types: Sessions}
{"logTime": "0711/115354", "correlationVector":"BwibpBRTm2Fy5q96tlHOjt.1","action":"SyncServerConnectionManagerRequest", "result":"SYNC_SERVER_OK", "context":{"environment":"Prod_SoutheastAsia_000j", "migrationStage":"NotStarted", "server":"GENERAL0100000O"}}
{"logTime": "0711/115354", "correlationVector":"BwibpBRTm2Fy5q96tlHOjt.2","action":"Commit Response", "result":"SYNCER_OK", "context":Result: SYNCER_OK. cV=BwibpBRTm2Fy5q96tlHOjt.0;server=GENERAL0100000O;cloudType=Consumer;environment=Prod_SoutheastAsia_000j;migrationStage=NotStarted}
{"logTime": "0711/115706", "correlationVector":"66FfR9xQXpL8hlEqfxeK4I","action":"Commit Request", "result":"", "context":Item count: 2
Contributing types: Sessions}
{"logTime": "0711/115706", "correlationVector":"66FfR9xQXpL8hlEqfxeK4I.1","action":"SyncServerConnectionManagerRequest", "result":"SYNC_SERVER_OK", "context":{"environment":"Prod_SoutheastAsia_000j", "migrationStage":"NotStarted", "server":"GENERAL0100001H"}}
{"logTime": "0711/115706", "correlationVector":"66FfR9xQXpL8hlEqfxeK4I.2","action":"Commit Response", "result":"SYNCER_OK", "context":Result: SYNCER_OK. cV=66FfR9xQXpL8hlEqfxeK4I.0;server=GENERAL0100001H;cloudType=Consumer;environment=Prod_SoutheastAsia_000j;migrationStage=NotStarted}
{"logTime": "0711/115748", "correlationVector":"DkKIM5iavOG/LP7aAQqv/S","action":"Commit Request", "result":"", "context":Item count: 2
Contributing types: Sessions}
{"logTime": "0711/115748", "correlationVector":"DkKIM5iavOG/LP7aAQqv/S.1","action":"SyncServerConnectionManagerRequest", "result":"SYNC_SERVER_OK", "context":{"environment":"Prod_SoutheastAsia_000j", "migrationStage":"NotStarted", "server":"GENERAL0100001C"}}
{"logTime": "0711/115748", "correlationVector":"DkKIM5iavOG/LP7aAQqv/S.2","action":"Commit Response", "result":"SYNCER_OK", "context":Result: SYNCER_OK. cV=DkKIM5iavOG/LP7aAQqv/S.0;server=GENERAL0100001C;cloudType=Consumer;environment=Prod_SoutheastAsia_000j;migrationStage=NotStarted}
{"logTime": "0711/115913", "correlationVector":"Q0DiwVJFZb+wtjnXhsxHhu","action":"Commit Request", "result":"", "context":Item count: 1
Contributing types: Sessions}
{"logTime": "0711/115914", "correlationVector":"Q0DiwVJFZb+wtjnXhsxHhu.1","action":"SyncServerConnectionManagerRequest", "result":"SYNC_SERVER_OK", "context":{"environment":"Prod_SoutheastAsia_000j", "migrationStage":"NotStarted", "server":"GENERAL0100000H"}}
{"logTime": "0711/115914", "correlationVector":"Q0DiwVJFZb+wtjnXhsxHhu.2","action":"Commit Response", "result":"SYNCER_OK", "context":Result: SYNCER_OK. cV=Q0DiwVJFZb+wtjnXhsxHhu.0;server=GENERAL0100000H;cloudType=Consumer;environment=Prod_SoutheastAsia_000j;migrationStage=NotStarted}
{"logTime": "0711/115958", "correlationVector":"lP+cc9uND0X2bnqHGj2DSZ","action":"Commit Request", "result":"", "context":Item count: 1
Contributing types: Sessions}
{"logTime": "0711/115958", "correlationVector":"lP+cc9uND0X2bnqHGj2DSZ.1","action":"SyncServerConnectionManagerRequest", "result":"SYNC_SERVER_OK", "context":{"environment":"Prod_SoutheastAsia_000j", "migrationStage":"NotStarted", "server":"GENERAL0100000K"}}
{"logTime": "0711/115958", "correlationVector":"lP+cc9uND0X2bnqHGj2DSZ.2","action":"Commit Response", "result":"SYNCER_OK", "context":Result: SYNCER_OK. cV=lP+cc9uND0X2bnqHGj2DSZ.0;server=GENERAL0100000K;cloudType=Consumer;environment=Prod_SoutheastAsia_000j;migrationStage=NotStarted}
{"logTime": "0711/120309", "correlationVector":"U+CuS18wjQDnnE7fj9T1vM","action":"Commit Request", "result":"", "context":Item count: 3
Contributing types: Sessions}
{"logTime": "0711/120309", "correlationVector":"U+CuS18wjQDnnE7fj9T1vM.1","action":"SyncServerConnectionManagerRequest", "result":"SYNC_SERVER_OK", "context":{"environment":"Prod_SoutheastAsia_000j", "migrationStage":"NotStarted", "server":"GENERAL0100001K"}}
{"logTime": "0711/120309", "correlationVector":"U+CuS18wjQDnnE7fj9T1vM.2","action":"Commit Response", "result":"SYNCER_OK", "context":Result: SYNCER_OK. cV=U+CuS18wjQDnnE7fj9T1vM.0;server=GENERAL0100001K;cloudType=Consumer;environment=Prod_SoutheastAsia_000j;migrationStage=NotStarted}
{"logTime": "0711/120309", "correlationVector":"U+CuS18wjQDnnE7fj9T1vM.3","action":"Commit.Sessions", "result":"Success", "context":{"id":"12f09905-5e50-4d36-852d-47c4ad3818c9", "isDeleted":"true", "size":"0", "version":"1689076798538"}}
{"logTime": "0711/120359", "correlationVector":"SDYAtAdok1HbWNBIlGnNBu","action":"Commit Request", "result":"", "context":Item count: 3
Contributing types: Sessions}
{"logTime": "0711/120359", "correlationVector":"SDYAtAdok1HbWNBIlGnNBu.1","action":"SyncServerConnectionManagerRequest", "result":"SYNC_SERVER_OK", "context":{"environment":"Prod_SoutheastAsia_000j", "migrationStage":"NotStarted", "server":"GENERAL01000015"}}
{"logTime": "0711/120359", "correlationVector":"SDYAtAdok1HbWNBIlGnNBu.3","action":"Commit.Sessions", "result":"Success", "context":{"id":"876e2106-3064-41fe-8815-e1ad16c6b132", "isDeleted":"true", "size":"0", "version":"1689076989476"}}
{"logTime": "0711/120359", "correlationVector":"SDYAtAdok1HbWNBIlGnNBu.2","action":"Commit Response", "result":"SYNCER_OK", "context":Result: SYNCER_OK. cV=SDYAtAdok1HbWNBIlGnNBu.0;server=GENERAL01000015;cloudType=Consumer;environment=Prod_SoutheastAsia_000j;migrationStage=NotStarted}
{"logTime": "0711/120434", "correlationVector":"/TjLGR9mIhDTpnXK2KL3Qx","action":"Commit Request", "result":"", "context":Item count: 4
Contributing types: Typed URLs, Sessions}
{"logTime": "0711/120435", "correlationVector":"/TjLGR9mIhDTpnXK2KL3Qx.1","action":"SyncServerConnectionManagerRequest", "result":"SYNC_SERVER_OK", "context":{"environment":"Prod_SoutheastAsia_000j", "migrationStage":"NotStarted", "server":"GENERAL0100000G"}}
{"logTime": "0711/120435", "correlationVector":"/TjLGR9mIhDTpnXK2KL3Qx.3","action":"Commit.Sessions", "result":"Success", "context":{"id":"1a8bb01d-9c94-4098-a35b-7526f0aa268a", "isDeleted":"true", "size":"0", "version":"1689077039688"}}
{"logTime": "0711/120435", "correlationVector":"/TjLGR9mIhDTpnXK2KL3Qx.2","action":"Commit Response", "result":"SYNCER_OK", "context":Result: SYNCER_OK. cV=/TjLGR9mIhDTpnXK2KL3Qx.0;server=GENERAL0100000G;cloudType=Consumer;environment=Prod_SoutheastAsia_000j;migrationStage=NotStarted}
{"logTime": "0711/120511", "correlationVector":"WXZ9Nc73FBKjETisV+qldZ","action":"Commit Request", "result":"", "context":Item count: 4
Contributing types: Sessions}
{"logTime": "0711/120511", "correlationVector":"WXZ9Nc73FBKjETisV+qldZ.1","action":"SyncServerConnectionManagerRequest", "result":"SYNC_SERVER_OK", "context":{"environment":"Prod_SoutheastAsia_000j", "migrationStage":"NotStarted", "server":"general0100000F"}}
{"logTime": "0711/120511", "correlationVector":"WXZ9Nc73FBKjETisV+qldZ.2","action":"Commit Response", "result":"SYNCER_OK", "context":Result: SYNCER_OK. cV=WXZ9Nc73FBKjETisV+qldZ.0;server=general0100000F;cloudType=Consumer;environment=Prod_SoutheastAsia_000j;migrationStage=NotStarted}
{"logTime": "0711/120546", "correlationVector":"l1B+QS3Ys/XfDZXUKcuHDx","action":"Commit Request", "result":"", "context":Item count: 4
Contributing types: Sessions}
{"logTime": "0711/120546", "correlationVector":"l1B+QS3Ys/XfDZXUKcuHDx.1","action":"SyncServerConnectionManagerRequest", "result":"SYNC_SERVER_OK", "context":{"environment":"Prod_SoutheastAsia_000j", "migrationStage":"NotStarted", "server":"GENERAL01000003"}}
{"logTime": "0711/120546", "correlationVector":"l1B+QS3Ys/XfDZXUKcuHDx.3","action":"Commit.Sessions", "result":"Success", "context":{"id":"c94ea9df-8daf-471f-be78-f32fcfcfeedb", "isDeleted":"true", "size":"0", "version":"1689077111555"}}
{"logTime": "0711/120546", "correlationVector":"l1B+QS3Ys/XfDZXUKcuHDx.4","action":"Commit.Sessions", "result":"Success", "context":{"id":"8f8dc28c-619e-404b-8370-10381e1a0610", "isDeleted":"true", "size":"0", "version":"1689077111557"}}
{"logTime": "0711/120546", "correlationVector":"l1B+QS3Ys/XfDZXUKcuHDx.5","action":"Commit.Sessions", "result":"Success", "context":{"id":"c0a14aab-24fb-4497-8218-9455b10e823c", "isDeleted":"true", "size":"0", "version":"1689077111558"}}
{"logTime": "0711/120546", "correlationVector":"l1B+QS3Ys/XfDZXUKcuHDx.2","action":"Commit Response", "result":"SYNCER_OK", "context":Result: SYNCER_OK. cV=l1B+QS3Ys/XfDZXUKcuHDx.0;server=GENERAL01000003;cloudType=Consumer;environment=Prod_SoutheastAsia_000j;migrationStage=NotStarted}
{"logTime": "0711/120707", "correlationVector":"v5ORx4qpDUzSDzYRjWZvIf","action":"Commit Request", "result":"", "context":Item count: 2
Contributing types: Sessions}
{"logTime": "0711/120707", "correlationVector":"v5ORx4qpDUzSDzYRjWZvIf.1","action":"SyncServerConnectionManagerRequest", "result":"SYNC_SERVER_OK", "context":{"environment":"Prod_SoutheastAsia_000j", "migrationStage":"NotStarted", "server":"GENERAL0100001I"}}
{"logTime": "0711/120707", "correlationVector":"v5ORx4qpDUzSDzYRjWZvIf.2","action":"Commit Response", "result":"SYNCER_OK", "context":Result: SYNCER_OK. cV=v5ORx4qpDUzSDzYRjWZvIf.0;server=GENERAL0100001I;cloudType=Consumer;environment=Prod_SoutheastAsia_000j;migrationStage=NotStarted}
{"logTime": "0711/120825", "correlationVector":"KZ0j5F7AddZksxDGr/2jbr","action":"Commit Request", "result":"", "context":Item count: 2
Contributing types: Sessions}
{"logTime": "0711/120826", "correlationVector":"KZ0j5F7AddZksxDGr/2jbr.1","action":"SyncServerConnectionManagerRequest", "result":"SYNC_SERVER_OK", "context":{"environment":"Prod_SoutheastAsia_000j", "migrationStage":"NotStarted", "server":"general01000011"}}
{"logTime": "0711/120826", "correlationVector":"KZ0j5F7AddZksxDGr/2jbr.2","action":"Commit Response", "result":"SYNCER_OK", "context":Result: SYNCER_OK. cV=KZ0j5F7AddZksxDGr/2jbr.0;server=general01000011;cloudType=Consumer;environment=Prod_SoutheastAsia_000j;migrationStage=NotStarted}
{"logTime": "0711/120919", "correlationVector":"5Z3lj6aMPQIiqnWCNlw469","action":"Commit Request", "result":"", "context":Item count: 3
Contributing types: Sessions}
{"logTime": "0711/120920", "correlationVector":"5Z3lj6aMPQIiqnWCNlw469.1","action":"SyncServerConnectionManagerRequest", "result":"SYNC_SERVER_OK", "context":{"environment":"Prod_SoutheastAsia_000j", "migrationStage":"NotStarted", "server":"general0100000F"}}
{"logTime": "0711/120920", "correlationVector":"5Z3lj6aMPQIiqnWCNlw469.3","action":"Commit.Sessions", "result":"Success", "context":{"id":"92b139fc-f490-4e0f-8858-eeda5c1049bb", "isDeleted":"true", "size":"0", "version":"1689077306054"}}
{"logTime": "0711/120920", "correlationVector":"5Z3lj6aMPQIiqnWCNlw469.2","action":"Commit Response", "result":"SYNCER_OK", "context":Result: SYNCER_OK. cV=5Z3lj6aMPQIiqnWCNlw469.0;server=general0100000F;cloudType=Consumer;environment=Prod_SoutheastAsia_000j;migrationStage=NotStarted}
{"logTime": "0711/120950", "correlationVector":"86PL6gcufMcfUUI+7VoMXa","action":"Commit Request", "result":"", "context":Item count: 2
Contributing types: Sessions}
{"logTime": "0711/120950", "correlationVector":"86PL6gcufMcfUUI+7VoMXa.1","action":"SyncServerConnectionManagerRequest", "result":"SYNC_SERVER_OK", "context":{"environment":"Prod_SoutheastAsia_000j", "migrationStage":"NotStarted", "server":"GENERAL01000018"}}
{"logTime": "0711/120950", "correlationVector":"86PL6gcufMcfUUI+7VoMXa.2","action":"Commit Response", "result":"SYNCER_OK", "context":Result: SYNCER_OK. cV=86PL6gcufMcfUUI+7VoMXa.0;server=GENERAL01000018;cloudType=Consumer;environment=Prod_SoutheastAsia_000j;migrationStage=NotStarted}
{"logTime": "0711/120956", "correlationVector":"aDt1Yoy4seLqO8i2deGxfv","action":"Commit Request", "result":"", "context":Item count: 1
Contributing types: Autofill Profiles}
{"logTime": "0711/120956", "correlationVector":"aDt1Yoy4seLqO8i2deGxfv.1","action":"SyncServerConnectionManagerRequest", "result":"SYNC_SERVER_OK", "context":{"environment":"Prod_SoutheastAsia_000j", "migrationStage":"NotStarted", "server":"GENERAL01000017"}}
{"logTime": "0711/120956", "correlationVector":"aDt1Yoy4seLqO8i2deGxfv.2","action":"Commit Response", "result":"SYNCER_OK", "context":Result: SYNCER_OK. cV=aDt1Yoy4seLqO8i2deGxfv.0;server=GENERAL01000017;cloudType=Consumer;environment=Prod_SoutheastAsia_000j;migrationStage=NotStarted}
{"logTime": "0711/121032", "correlationVector":"W5s6DAk++sr0z2BUIbM5Lw","action":"Commit Request", "result":"", "context":Item count: 6
Contributing types: Typed URLs, Sessions}
{"logTime": "0711/121034", "correlationVector":"W5s6DAk++sr0z2BUIbM5Lw.1","action":"SyncServerConnectionManagerRequest", "result":"SYNC_SERVER_OK", "context":{"environment":"Prod_SoutheastAsia_000j", "migrationStage":"NotStarted", "server":"GENERAL0100001K"}}
{"logTime": "0711/121034", "correlationVector":"W5s6DAk++sr0z2BUIbM5Lw.3","action":"Commit.Sessions", "result":"Success", "context":{"id":"1d6d3453-fc47-4dd4-aca9-0ce4937f026d", "isDeleted":"true", "size":"0", "version":"1689076261598"}}
{"logTime": "0711/121034", "correlationVector":"W5s6DAk++sr0z2BUIbM5Lw.2","action":"Commit Response", "result":"SYNCER_OK", "context":Result: SYNCER_OK. cV=W5s6DAk++sr0z2BUIbM5Lw.0;server=GENERAL0100001K;cloudType=Consumer;environment=Prod_SoutheastAsia_000j;migrationStage=NotStarted}
{"logTime": "0711/121104", "correlationVector":"HPtyH7oMBMiAdhizT01xK9","action":"Commit Request", "result":"", "context":Item count: 4
Contributing types: Typed URLs, Sessions}
{"logTime": "0711/121104", "correlationVector":"HPtyH7oMBMiAdhizT01xK9.1","action":"SyncServerConnectionManagerRequest", "result":"SYNC_SERVER_OK", "context":{"environment":"Prod_SoutheastAsia_000j", "migrationStage":"NotStarted", "server":"GENERAL01000004"}}
{"logTime": "0711/121104", "correlationVector":"HPtyH7oMBMiAdhizT01xK9.2","action":"Commit Response", "result":"SYNCER_OK", "context":Result: SYNCER_OK. cV=HPtyH7oMBMiAdhizT01xK9.0;server=GENERAL01000004;cloudType=Consumer;environment=Prod_SoutheastAsia_000j;migrationStage=NotStarted}
{"logTime": "0711/121132", "correlationVector":"wgLgepld0TcOE4PYQ05Cjm","action":"Commit Request", "result":"", "context":Item count: 2
Contributing types: Autofill Profiles, Sessions}
{"logTime": "0711/121133", "correlationVector":"wgLgepld0TcOE4PYQ05Cjm.1","action":"SyncServerConnectionManagerRequest", "result":"SYNC_SERVER_OK", "context":{"environment":"Prod_SoutheastAsia_000j", "migrationStage":"NotStarted", "server":"GENERAL0100000D"}}
{"logTime": "0711/121133", "correlationVector":"wgLgepld0TcOE4PYQ05Cjm.2","action":"Commit Response", "result":"SYNCER_OK", "context":Result: SYNCER_OK. cV=wgLgepld0TcOE4PYQ05Cjm.0;server=GENERAL0100000D;cloudType=Consumer;environment=Prod_SoutheastAsia_000j;migrationStage=NotStarted}
{"logTime": "0711/121218", "correlationVector":"qYNUsJ/7AOVXnDJesh253D","action":"Commit Request", "result":"", "context":Item count: 2
Contributing types: Sessions}
{"logTime": "0711/121218", "correlationVector":"qYNUsJ/7AOVXnDJesh253D.1","action":"SyncServerConnectionManagerRequest", "result":"SYNC_SERVER_OK", "context":{"environment":"Prod_SoutheastAsia_000j", "migrationStage":"NotStarted", "server":"GENERAL0100000Z"}}
{"logTime": "0711/121218", "correlationVector":"qYNUsJ/7AOVXnDJesh253D.3","action":"Commit.Sessions", "result":"Success", "context":{"id":"2d53552f-9685-483a-bfa5-7b0388648057", "isDeleted":"true", "size":"0", "version":"1689077464446"}}
{"logTime": "0711/121218", "correlationVector":"qYNUsJ/7AOVXnDJesh253D.2","action":"Commit Response", "result":"SYNCER_OK", "context":Result: SYNCER_OK. cV=qYNUsJ/7AOVXnDJesh253D.0;server=GENERAL0100000Z;cloudType=Consumer;environment=Prod_SoutheastAsia_000j;migrationStage=NotStarted}
{"logTime": "0711/121736", "correlationVector":"DaiFmUyfLZEa6cXmkwIcd6","action":"Commit Request", "result":"", "context":Item count: 7
Contributing types: Typed URLs, Sessions}
{"logTime": "0711/121736", "correlationVector":"DaiFmUyfLZEa6cXmkwIcd6.1","action":"SyncServerConnectionManagerRequest", "result":"SYNC_SERVER_OK", "context":{"environment":"Prod_SoutheastAsia_000j", "migrationStage":"NotStarted", "server":"GENERAL0100001B"}}
{"logTime": "0711/121736", "correlationVector":"DaiFmUyfLZEa6cXmkwIcd6.2","action":"Commit Response", "result":"SYNCER_OK", "context":Result: SYNCER_OK. cV=DaiFmUyfLZEa6cXmkwIcd6.0;server=GENERAL0100001B;cloudType=Consumer;environment=Prod_SoutheastAsia_000j;migrationStage=NotStarted}
{"logTime": "0711/121736", "correlationVector":"DaiFmUyfLZEa6cXmkwIcd6.3","action":"Commit.Sessions", "result":"Success", "context":{"id":"9877d4d9-e56d-4e97-95c7-14c387e98766", "isDeleted":"true", "size":"0", "version":"1689076261599"}}
{"logTime": "0711/121736", "correlationVector":"DaiFmUyfLZEa6cXmkwIcd6.4","action":"Commit.Sessions", "result":"Success", "context":{"id":"65277803-c3ef-4430-8fcd-d5286c0e7bf3", "isDeleted":"true", "size":"0", "version":"1689077493033"}}
{"logTime": "0711/122044", "correlationVector":"zmaD5Xc6s33zraZaZjHuDf","action":"Commit Request", "result":"", "context":Item count: 2
Contributing types: Sessions}
{"logTime": "0711/122045", "correlationVector":"zmaD5Xc6s33zraZaZjHuDf.1","action":"SyncServerConnectionManagerRequest", "result":"SYNC_SERVER_OK", "context":{"environment":"Prod_SoutheastAsia_000j", "migrationStage":"NotStarted", "server":"general01000009"}}
{"logTime": "0711/122045", "correlationVector":"zmaD5Xc6s33zraZaZjHuDf.2","action":"Commit Response", "result":"SYNCER_OK", "context":Result: SYNCER_OK. cV=zmaD5Xc6s33zraZaZjHuDf.0;server=general01000009;cloudType=Consumer;environment=Prod_SoutheastAsia_000j;migrationStage=NotStarted}
{"logTime": "0711/122224", "correlationVector":"tiUxh+H14Jeh44bOkGFVzU","action":"Commit Request", "result":"", "context":Item count: 4
Contributing types: Typed URLs, Sessions}
{"logTime": "0711/122225", "correlationVector":"tiUxh+H14Jeh44bOkGFVzU.1","action":"SyncServerConnectionManagerRequest", "result":"SYNC_SERVER_OK", "context":{"environment":"Prod_SoutheastAsia_000j", "migrationStage":"NotStarted", "server":"general01000009"}}
{"logTime": "0711/122225", "correlationVector":"tiUxh+H14Jeh44bOkGFVzU.2","action":"Commit Response", "result":"SYNCER_OK", "context":Result: SYNCER_OK. cV=tiUxh+H14Jeh44bOkGFVzU.0;server=general01000009;cloudType=Consumer;environment=Prod_SoutheastAsia_000j;migrationStage=NotStarted}
{"logTime": "0711/122225", "correlationVector":"tiUxh+H14Jeh44bOkGFVzU.3","action":"Commit.Sessions", "result":"Success", "context":{"id":"82a4624d-23ea-4b44-9794-db97a23ae9b9", "isDeleted":"true", "size":"0", "version":"1689078045105"}}
{"logTime": "0711/130243", "correlationVector":"LMRKbrKfbDJ9edmNgILPW1.0","action":"FeedSettingFetch_homeCloud", "result":"0", "context":{}}
{"logTime": "0711/130243", "correlationVector":"zCCngMoZ/A2JnmuSZMYDbD","action":"Normal GetUpdate request", "result":"", "context":cV=zCCngMoZ/A2JnmuSZMYDbD
Nudged types: Sessions, User Consents
Refresh requested types: Bookmarks, Preferences, Passwords, Autofill Profiles, Autofill, Autofill Custom Data, Typed URLs, Extensions, Sessions, Extension settings, History Delete Directives, Device Info, User Consents, Send Tab To Self, Web Apps, Collection, Edge E Drop, Encryption Keys}
{"logTime": "0711/130243", "correlationVector":"zCCngMoZ/A2JnmuSZMYDbD.1","action":"SyncServerConnectionManagerRequest", "result":"SYNC_SERVER_OK", "context":{"environment":"Prod_SoutheastAsia_000j", "migrationStage":"NotStarted", "server":"GENERAL01000016"}}
{"logTime": "0711/130243", "correlationVector":"zCCngMoZ/A2JnmuSZMYDbD.2","action":"GetUpdates", "result":"DeleteReceived", "context":{"id":"4c53cf17-f29b-477a-8eb3-4e078e7b3de1", "isDeleted:":"true", "version":"1689049129589"}}
{"logTime": "0711/130243", "correlationVector":"zCCngMoZ/A2JnmuSZMYDbD.3","action":"GetUpdates", "result":"DeleteReceived", "context":{"id":"62a6f9b6-59de-4751-a8d8-c36bbb4fdeb5", "isDeleted:":"true", "version":"1689049296788"}}
{"logTime": "0711/130243", "correlationVector":"zCCngMoZ/A2JnmuSZMYDbD.4","action":"GetUpdates", "result":"DeleteReceived", "context":{"id":"9e9c453f-eb53-4557-bae6-abacf082fa41", "isDeleted:":"true", "version":"1689049619872"}}
{"logTime": "0711/130243", "correlationVector":"zCCngMoZ/A2JnmuSZMYDbD.5","action":"GetUpdates", "result":"DeleteReceived", "context":{"id":"9cf0f1a1-8194-4f78-9cf8-437c1b5f8eb8", "isDeleted:":"true", "version":"1689050481226"}}
{"logTime": "0711/130243", "correlationVector":"zCCngMoZ/A2JnmuSZMYDbD.6","action":"GetUpdates", "result":"DeleteReceived", "context":{"id":"916086d7-5fca-433a-b8ff-8dafdaac983b", "isDeleted:":"true", "version":"1689050739039"}}
{"logTime": "0711/130243", "correlationVector":"zCCngMoZ/A2JnmuSZMYDbD.7","action":"GetUpdates", "result":"DeleteReceived", "context":{"id":"efb2efb7-fa78-4e9f-88bc-c5ad7725d060", "isDeleted:":"true", "version":"1689051460158"}}
{"logTime": "0711/130243", "correlationVector":"zCCngMoZ/A2JnmuSZMYDbD.8","action":"GetUpdates", "result":"DeleteReceived", "context":{"id":"1699c130-78e1-43ce-a4ee-7e6cbd4bcaa5", "isDeleted:":"true", "version":"1689051522440"}}
{"logTime": "0711/130243", "correlationVector":"zCCngMoZ/A2JnmuSZMYDbD.9","action":"GetUpdates", "result":"DeleteReceived", "context":{"id":"c8184c13-ca69-4f94-9440-e0e2ee1c594f", "isDeleted:":"true", "version":"1689052428985"}}
{"logTime": "0711/130243", "correlationVector":"zCCngMoZ/A2JnmuSZMYDbD.10","action":"GetUpdates", "result":"DeleteReceived", "context":{"id":"208ecaad-95ab-4f58-9c35-973d1d899e2f", "isDeleted:":"true", "version":"1689052459708"}}
{"logTime": "0711/130243", "correlationVector":"zCCngMoZ/A2JnmuSZMYDbD.11","action":"GetUpdates", "result":"DeleteReceived", "context":{"id":"148d7b42-1054-4d3b-839f-5425e64c3f64", "isDeleted:":"true", "version":"1689052504085"}}
{"logTime": "0711/130243", "correlationVector":"zCCngMoZ/A2JnmuSZMYDbD.12","action":"GetUpdates", "result":"DeleteReceived", "context":{"id":"ef68bf4c-a578-4a94-9d33-acd955993ae9", "isDeleted:":"true", "version":"1689053174885"}}
{"logTime": "0711/130243", "correlationVector":"zCCngMoZ/A2JnmuSZMYDbD.13","action":"GetUpdates", "result":"DeleteReceived", "context":{"id":"70641d0f-438c-474f-87d1-e7fcd5ab8bfa", "isDeleted:":"true", "version":"1689053580689"}}
{"logTime": "0711/130243", "correlationVector":"zCCngMoZ/A2JnmuSZMYDbD.14","action":"GetUpdates", "result":"DeleteReceived", "context":{"id":"ca48d0af-2190-45a4-80ac-7b658c8cf872", "isDeleted:":"true", "version":"1689054066314"}}
{"logTime": "0711/130243", "correlationVector":"zCCngMoZ/A2JnmuSZMYDbD.15","action":"GetUpdates", "result":"DeleteReceived", "context":{"id":"a916f7e4-8d68-4c74-8d61-818cb5d3b249", "isDeleted:":"true", "version":"1689054689662"}}
{"logTime": "0711/130243", "correlationVector":"zCCngMoZ/A2JnmuSZMYDbD.16","action":"GetUpdates", "result":"DeleteReceived", "context":{"id":"b7c909b8-d3ae-4d77-8f44-b707c86b4e73", "isDeleted:":"true", "version":"1689055928203"}}
{"logTime": "0711/130243", "correlationVector":"zCCngMoZ/A2JnmuSZMYDbD.17","action":"GetUpdates", "result":"DeleteReceived", "context":{"id":"c325fc81-fc2c-4148-84cf-581cd4d4a950", "isDeleted:":"true", "version":"1689055928204"}}
{"logTime": "0711/130243", "correlationVector":"zCCngMoZ/A2JnmuSZMYDbD.18","action":"GetUpdates", "result":"DeleteReceived", "context":{"id":"a45459d0-4667-49cb-84cd-6e28ce253c1d", "isDeleted:":"true", "version":"1689056626371"}}
{"logTime": "0711/130243", "correlationVector":"zCCngMoZ/A2JnmuSZMYDbD.19","action":"GetUpdates", "result":"DeleteReceived", "context":{"id":"56e35798-f9bb-4aa1-b44f-399d319f5280", "isDeleted:":"true", "version":"1689070681475"}}
{"logTime": "0711/130243", "correlationVector":"zCCngMoZ/A2JnmuSZMYDbD.20","action":"GetUpdates", "result":"DeleteReceived", "context":{"id":"58991536-924e-4363-92c7-553e801ed4e0", "isDeleted:":"true", "version":"1689070715791"}}
{"logTime": "0711/130243", "correlationVector":"zCCngMoZ/A2JnmuSZMYDbD.21","action":"GetUpdates", "result":"DeleteReceived", "context":{"id":"b129a146-62ce-4e3d-8c7f-15da0c1d8c83", "isDeleted:":"true", "version":"1689070921906"}}
{"logTime": "0711/130243", "correlationVector":"zCCngMoZ/A2JnmuSZMYDbD.22","action":"GetUpdates", "result":"DeleteReceived", "context":{"id":"9a2be80a-cb47-4e50-babc-b313dab4068f", "isDeleted:":"true", "version":"1689071969393"}}
{"logTime": "0711/130243", "correlationVector":"zCCngMoZ/A2JnmuSZMYDbD.23","action":"GetUpdates", "result":"DeleteReceived", "context":{"id":"5096c255-da0e-43bf-91f9-12002fe6857c", "isDeleted:":"true", "version":"1689072071285"}}
{"logTime": "0711/130243", "correlationVector":"zCCngMoZ/A2JnmuSZMYDbD.24","action":"GetUpdates", "result":"DeleteReceived", "context":{"id":"12f09905-5e50-4d36-852d-47c4ad3818c9", "isDeleted:":"true", "version":"1689076989474"}}
{"logTime": "0711/130243", "correlationVector":"zCCngMoZ/A2JnmuSZMYDbD.25","action":"GetUpdates", "result":"DeleteReceived", "context":{"id":"876e2106-3064-41fe-8815-e1ad16c6b132", "isDeleted:":"true", "version":"1689077039690"}}
{"logTime": "0711/130243", "correlationVector":"zCCngMoZ/A2JnmuSZMYDbD.26","action":"GetUpdates", "result":"DeleteReceived", "context":{"id":"1a8bb01d-9c94-4098-a35b-7526f0aa268a", "isDeleted:":"true", "version":"1689077075096"}}
{"logTime": "0711/130243", "correlationVector":"zCCngMoZ/A2JnmuSZMYDbD.27","action":"GetUpdates", "result":"DeleteReceived", "context":{"id":"c94ea9df-8daf-471f-be78-f32fcfcfeedb", "isDeleted:":"true", "version":"1689077146455"}}
{"logTime": "0711/130243", "correlationVector":"zCCngMoZ/A2JnmuSZMYDbD.28","action":"GetUpdates", "result":"DeleteReceived", "context":{"id":"8f8dc28c-619e-404b-8370-10381e1a0610", "isDeleted:":"true", "version":"1689077146457"}}
{"logTime": "0711/130243", "correlationVector":"zCCngMoZ/A2JnmuSZMYDbD.29","action":"GetUpdates", "result":"DeleteReceived", "context":{"id":"c0a14aab-24fb-4497-8218-9455b10e823c", "isDeleted:":"true", "version":"1689077146458"}}
{"logTime": "0711/130243", "correlationVector":"zCCngMoZ/A2JnmuSZMYDbD.30","action":"GetUpdates", "result":"DeleteReceived", "context":{"id":"92b139fc-f490-4e0f-8858-eeda5c1049bb", "isDeleted:":"true", "version":"1689077360001"}}
{"logTime": "0711/130243", "correlationVector":"zCCngMoZ/A2JnmuSZMYDbD.31","action":"GetUpdates", "result":"DeleteReceived", "context":{"id":"1d6d3453-fc47-4dd4-aca9-0ce4937f026d", "isDeleted:":"true", "version":"1689077434050"}}
{"logTime": "0711/130243", "correlationVector":"zCCngMoZ/A2JnmuSZMYDbD.32","action":"GetUpdates", "result":"DeleteReceived", "context":{"id":"2d53552f-9685-483a-bfa5-7b0388648057", "isDeleted:":"true", "version":"1689077538205"}}
{"logTime": "0711/130243", "correlationVector":"zCCngMoZ/A2JnmuSZMYDbD.33","action":"GetUpdates", "result":"DeleteReceived", "context":{"id":"9877d4d9-e56d-4e97-95c7-14c387e98766", "isDeleted:":"true", "version":"1689077856658"}}
{"logTime": "0711/130243", "correlationVector":"zCCngMoZ/A2JnmuSZMYDbD.34","action":"GetUpdates", "result":"DeleteReceived", "context":{"id":"65277803-c3ef-4430-8fcd-d5286c0e7bf3", "isDeleted:":"true", "version":"1689077856660"}}
{"logTime": "0711/130243", "correlationVector":"zCCngMoZ/A2JnmuSZMYDbD.35","action":"GetUpdates", "result":"DeleteReceived", "context":{"id":"82a4624d-23ea-4b44-9794-db97a23ae9b9", "isDeleted:":"true", "version":"1689078144936"}}
{"logTime": "0711/130243", "correlationVector":"zCCngMoZ/A2JnmuSZMYDbD.36","action":"GetUpdates Response", "result":"SYNCER_OK", "context":Received 47 update(s). cV=zCCngMoZ/A2JnmuSZMYDbD.0;server=GENERAL01000016;cloudType=Consumer;environment=Prod_SoutheastAsia_000j;migrationStage=NotStarted}
{"logTime": "0711/130243", "correlationVector":"koNaVZruj/QFsRG/Q1GxQG","action":"Commit Request", "result":"", "context":Item count: 6
Contributing types: Sessions, User Consents}
{"logTime": "0711/130244", "correlationVector":"koNaVZruj/QFsRG/Q1GxQG.1","action":"SyncServerConnectionManagerRequest", "result":"SYNC_SERVER_OK", "context":{"environment":"Prod_SoutheastAsia_000j", "migrationStage":"NotStarted", "server":"GENERAL01000004"}}
{"logTime": "0711/130244", "correlationVector":"koNaVZruj/QFsRG/Q1GxQG.3","action":"Commit.Sessions", "result":"Success", "context":{"id":"6e475731-23cb-4057-a78a-a1166becc1f8", "isDeleted":"true", "size":"0", "version":"1689046699521"}}
{"logTime": "0711/130244", "correlationVector":"koNaVZruj/QFsRG/Q1GxQG.2","action":"Commit Response", "result":"SYNCER_OK", "context":Result: SYNCER_OK. cV=koNaVZruj/QFsRG/Q1GxQG.0;server=GENERAL01000004;cloudType=Consumer;environment=Prod_SoutheastAsia_000j;migrationStage=NotStarted}
{"logTime": "0711/130244", "correlationVector":"koNaVZruj/QFsRG/Q1GxQG.4","action":"Commit.Sessions", "result":"Success", "context":{"id":"d78ba850-63d3-444a-92fa-263f4410ee35", "isDeleted":"true", "size":"0", "version":"1689074294244"}}
{"logTime": "0711/130314", "correlationVector":"SjIyV3blgu4+yglaIpcEAq","action":"Commit Request", "result":"", "context":Item count: 1
Contributing types: Sessions}
{"logTime": "0711/130314", "correlationVector":"SjIyV3blgu4+yglaIpcEAq.1","action":"SyncServerConnectionManagerRequest", "result":"SYNC_SERVER_OK", "context":{"environment":"Prod_SoutheastAsia_000j", "migrationStage":"NotStarted", "server":"GENERAL0100000U"}}
{"logTime": "0711/130314", "correlationVector":"SjIyV3blgu4+yglaIpcEAq.2","action":"Commit Response", "result":"SYNCER_OK", "context":Result: SYNCER_OK. cV=SjIyV3blgu4+yglaIpcEAq.0;server=GENERAL0100000U;cloudType=Consumer;environment=Prod_SoutheastAsia_000j;migrationStage=NotStarted}
{"logTime": "0711/130351", "correlationVector":"xBgaH0vD8YtjLl8Hu86NAV","action":"Commit Request", "result":"", "context":Item count: 1
Contributing types: Sessions}
{"logTime": "0711/130352", "correlationVector":"xBgaH0vD8YtjLl8Hu86NAV.1","action":"SyncServerConnectionManagerRequest", "result":"SYNC_SERVER_OK", "context":{"environment":"Prod_SoutheastAsia_000j", "migrationStage":"NotStarted", "server":"GENERAL0100000H"}}
{"logTime": "0711/130352", "correlationVector":"xBgaH0vD8YtjLl8Hu86NAV.2","action":"Commit Response", "result":"SYNCER_OK", "context":Result: SYNCER_OK. cV=xBgaH0vD8YtjLl8Hu86NAV.0;server=GENERAL0100000H;cloudType=Consumer;environment=Prod_SoutheastAsia_000j;migrationStage=NotStarted}
{"logTime": "0711/130609", "correlationVector":"8tVzOR7fRxTUMm9QJ0b/vT","action":"Poll GetUpdate request", "result":"", "context":cV=8tVzOR7fRxTUMm9QJ0b/vT}
{"logTime": "0711/130609", "correlationVector":"8tVzOR7fRxTUMm9QJ0b/vT.1","action":"SyncServerConnectionManagerRequest", "result":"SYNC_SERVER_OK", "context":{"environment":"Prod_SoutheastAsia_000j", "migrationStage":"NotStarted", "server":"GENERAL01000000"}}
{"logTime": "0711/130609", "correlationVector":"8tVzOR7fRxTUMm9QJ0b/vT.2","action":"GetUpdates", "result":"DeleteReceived", "context":{"id":"6e475731-23cb-4057-a78a-a1166becc1f8", "isDeleted:":"true", "version":"1689080563801"}}
{"logTime": "0711/130609", "correlationVector":"8tVzOR7fRxTUMm9QJ0b/vT.3","action":"GetUpdates", "result":"DeleteReceived", "context":{"id":"d78ba850-63d3-444a-92fa-263f4410ee35", "isDeleted:":"true", "version":"1689080563803"}}
{"logTime": "0711/130609", "correlationVector":"8tVzOR7fRxTUMm9QJ0b/vT.4","action":"GetUpdates Response", "result":"SYNCER_OK", "context":Received 5 update(s). cV=8tVzOR7fRxTUMm9QJ0b/vT.0;server=GENERAL01000000;cloudType=Consumer;environment=Prod_SoutheastAsia_000j;migrationStage=NotStarted}
{"logTime": "0711/130714", "correlationVector":"UNN7f77t4J8RKLbnV/sRx1","action":"Commit Request", "result":"", "context":Item count: 2
Contributing types: Sessions}
{"logTime": "0711/130714", "correlationVector":"UNN7f77t4J8RKLbnV/sRx1.1","action":"SyncServerConnectionManagerRequest", "result":"SYNC_SERVER_OK", "context":{"environment":"Prod_SoutheastAsia_000j", "migrationStage":"NotStarted", "server":"GENERAL0100000C"}}
{"logTime": "0711/130714", "correlationVector":"UNN7f77t4J8RKLbnV/sRx1.2","action":"Commit Response", "result":"SYNCER_OK", "context":Result: SYNCER_OK. cV=UNN7f77t4J8RKLbnV/sRx1.0;server=GENERAL0100000C;cloudType=Consumer;environment=Prod_SoutheastAsia_000j;migrationStage=NotStarted}
{"logTime": "0711/130817", "correlationVector":"IDxocDbqZWfA425E6sPuEc","action":"Commit Request", "result":"", "context":Item count: 2
Contributing types: Sessions}
{"logTime": "0711/130818", "correlationVector":"IDxocDbqZWfA425E6sPuEc.1","action":"SyncServerConnectionManagerRequest", "result":"SYNC_SERVER_OK", "context":{"environment":"Prod_SoutheastAsia_000j", "migrationStage":"NotStarted", "server":"GENERAL0100000N"}}
{"logTime": "0711/130818", "correlationVector":"IDxocDbqZWfA425E6sPuEc.3","action":"Commit.Sessions", "result":"Success", "context":{"id":"c0cbc787-340c-41e7-9424-b905e5782c92", "isDeleted":"true", "size":"0", "version":"1689080834606"}}
{"logTime": "0711/130818", "correlationVector":"IDxocDbqZWfA425E6sPuEc.2","action":"Commit Response", "result":"SYNCER_OK", "context":Result: SYNCER_OK. cV=IDxocDbqZWfA425E6sPuEc.0;server=GENERAL0100000N;cloudType=Consumer;environment=Prod_SoutheastAsia_000j;migrationStage=NotStarted}
{"logTime": "0711/131019", "correlationVector":"ldWCwFoZFF3ST7WCn1C9jA","action":"Commit Request", "result":"", "context":Item count: 5
Contributing types: Typed URLs, Sessions}
{"logTime": "0711/131019", "correlationVector":"ldWCwFoZFF3ST7WCn1C9jA.1","action":"SyncServerConnectionManagerRequest", "result":"SYNC_SERVER_OK", "context":{"environment":"Prod_SoutheastAsia_000j", "migrationStage":"NotStarted", "server":"general0100001G"}}
{"logTime": "0711/131019", "correlationVector":"ldWCwFoZFF3ST7WCn1C9jA.2","action":"Commit Response", "result":"SYNCER_OK", "context":Result: SYNCER_OK. cV=ldWCwFoZFF3ST7WCn1C9jA.0;server=general0100001G;cloudType=Consumer;environment=Prod_SoutheastAsia_000j;migrationStage=NotStarted}
{"logTime": "0711/131049", "correlationVector":"SmUtzB4/5HswmidvxDiTRi","action":"Commit Request", "result":"", "context":Item count: 6
Contributing types: Typed URLs, Sessions}
{"logTime": "0711/131050", "correlationVector":"SmUtzB4/5HswmidvxDiTRi.1","action":"SyncServerConnectionManagerRequest", "result":"SYNC_SERVER_OK", "context":{"environment":"Prod_SoutheastAsia_000j", "migrationStage":"NotStarted", "server":"general01000013"}}
{"logTime": "0711/131050", "correlationVector":"SmUtzB4/5HswmidvxDiTRi.2","action":"Commit Response", "result":"SYNCER_OK", "context":Result: SYNCER_OK. cV=SmUtzB4/5HswmidvxDiTRi.0;server=general01000013;cloudType=Consumer;environment=Prod_SoutheastAsia_000j;migrationStage=NotStarted}
{"logTime": "0711/131132", "correlationVector":"TpKgtshjH+tXFlaGmnNs8N","action":"Commit Request", "result":"", "context":Item count: 3
Contributing types: Sessions}
{"logTime": "0711/131133", "correlationVector":"TpKgtshjH+tXFlaGmnNs8N.1","action":"SyncServerConnectionManagerRequest", "result":"SYNC_SERVER_OK", "context":{"environment":"Prod_SoutheastAsia_000j", "migrationStage":"NotStarted", "server":"GENERAL01000003"}}
{"logTime": "0711/131133", "correlationVector":"TpKgtshjH+tXFlaGmnNs8N.3","action":"Commit.Sessions", "result":"Success", "context":{"id":"2063dbe2-5a8f-427d-aa8f-fa5d0f46bb57", "isDeleted":"true", "size":"0", "version":"1689081049876"}}
{"logTime": "0711/131133", "correlationVector":"TpKgtshjH+tXFlaGmnNs8N.2","action":"Commit Response", "result":"SYNCER_OK", "context":Result: SYNCER_OK. cV=TpKgtshjH+tXFlaGmnNs8N.0;server=GENERAL01000003;cloudType=Consumer;environment=Prod_SoutheastAsia_000j;migrationStage=NotStarted}
{"logTime": "0711/131133", "correlationVector":"TpKgtshjH+tXFlaGmnNs8N.4","action":"Commit.Sessions", "result":"Success", "context":{"id":"a733db56-e38c-4d11-b228-d97834777063", "isDeleted":"true", "size":"0", "version":"1689081049877"}}
{"logTime": "0711/131204", "correlationVector":"5+s4MdchOjwDqVKhBXptzh","action":"Commit Request", "result":"", "context":Item count: 1
Contributing types: Sessions}
{"logTime": "0711/131204", "correlationVector":"5+s4MdchOjwDqVKhBXptzh.1","action":"SyncServerConnectionManagerRequest", "result":"SYNC_SERVER_OK", "context":{"environment":"Prod_SoutheastAsia_000j", "migrationStage":"NotStarted", "server":"GENERAL0100000T"}}
{"logTime": "0711/131204", "correlationVector":"5+s4MdchOjwDqVKhBXptzh.2","action":"Commit Response", "result":"SYNCER_OK", "context":Result: SYNCER_OK. cV=5+s4MdchOjwDqVKhBXptzh.0;server=GENERAL0100000T;cloudType=Consumer;environment=Prod_SoutheastAsia_000j;migrationStage=NotStarted}
{"logTime": "0711/131220", "correlationVector":"Lx/T6OXjE/sC6s//ekYRyj.0","action":"FeedSettingFetch_homeCloud", "result":"0", "context":{}}
{"logTime": "0711/131220", "correlationVector":"kqfuwiB1NU+pxLIkfjbuP0","action":"Initial GetUpdates", "result":"", "context":Reason: NEWLY_SUPPORTED_DATATYPE. cV=kqfuwiB1NU+pxLIkfjbuP0}
{"logTime": "0711/131220", "correlationVector":"kqfuwiB1NU+pxLIkfjbuP0.1","action":"SyncServerConnectionManagerRequest", "result":"SYNC_SERVER_OK", "context":{"environment":"Prod_SoutheastAsia_000j", "migrationStage":"NotStarted", "server":"GENERAL01000017"}}
{"logTime": "0711/131220", "correlationVector":"kqfuwiB1NU+pxLIkfjbuP0.2","action":"GetUpdates Response", "result":"SYNCER_OK", "context":Received 0 update(s). cV=kqfuwiB1NU+pxLIkfjbuP0.0;server=GENERAL01000017;cloudType=Consumer;environment=Prod_SoutheastAsia_000j;migrationStage=NotStarted}
{"logTime": "0711/131220", "correlationVector":"h23skQpo8XHtg6UJlXf1IG","action":"Normal GetUpdate request", "result":"", "context":cV=h23skQpo8XHtg6UJlXf1IG
Nudged types: Sessions, User Consents
Refresh requested types: Bookmarks, Preferences, Passwords, Autofill Profiles, Autofill, Autofill Custom Data, Typed URLs, Extensions, Sessions, Extension settings, History Delete Directives, Device Info, User Consents, Send Tab To Self, Web Apps, Collection, Edge E Drop, Encryption Keys}
{"logTime": "0711/131220", "correlationVector":"h23skQpo8XHtg6UJlXf1IG.1","action":"SyncServerConnectionManagerRequest", "result":"SYNC_SERVER_OK", "context":{"environment":"Prod_SoutheastAsia_000j", "migrationStage":"NotStarted", "server":"GENERAL0100000X"}}
{"logTime": "0711/131220", "correlationVector":"h23skQpo8XHtg6UJlXf1IG.2","action":"GetUpdates", "result":"DeleteReceived", "context":{"id":"c0cbc787-340c-41e7-9424-b905e5782c92", "isDeleted:":"true", "version":"1689080898015"}}
{"logTime": "0711/131220", "correlationVector":"h23skQpo8XHtg6UJlXf1IG.3","action":"GetUpdates", "result":"DeleteReceived", "context":{"id":"2063dbe2-5a8f-427d-aa8f-fa5d0f46bb57", "isDeleted:":"true", "version":"1689081093046"}}
{"logTime": "0711/131220", "correlationVector":"h23skQpo8XHtg6UJlXf1IG.4","action":"GetUpdates", "result":"DeleteReceived", "context":{"id":"a733db56-e38c-4d11-b228-d97834777063", "isDeleted:":"true", "version":"1689081093047"}}
{"logTime": "0711/131220", "correlationVector":"h23skQpo8XHtg6UJlXf1IG.5","action":"GetUpdates Response", "result":"SYNCER_OK", "context":Received 7 update(s). cV=h23skQpo8XHtg6UJlXf1IG.0;server=GENERAL0100000X;cloudType=Consumer;environment=Prod_SoutheastAsia_000j;migrationStage=NotStarted}
{"logTime": "0711/131220", "correlationVector":"afjYd4U5s6t0ZknuN2dHPH","action":"Commit Request", "result":"", "context":Item count: 6
Contributing types: Sessions, User Consents}
{"logTime": "0711/131221", "correlationVector":"afjYd4U5s6t0ZknuN2dHPH.1","action":"SyncServerConnectionManagerRequest", "result":"SYNC_SERVER_OK", "context":{"environment":"Prod_SoutheastAsia_000j", "migrationStage":"NotStarted", "server":"GENERAL01000008"}}
{"logTime": "0711/131221", "correlationVector":"afjYd4U5s6t0ZknuN2dHPH.3","action":"Commit.Sessions", "result":"Success", "context":{"id":"ed836684-0e47-46d8-a3eb-741a98d1f6d4", "isDeleted":"true", "size":"0", "version":"1689080594274"}}
{"logTime": "0711/131221", "correlationVector":"afjYd4U5s6t0ZknuN2dHPH.2","action":"Commit Response", "result":"SYNCER_OK", "context":Result: SYNCER_OK. cV=afjYd4U5s6t0ZknuN2dHPH.0;server=GENERAL01000008;cloudType=Consumer;environment=Prod_SoutheastAsia_000j;migrationStage=NotStarted}
{"logTime": "0711/131618", "correlationVector":"14yJRoWOjf3+lZC/IEFwt6.0","action":"FeedSettingFetch_homeCloud", "result":"0", "context":{}}
{"logTime": "0711/131618", "correlationVector":"c5wse/IwQhe2ydXKBQ1O1g","action":"Initial GetUpdates", "result":"", "context":Reason: NEWLY_SUPPORTED_DATATYPE. cV=c5wse/IwQhe2ydXKBQ1O1g}
{"logTime": "0711/131618", "correlationVector":"c5wse/IwQhe2ydXKBQ1O1g.1","action":"SyncServerConnectionManagerRequest", "result":"SYNC_SERVER_OK", "context":{"environment":"Prod_SoutheastAsia_000j", "migrationStage":"NotStarted", "server":"GENERAL01000010"}}
{"logTime": "0711/131618", "correlationVector":"c5wse/IwQhe2ydXKBQ1O1g.2","action":"GetUpdates Response", "result":"SYNCER_OK", "context":Received 0 update(s). cV=c5wse/IwQhe2ydXKBQ1O1g.0;server=GENERAL01000010;cloudType=Consumer;environment=Prod_SoutheastAsia_000j;migrationStage=NotStarted}
{"logTime": "0711/131618", "correlationVector":"31QN0yYHxeXcsY/Lmmf9G0","action":"Normal GetUpdate request", "result":"", "context":cV=31QN0yYHxeXcsY/Lmmf9G0
Nudged types: Sessions, User Consents
Refresh requested types: Bookmarks, Preferences, Passwords, Autofill Profiles, Autofill, Autofill Custom Data, Typed URLs, Extensions, Sessions, Extension settings, History Delete Directives, Device Info, User Consents, Send Tab To Self, Web Apps, Collection, Edge E Drop, Encryption Keys}
{"logTime": "0711/131618", "correlationVector":"31QN0yYHxeXcsY/Lmmf9G0.1","action":"SyncServerConnectionManagerRequest", "result":"SYNC_SERVER_OK", "context":{"environment":"Prod_SoutheastAsia_000j", "migrationStage":"NotStarted", "server":"general01000013"}}
{"logTime": "0711/131618", "correlationVector":"31QN0yYHxeXcsY/Lmmf9G0.2","action":"GetUpdates", "result":"DeleteReceived", "context":{"id":"ed836684-0e47-46d8-a3eb-741a98d1f6d4", "isDeleted:":"true", "version":"1689081140775"}}
{"logTime": "0711/131618", "correlationVector":"31QN0yYHxeXcsY/Lmmf9G0.3","action":"GetUpdates Response", "result":"SYNCER_OK", "context":Received 5 update(s). cV=31QN0yYHxeXcsY/Lmmf9G0.0;server=general01000013;cloudType=Consumer;environment=Prod_SoutheastAsia_000j;migrationStage=NotStarted}
{"logTime": "0711/131618", "correlationVector":"LZjSBAT/6+a5kAmp2Ig1wD","action":"Commit Request", "result":"", "context":Item count: 6
Contributing types: Sessions, User Consents}
{"logTime": "0711/131618", "correlationVector":"LZjSBAT/6+a5kAmp2Ig1wD.1","action":"SyncServerConnectionManagerRequest", "result":"SYNC_SERVER_OK", "context":{"environment":"Prod_SoutheastAsia_000j", "migrationStage":"NotStarted", "server":"GENERAL01000001"}}
{"logTime": "0711/131618", "correlationVector":"LZjSBAT/6+a5kAmp2Ig1wD.2","action":"Commit Response", "result":"SYNCER_OK", "context":Result: SYNCER_OK. cV=LZjSBAT/6+a5kAmp2Ig1wD.0;server=GENERAL01000001;cloudType=Consumer;environment=Prod_SoutheastAsia_000j;migrationStage=NotStarted}
{"logTime": "0711/131648", "correlationVector":"AatM/bx8/A1pqFaDfwMbeq","action":"Commit Request", "result":"", "context":Item count: 5
Contributing types: Sessions}
{"logTime": "0711/131648", "correlationVector":"AatM/bx8/A1pqFaDfwMbeq.1","action":"SyncServerConnectionManagerRequest", "result":"SYNC_SERVER_OK", "context":{"environment":"Prod_SoutheastAsia_000j", "migrationStage":"NotStarted", "server":"GENERAL0100001E"}}
{"logTime": "0711/131648", "correlationVector":"AatM/bx8/A1pqFaDfwMbeq.2","action":"Commit Response", "result":"SYNCER_OK", "context":Result: SYNCER_OK. cV=AatM/bx8/A1pqFaDfwMbeq.0;server=GENERAL0100001E;cloudType=Consumer;environment=Prod_SoutheastAsia_000j;migrationStage=NotStarted}
{"logTime": "0711/131648", "correlationVector":"AatM/bx8/A1pqFaDfwMbeq.3","action":"Commit.Sessions", "result":"Success", "context":{"id":"34aa36ba-6676-4681-83b7-894e797786a3", "isDeleted":"true", "size":"0", "version":"1689081378079"}}
{"logTime": "0711/131707", "correlationVector":"/6HcVxipFdj+h0H+KC3II7","action":"Commit Request", "result":"", "context":Item count: 4
Contributing types: Autofill Profiles, Autofill, Sessions}
{"logTime": "0711/131708", "correlationVector":"/6HcVxipFdj+h0H+KC3II7.1","action":"SyncServerConnectionManagerRequest", "result":"SYNC_SERVER_OK", "context":{"environment":"Prod_SoutheastAsia_000j", "migrationStage":"NotStarted", "server":"GENERAL0100001L"}}
{"logTime": "0711/131708", "correlationVector":"/6HcVxipFdj+h0H+KC3II7.3","action":"Commit.Sessions", "result":"Success", "context":{"id":"e0bc6f11-10dd-468d-9663-abd9de1ed50f", "isDeleted":"true", "size":"0", "version":"1689081408494"}}
{"logTime": "0711/131708", "correlationVector":"/6HcVxipFdj+h0H+KC3II7.2","action":"Commit Response", "result":"SYNCER_OK", "context":Result: SYNCER_OK. cV=/6HcVxipFdj+h0H+KC3II7.0;server=GENERAL0100001L;cloudType=Consumer;environment=Prod_SoutheastAsia_000j;migrationStage=NotStarted}
{"logTime": "0711/131715", "correlationVector":"J8NXaAOkEuaXddvBlOCWRS","action":"Commit Request", "result":"", "context":Item count: 2
Contributing types: Passwords, Sessions}
{"logTime": "0711/131715", "correlationVector":"J8NXaAOkEuaXddvBlOCWRS.1","action":"SyncServerConnectionManagerRequest", "result":"SYNC_SERVER_OK", "context":{"environment":"Prod_SoutheastAsia_000j", "migrationStage":"NotStarted", "server":"GENERAL0100000Q"}}
{"logTime": "0711/131715", "correlationVector":"J8NXaAOkEuaXddvBlOCWRS.2","action":"Commit Response", "result":"SYNCER_OK", "context":Result: SYNCER_OK. cV=J8NXaAOkEuaXddvBlOCWRS.0;server=GENERAL0100000Q;cloudType=Consumer;environment=Prod_SoutheastAsia_000j;migrationStage=NotStarted}
{"logTime": "0711/131939", "correlationVector":"PG1Gxgc4+ofIq/yoGPKpfh","action":"Commit Request", "result":"", "context":Item count: 6
Contributing types: Autofill Profiles, Autofill, Typed URLs, Sessions}
{"logTime": "0711/131939", "correlationVector":"PG1Gxgc4+ofIq/yoGPKpfh.1","action":"SyncServerConnectionManagerRequest", "result":"SYNC_SERVER_OK", "context":{"environment":"Prod_SoutheastAsia_000j", "migrationStage":"NotStarted", "server":"GENERAL0100000D"}}
{"logTime": "0711/131939", "correlationVector":"PG1Gxgc4+ofIq/yoGPKpfh.2","action":"Commit Response", "result":"SYNCER_OK", "context":Result: SYNCER_OK. cV=PG1Gxgc4+ofIq/yoGPKpfh.0;server=GENERAL0100000D;cloudType=Consumer;environment=Prod_SoutheastAsia_000j;migrationStage=NotStarted}
{"logTime": "0711/131955", "correlationVector":"0VbDurDaemylHmlsA0B5oe","action":"Commit Request", "result":"", "context":Item count: 2
Contributing types: Passwords, Sessions}
{"logTime": "0711/131955", "correlationVector":"0VbDurDaemylHmlsA0B5oe.1","action":"SyncServerConnectionManagerRequest", "result":"SYNC_SERVER_OK", "context":{"environment":"Prod_SoutheastAsia_000j", "migrationStage":"NotStarted", "server":"GENERAL01000015"}}
{"logTime": "0711/131955", "correlationVector":"0VbDurDaemylHmlsA0B5oe.2","action":"Commit Response", "result":"SYNCER_OK", "context":Result: SYNCER_OK. cV=0VbDurDaemylHmlsA0B5oe.0;server=GENERAL01000015;cloudType=Consumer;environment=Prod_SoutheastAsia_000j;migrationStage=NotStarted}
{"logTime": "0711/132026", "correlationVector":"HXeFH89+oI6eWK7miEjaSg","action":"Commit Request", "result":"", "context":Item count: 6
Contributing types: Typed URLs, Sessions}
{"logTime": "0711/132026", "correlationVector":"HXeFH89+oI6eWK7miEjaSg.1","action":"SyncServerConnectionManagerRequest", "result":"SYNC_SERVER_OK", "context":{"environment":"Prod_SoutheastAsia_000j", "migrationStage":"NotStarted", "server":"GENERAL0100000L"}}
{"logTime": "0711/132026", "correlationVector":"HXeFH89+oI6eWK7miEjaSg.2","action":"Commit Response", "result":"SYNCER_OK", "context":Result: SYNCER_OK. cV=HXeFH89+oI6eWK7miEjaSg.0;server=GENERAL0100000L;cloudType=Consumer;environment=Prod_SoutheastAsia_000j;migrationStage=NotStarted}
{"logTime": "0711/132037", "correlationVector":"ZAPu/ToE0Q/tLhkhHuScps","action":"Commit Request", "result":"", "context":Item count: 2
Contributing types: Autofill Profiles, Autofill}
{"logTime": "0711/132038", "correlationVector":"ZAPu/ToE0Q/tLhkhHuScps.1","action":"SyncServerConnectionManagerRequest", "result":"SYNC_SERVER_OK", "context":{"environment":"Prod_SoutheastAsia_000j", "migrationStage":"NotStarted", "server":"general0100001A"}}
{"logTime": "0711/132038", "correlationVector":"ZAPu/ToE0Q/tLhkhHuScps.2","action":"Commit Response", "result":"SYNCER_OK", "context":Result: SYNCER_OK. cV=ZAPu/ToE0Q/tLhkhHuScps.0;server=general0100001A;cloudType=Consumer;environment=Prod_SoutheastAsia_000j;migrationStage=NotStarted}
{"logTime": "0711/132048", "correlationVector":"Fk3pKSyFWlSMWPyU4Nlc/i","action":"Commit Request", "result":"", "context":Item count: 1
Contributing types: Autofill}
{"logTime": "0711/132049", "correlationVector":"Fk3pKSyFWlSMWPyU4Nlc/i.1","action":"SyncServerConnectionManagerRequest", "result":"SYNC_SERVER_OK", "context":{"environment":"Prod_SoutheastAsia_000j", "migrationStage":"NotStarted", "server":"GENERAL0100000S"}}
{"logTime": "0711/132049", "correlationVector":"Fk3pKSyFWlSMWPyU4Nlc/i.2","action":"Commit Response", "result":"SYNCER_OK", "context":Result: SYNCER_OK. cV=Fk3pKSyFWlSMWPyU4Nlc/i.0;server=GENERAL0100000S;cloudType=Consumer;environment=Prod_SoutheastAsia_000j;migrationStage=NotStarted}
{"logTime": "0711/132144", "correlationVector":"BvdzDK2yWl2zHOSUA0E2IN","action":"Commit Request", "result":"", "context":Item count: 5
Contributing types: Sessions}
{"logTime": "0711/132144", "correlationVector":"BvdzDK2yWl2zHOSUA0E2IN.1","action":"SyncServerConnectionManagerRequest", "result":"SYNC_SERVER_OK", "context":{"environment":"Prod_SoutheastAsia_000j", "migrationStage":"NotStarted", "server":"GENERAL0100001J"}}
{"logTime": "0711/132144", "correlationVector":"BvdzDK2yWl2zHOSUA0E2IN.3","action":"Commit.Sessions", "result":"Success", "context":{"id":"8d5e491e-2617-4253-812d-586034c09b58", "isDeleted":"true", "size":"0", "version":"1689081626457"}}
{"logTime": "0711/132144", "correlationVector":"BvdzDK2yWl2zHOSUA0E2IN.4","action":"Commit.Sessions", "result":"Success", "context":{"id":"4ce2c6fd-3896-465a-8235-d81009d8db98", "isDeleted":"true", "size":"0", "version":"1689081626458"}}
{"logTime": "0711/132144", "correlationVector":"BvdzDK2yWl2zHOSUA0E2IN.2","action":"Commit Response", "result":"SYNCER_OK", "context":Result: SYNCER_OK. cV=BvdzDK2yWl2zHOSUA0E2IN.0;server=GENERAL0100001J;cloudType=Consumer;environment=Prod_SoutheastAsia_000j;migrationStage=NotStarted}
{"logTime": "0711/132144", "correlationVector":"BvdzDK2yWl2zHOSUA0E2IN.5","action":"Commit.Sessions", "result":"Success", "context":{"id":"6ceaa5ce-e248-4afa-b8a6-c192d44e04b1", "isDeleted":"true", "size":"0", "version":"1689081626459"}}
{"logTime": "0711/132218", "correlationVector":"pEDWyTkEfQ2Yr+kKZ/qrEs","action":"Commit Request", "result":"", "context":Item count: 2
Contributing types: Sessions}
{"logTime": "0711/132218", "correlationVector":"pEDWyTkEfQ2Yr+kKZ/qrEs.1","action":"SyncServerConnectionManagerRequest", "result":"SYNC_SERVER_OK", "context":{"environment":"Prod_SoutheastAsia_000j", "migrationStage":"NotStarted", "server":"GENERAL0100000P"}}
{"logTime": "0711/132218", "correlationVector":"pEDWyTkEfQ2Yr+kKZ/qrEs.2","action":"Commit Response", "result":"SYNCER_OK", "context":Result: SYNCER_OK. cV=pEDWyTkEfQ2Yr+kKZ/qrEs.0;server=GENERAL0100000P;cloudType=Consumer;environment=Prod_SoutheastAsia_000j;migrationStage=NotStarted}
{"logTime": "0711/132337", "correlationVector":"WUnBww5+ODO9sX3oLsHQXR","action":"Commit Request", "result":"", "context":Item count: 2
Contributing types: Sessions}
{"logTime": "0711/132337", "correlationVector":"WUnBww5+ODO9sX3oLsHQXR.1","action":"SyncServerConnectionManagerRequest", "result":"SYNC_SERVER_OK", "context":{"environment":"Prod_SoutheastAsia_000j", "migrationStage":"NotStarted", "server":"general0100001A"}}
{"logTime": "0711/132337", "correlationVector":"WUnBww5+ODO9sX3oLsHQXR.2","action":"Commit Response", "result":"SYNCER_OK", "context":Result: SYNCER_OK. cV=WUnBww5+ODO9sX3oLsHQXR.0;server=general0100001A;cloudType=Consumer;environment=Prod_SoutheastAsia_000j;migrationStage=NotStarted}
