2023-07-10 17:54:09.294 [info] update#setState idle
2023-07-10 17:54:13.832 [info] Extension host with pid 6870 exited with code: 0, signal: unknown.
2023-07-10 17:54:13.833 [error] [uncaught exception in main]: Error: write EPIPE
2023-07-10 17:54:13.833 [error] Error: write EPIPE
    at afterWriteDispatched (node:internal/stream_base_commons:160:15)
    at writeGeneric (node:internal/stream_base_commons:151:3)
    at Socket._writeGeneric (node:net:874:11)
    at Socket._write (node:net:886:8)
    at writeOrBuffer (node:internal/streams/writable:391:12)
    at _write (node:internal/streams/writable:332:10)
    at Writable.write (node:internal/streams/writable:336:10)
    at console.value (node:internal/console/constructor:299:16)
    at console.log (node:internal/console/constructor:376:26)
    at k.info (/usr/share/code/resources/app/out/vs/code/electron-main/main.js:42:2614)
    at u.info (/usr/share/code/resources/app/out/vs/code/electron-main/main.js:42:4434)
    at r.info (/usr/share/code/resources/app/out/vs/code/electron-main/main.js:42:46660)
    at o.value (/usr/share/code/resources/app/out/vs/code/electron-main/main.js:88:45492)
    at v.w (/usr/share/code/resources/app/out/vs/code/electron-main/main.js:18:1906)
    at v.x (/usr/share/code/resources/app/out/vs/code/electron-main/main.js:18:1976)
    at v.fire (/usr/share/code/resources/app/out/vs/code/electron-main/main.js:18:2192)
    at o.value (/usr/share/code/resources/app/out/vs/code/electron-main/main.js:88:42521)
    at v.w (/usr/share/code/resources/app/out/vs/code/electron-main/main.js:18:1906)
    at v.fire (/usr/share/code/resources/app/out/vs/code/electron-main/main.js:18:2123)
    at ForkUtilityProcess.se (/usr/share/code/resources/app/out/vs/code/electron-main/main.js:16:40982)
    at ForkUtilityProcess.emit (node:events:513:28)
    at ForkUtilityProcess.a.emit (node:electron/js2c/browser_init:2:68111)
